[0.449s] Invoking command in '/home/nyctzo/dibyanshu_ws/build/mecanum_control': CMAKE_PREFIX_PATH=${CMAKE_PREFIX_PATH}:/home/nyctzo/dibyanshu_ws/install/my_first_pkg:/home/nyctzo/dibyanshu_ws/install/mecanum_bringup:/home/nyctzo/ros2_ws/install/mecanum_teleop:/opt/ros/jazzy DEBUGINFOD_URLS=https://debuginfod.ubuntu.com /usr/bin/cmake --build /home/nyctzo/dibyanshu_ws/build/mecanum_control -- -j12 -l12
[1.044s] [100%] Built target mecanum_control_node
[1.047s] Invoked command in '/home/nyctzo/dibyanshu_ws/build/mecanum_control' returned '0': CMAKE_PREFIX_PATH=${CMAKE_PREFIX_PATH}:/home/nyctzo/dibyanshu_ws/install/my_first_pkg:/home/nyctzo/dibyanshu_ws/install/mecanum_bringup:/home/nyctzo/ros2_ws/install/mecanum_teleop:/opt/ros/jazzy DEBUGINFOD_URLS=https://debuginfod.ubuntu.com /usr/bin/cmake --build /home/nyctzo/dibyanshu_ws/build/mecanum_control -- -j12 -l12
[1.069s] Invoking command in '/home/nyctzo/dibyanshu_ws/build/mecanum_control': CMAKE_PREFIX_PATH=${CMAKE_PREFIX_PATH}:/home/nyctzo/dibyanshu_ws/install/my_first_pkg:/home/nyctzo/dibyanshu_ws/install/mecanum_bringup:/home/nyctzo/ros2_ws/install/mecanum_teleop:/opt/ros/jazzy DEBUGINFOD_URLS=https://debuginfod.ubuntu.com /usr/bin/cmake --install /home/nyctzo/dibyanshu_ws/build/mecanum_control
[1.084s] -- Install configuration: ""
[1.086s] -- Execute custom install script
[1.089s] -- Up-to-date symlink: /home/nyctzo/dibyanshu_ws/install/mecanum_control/lib/mecanum_control/mecanum_control_node
[1.090s] -- Up-to-date symlink: /home/nyctzo/dibyanshu_ws/install/mecanum_control/share/ament_index/resource_index/package_run_dependencies/mecanum_control
[1.092s] -- Up-to-date symlink: /home/nyctzo/dibyanshu_ws/install/mecanum_control/share/ament_index/resource_index/parent_prefix_path/mecanum_control
[1.093s] -- Up-to-date symlink: /home/nyctzo/dibyanshu_ws/install/mecanum_control/share/mecanum_control/environment/ament_prefix_path.sh
[1.093s] -- Up-to-date symlink: /home/nyctzo/dibyanshu_ws/install/mecanum_control/share/mecanum_control/environment/ament_prefix_path.dsv
[1.093s] -- Up-to-date symlink: /home/nyctzo/dibyanshu_ws/install/mecanum_control/share/mecanum_control/environment/path.sh
[1.094s] -- Up-to-date symlink: /home/nyctzo/dibyanshu_ws/install/mecanum_control/share/mecanum_control/environment/path.dsv
[1.094s] -- Up-to-date symlink: /home/nyctzo/dibyanshu_ws/install/mecanum_control/share/mecanum_control/local_setup.bash
[1.094s] -- Up-to-date symlink: /home/nyctzo/dibyanshu_ws/install/mecanum_control/share/mecanum_control/local_setup.sh
[1.094s] -- Up-to-date symlink: /home/nyctzo/dibyanshu_ws/install/mecanum_control/share/mecanum_control/local_setup.zsh
[1.095s] -- Up-to-date symlink: /home/nyctzo/dibyanshu_ws/install/mecanum_control/share/mecanum_control/local_setup.dsv
[1.095s] -- Symlinking: /home/nyctzo/dibyanshu_ws/install/mecanum_control/share/mecanum_control/package.dsv
[1.114s] -- Up-to-date symlink: /home/nyctzo/dibyanshu_ws/install/mecanum_control/share/ament_index/resource_index/packages/mecanum_control
[1.115s] -- Up-to-date symlink: /home/nyctzo/dibyanshu_ws/install/mecanum_control/share/mecanum_control/cmake/mecanum_controlConfig.cmake
[1.117s] -- Up-to-date symlink: /home/nyctzo/dibyanshu_ws/install/mecanum_control/share/mecanum_control/cmake/mecanum_controlConfig-version.cmake
[1.117s] -- Up-to-date symlink: /home/nyctzo/dibyanshu_ws/install/mecanum_control/share/mecanum_control/package.xml
[1.122s] Invoked command in '/home/nyctzo/dibyanshu_ws/build/mecanum_control' returned '0': CMAKE_PREFIX_PATH=${CMAKE_PREFIX_PATH}:/home/nyctzo/dibyanshu_ws/install/my_first_pkg:/home/nyctzo/dibyanshu_ws/install/mecanum_bringup:/home/nyctzo/ros2_ws/install/mecanum_teleop:/opt/ros/jazzy DEBUGINFOD_URLS=https://debuginfod.ubuntu.com /usr/bin/cmake --install /home/nyctzo/dibyanshu_ws/build/mecanum_control
