[0.197s] DEBUG:colcon:Command line arguments: ['/usr/bin/colcon', 'build', '--packages-select', 'mecanum_wheel']
[0.197s] DEBUG:colcon:Parsed command line arguments: Namespace(log_base=None, log_level=None, verb_name='build', build_base='build', install_base='install', merge_install=False, symlink_install=False, test_result_base=None, continue_on_error=False, executor='parallel', parallel_workers=12, event_handlers=None, ignore_user_meta=False, metas=['./colcon.meta'], base_paths=['.'], packages_ignore=None, packages_ignore_regex=None, paths=None, packages_up_to=None, packages_up_to_regex=None, packages_above=None, packages_above_and_dependencies=None, packages_above_depth=None, packages_select_by_dep=None, packages_skip_by_dep=None, packages_skip_up_to=None, packages_select_build_failed=False, packages_skip_build_finished=False, packages_select_test_failures=False, packages_skip_test_passed=False, packages_select=['mecanum_wheel'], packages_skip=None, packages_select_regex=None, packages_skip_regex=None, packages_start=None, packages_end=None, allow_overriding=[], cmake_args=None, cmake_target=None, cmake_target_skip_unavailable=False, cmake_clean_cache=False, cmake_clean_first=False, cmake_force_configure=False, ament_cmake_args=None, catkin_cmake_args=None, catkin_skip_building_tests=False, verb_parser=<colcon_defaults.argument_parser.defaults.DefaultArgumentsDecorator object at 0x7d7fe3092ff0>, verb_extension=<colcon_core.verb.build.BuildVerb object at 0x7d7fe3092f60>, main=<bound method BuildVerb.main of <colcon_core.verb.build.BuildVerb object at 0x7d7fe3092f60>>)
[0.274s] Level 1:colcon.colcon_core.package_discovery:discover_packages(colcon_meta) check parameters
[0.275s] Level 1:colcon.colcon_core.package_discovery:discover_packages(recursive) check parameters
[0.275s] Level 1:colcon.colcon_core.package_discovery:discover_packages(ignore) check parameters
[0.275s] Level 1:colcon.colcon_core.package_discovery:discover_packages(path) check parameters
[0.275s] Level 1:colcon.colcon_core.package_discovery:discover_packages(colcon_meta) discover
[0.275s] Level 1:colcon.colcon_core.package_discovery:discover_packages(recursive) discover
[0.275s] INFO:colcon.colcon_core.package_discovery:Crawling recursively for packages in '/home/nyctzo/dibyanshu_ws'
[0.275s] Level 1:colcon.colcon_core.package_identification:_identify(.) by extensions ['ignore', 'ignore_ament_install']
[0.275s] Level 1:colcon.colcon_core.package_identification:_identify(.) by extension 'ignore'
[0.276s] Level 1:colcon.colcon_core.package_identification:_identify(.) by extension 'ignore_ament_install'
[0.276s] Level 1:colcon.colcon_core.package_identification:_identify(.) by extensions ['colcon_pkg']
[0.276s] Level 1:colcon.colcon_core.package_identification:_identify(.) by extension 'colcon_pkg'
[0.276s] Level 1:colcon.colcon_core.package_identification:_identify(.) by extensions ['colcon_meta']
[0.276s] Level 1:colcon.colcon_core.package_identification:_identify(.) by extension 'colcon_meta'
[0.276s] Level 1:colcon.colcon_core.package_identification:_identify(.) by extensions ['ros']
[0.276s] Level 1:colcon.colcon_core.package_identification:_identify(.) by extension 'ros'
[0.325s] Level 1:colcon.colcon_core.package_identification:_identify(.) by extensions ['cmake', 'python']
[0.326s] Level 1:colcon.colcon_core.package_identification:_identify(.) by extension 'cmake'
[0.326s] Level 1:colcon.colcon_core.package_identification:_identify(.) by extension 'python'
[0.326s] Level 1:colcon.colcon_core.package_identification:_identify(.) by extensions ['python_setup_py']
[0.326s] Level 1:colcon.colcon_core.package_identification:_identify(.) by extension 'python_setup_py'
[0.326s] Level 1:colcon.colcon_core.package_identification:_identify(build) by extensions ['ignore', 'ignore_ament_install']
[0.326s] Level 1:colcon.colcon_core.package_identification:_identify(build) by extension 'ignore'
[0.326s] Level 1:colcon.colcon_core.package_identification:_identify(build) ignored
[0.326s] Level 1:colcon.colcon_core.package_identification:_identify(install) by extensions ['ignore', 'ignore_ament_install']
[0.327s] Level 1:colcon.colcon_core.package_identification:_identify(install) by extension 'ignore'
[0.327s] Level 1:colcon.colcon_core.package_identification:_identify(install) ignored
[0.327s] Level 1:colcon.colcon_core.package_identification:_identify(log) by extensions ['ignore', 'ignore_ament_install']
[0.327s] Level 1:colcon.colcon_core.package_identification:_identify(log) by extension 'ignore'
[0.327s] Level 1:colcon.colcon_core.package_identification:_identify(log) ignored
[0.327s] Level 1:colcon.colcon_core.package_identification:_identify(src) by extensions ['ignore', 'ignore_ament_install']
[0.327s] Level 1:colcon.colcon_core.package_identification:_identify(src) by extension 'ignore'
[0.327s] Level 1:colcon.colcon_core.package_identification:_identify(src) by extension 'ignore_ament_install'
[0.327s] Level 1:colcon.colcon_core.package_identification:_identify(src) by extensions ['colcon_pkg']
[0.328s] Level 1:colcon.colcon_core.package_identification:_identify(src) by extension 'colcon_pkg'
[0.328s] Level 1:colcon.colcon_core.package_identification:_identify(src) by extensions ['colcon_meta']
[0.328s] Level 1:colcon.colcon_core.package_identification:_identify(src) by extension 'colcon_meta'
[0.328s] Level 1:colcon.colcon_core.package_identification:_identify(src) by extensions ['ros']
[0.328s] Level 1:colcon.colcon_core.package_identification:_identify(src) by extension 'ros'
[0.328s] Level 1:colcon.colcon_core.package_identification:_identify(src) by extensions ['cmake', 'python']
[0.328s] Level 1:colcon.colcon_core.package_identification:_identify(src) by extension 'cmake'
[0.328s] Level 1:colcon.colcon_core.package_identification:_identify(src) by extension 'python'
[0.328s] Level 1:colcon.colcon_core.package_identification:_identify(src) by extensions ['python_setup_py']
[0.328s] Level 1:colcon.colcon_core.package_identification:_identify(src) by extension 'python_setup_py'
[0.328s] Level 1:colcon.colcon_core.package_identification:_identify(src/ros2_jazzy) by extensions ['ignore', 'ignore_ament_install']
[0.328s] Level 1:colcon.colcon_core.package_identification:_identify(src/ros2_jazzy) by extension 'ignore'
[0.328s] Level 1:colcon.colcon_core.package_identification:_identify(src/ros2_jazzy) by extension 'ignore_ament_install'
[0.328s] Level 1:colcon.colcon_core.package_identification:_identify(src/ros2_jazzy) by extensions ['colcon_pkg']
[0.329s] Level 1:colcon.colcon_core.package_identification:_identify(src/ros2_jazzy) by extension 'colcon_pkg'
[0.329s] Level 1:colcon.colcon_core.package_identification:_identify(src/ros2_jazzy) by extensions ['colcon_meta']
[0.329s] Level 1:colcon.colcon_core.package_identification:_identify(src/ros2_jazzy) by extension 'colcon_meta'
[0.329s] Level 1:colcon.colcon_core.package_identification:_identify(src/ros2_jazzy) by extensions ['ros']
[0.329s] Level 1:colcon.colcon_core.package_identification:_identify(src/ros2_jazzy) by extension 'ros'
[0.329s] Level 1:colcon.colcon_core.package_identification:_identify(src/ros2_jazzy) by extensions ['cmake', 'python']
[0.329s] Level 1:colcon.colcon_core.package_identification:_identify(src/ros2_jazzy) by extension 'cmake'
[0.329s] Level 1:colcon.colcon_core.package_identification:_identify(src/ros2_jazzy) by extension 'python'
[0.329s] Level 1:colcon.colcon_core.package_identification:_identify(src/ros2_jazzy) by extensions ['python_setup_py']
[0.329s] Level 1:colcon.colcon_core.package_identification:_identify(src/ros2_jazzy) by extension 'python_setup_py'
[0.329s] Level 1:colcon.colcon_core.package_identification:_identify(src/ros2_jazzy/lidar_ws) by extensions ['ignore', 'ignore_ament_install']
[0.329s] Level 1:colcon.colcon_core.package_identification:_identify(src/ros2_jazzy/lidar_ws) by extension 'ignore'
[0.329s] Level 1:colcon.colcon_core.package_identification:_identify(src/ros2_jazzy/lidar_ws) by extension 'ignore_ament_install'
[0.329s] Level 1:colcon.colcon_core.package_identification:_identify(src/ros2_jazzy/lidar_ws) by extensions ['colcon_pkg']
[0.329s] Level 1:colcon.colcon_core.package_identification:_identify(src/ros2_jazzy/lidar_ws) by extension 'colcon_pkg'
[0.330s] Level 1:colcon.colcon_core.package_identification:_identify(src/ros2_jazzy/lidar_ws) by extensions ['colcon_meta']
[0.330s] Level 1:colcon.colcon_core.package_identification:_identify(src/ros2_jazzy/lidar_ws) by extension 'colcon_meta'
[0.330s] Level 1:colcon.colcon_core.package_identification:_identify(src/ros2_jazzy/lidar_ws) by extensions ['ros']
[0.330s] Level 1:colcon.colcon_core.package_identification:_identify(src/ros2_jazzy/lidar_ws) by extension 'ros'
[0.330s] Level 1:colcon.colcon_core.package_identification:_identify(src/ros2_jazzy/lidar_ws) by extensions ['cmake', 'python']
[0.330s] Level 1:colcon.colcon_core.package_identification:_identify(src/ros2_jazzy/lidar_ws) by extension 'cmake'
[0.330s] Level 1:colcon.colcon_core.package_identification:_identify(src/ros2_jazzy/lidar_ws) by extension 'python'
[0.330s] Level 1:colcon.colcon_core.package_identification:_identify(src/ros2_jazzy/lidar_ws) by extensions ['python_setup_py']
[0.330s] Level 1:colcon.colcon_core.package_identification:_identify(src/ros2_jazzy/lidar_ws) by extension 'python_setup_py'
[0.330s] Level 1:colcon.colcon_core.package_identification:_identify(src/ros2_jazzy/lidar_ws/build) by extensions ['ignore', 'ignore_ament_install']
[0.330s] Level 1:colcon.colcon_core.package_identification:_identify(src/ros2_jazzy/lidar_ws/build) by extension 'ignore'
[0.330s] Level 1:colcon.colcon_core.package_identification:_identify(src/ros2_jazzy/lidar_ws/build) ignored
[0.330s] Level 1:colcon.colcon_core.package_identification:_identify(src/ros2_jazzy/lidar_ws/install) by extensions ['ignore', 'ignore_ament_install']
[0.330s] Level 1:colcon.colcon_core.package_identification:_identify(src/ros2_jazzy/lidar_ws/install) by extension 'ignore'
[0.331s] Level 1:colcon.colcon_core.package_identification:_identify(src/ros2_jazzy/lidar_ws/install) ignored
[0.331s] Level 1:colcon.colcon_core.package_identification:_identify(src/ros2_jazzy/lidar_ws/log) by extensions ['ignore', 'ignore_ament_install']
[0.331s] Level 1:colcon.colcon_core.package_identification:_identify(src/ros2_jazzy/lidar_ws/log) by extension 'ignore'
[0.331s] Level 1:colcon.colcon_core.package_identification:_identify(src/ros2_jazzy/lidar_ws/log) ignored
[0.331s] Level 1:colcon.colcon_core.package_identification:_identify(src/ros2_jazzy/src) by extensions ['ignore', 'ignore_ament_install']
[0.331s] Level 1:colcon.colcon_core.package_identification:_identify(src/ros2_jazzy/src) by extension 'ignore'
[0.331s] Level 1:colcon.colcon_core.package_identification:_identify(src/ros2_jazzy/src) by extension 'ignore_ament_install'
[0.331s] Level 1:colcon.colcon_core.package_identification:_identify(src/ros2_jazzy/src) by extensions ['colcon_pkg']
[0.331s] Level 1:colcon.colcon_core.package_identification:_identify(src/ros2_jazzy/src) by extension 'colcon_pkg'
[0.331s] Level 1:colcon.colcon_core.package_identification:_identify(src/ros2_jazzy/src) by extensions ['colcon_meta']
[0.331s] Level 1:colcon.colcon_core.package_identification:_identify(src/ros2_jazzy/src) by extension 'colcon_meta'
[0.331s] Level 1:colcon.colcon_core.package_identification:_identify(src/ros2_jazzy/src) by extensions ['ros']
[0.331s] Level 1:colcon.colcon_core.package_identification:_identify(src/ros2_jazzy/src) by extension 'ros'
[0.331s] Level 1:colcon.colcon_core.package_identification:_identify(src/ros2_jazzy/src) by extensions ['cmake', 'python']
[0.331s] Level 1:colcon.colcon_core.package_identification:_identify(src/ros2_jazzy/src) by extension 'cmake'
[0.332s] Level 1:colcon.colcon_core.package_identification:_identify(src/ros2_jazzy/src) by extension 'python'
[0.332s] Level 1:colcon.colcon_core.package_identification:_identify(src/ros2_jazzy/src) by extensions ['python_setup_py']
[0.332s] Level 1:colcon.colcon_core.package_identification:_identify(src/ros2_jazzy/src) by extension 'python_setup_py'
[0.332s] Level 1:colcon.colcon_core.package_identification:_identify(src/ros2_jazzy/src/mecanum_bringup) by extensions ['ignore', 'ignore_ament_install']
[0.332s] Level 1:colcon.colcon_core.package_identification:_identify(src/ros2_jazzy/src/mecanum_bringup) by extension 'ignore'
[0.332s] Level 1:colcon.colcon_core.package_identification:_identify(src/ros2_jazzy/src/mecanum_bringup) by extension 'ignore_ament_install'
[0.332s] Level 1:colcon.colcon_core.package_identification:_identify(src/ros2_jazzy/src/mecanum_bringup) by extensions ['colcon_pkg']
[0.332s] Level 1:colcon.colcon_core.package_identification:_identify(src/ros2_jazzy/src/mecanum_bringup) by extension 'colcon_pkg'
[0.332s] Level 1:colcon.colcon_core.package_identification:_identify(src/ros2_jazzy/src/mecanum_bringup) by extensions ['colcon_meta']
[0.332s] Level 1:colcon.colcon_core.package_identification:_identify(src/ros2_jazzy/src/mecanum_bringup) by extension 'colcon_meta'
[0.332s] Level 1:colcon.colcon_core.package_identification:_identify(src/ros2_jazzy/src/mecanum_bringup) by extensions ['ros']
[0.332s] Level 1:colcon.colcon_core.package_identification:_identify(src/ros2_jazzy/src/mecanum_bringup) by extension 'ros'
[0.338s] DEBUG:colcon.colcon_core.package_identification:Package 'src/ros2_jazzy/src/mecanum_bringup' with type 'ros.ament_python' and name 'mecanum_bringup'
[0.338s] Level 1:colcon.colcon_core.package_identification:_identify(src/ros2_jazzy/src/mecanum_control) by extensions ['ignore', 'ignore_ament_install']
[0.338s] Level 1:colcon.colcon_core.package_identification:_identify(src/ros2_jazzy/src/mecanum_control) by extension 'ignore'
[0.338s] Level 1:colcon.colcon_core.package_identification:_identify(src/ros2_jazzy/src/mecanum_control) by extension 'ignore_ament_install'
[0.338s] Level 1:colcon.colcon_core.package_identification:_identify(src/ros2_jazzy/src/mecanum_control) by extensions ['colcon_pkg']
[0.339s] Level 1:colcon.colcon_core.package_identification:_identify(src/ros2_jazzy/src/mecanum_control) by extension 'colcon_pkg'
[0.339s] Level 1:colcon.colcon_core.package_identification:_identify(src/ros2_jazzy/src/mecanum_control) by extensions ['colcon_meta']
[0.339s] Level 1:colcon.colcon_core.package_identification:_identify(src/ros2_jazzy/src/mecanum_control) by extension 'colcon_meta'
[0.339s] Level 1:colcon.colcon_core.package_identification:_identify(src/ros2_jazzy/src/mecanum_control) by extensions ['ros']
[0.339s] Level 1:colcon.colcon_core.package_identification:_identify(src/ros2_jazzy/src/mecanum_control) by extension 'ros'
[0.340s] DEBUG:colcon.colcon_core.package_identification:Package 'src/ros2_jazzy/src/mecanum_control' with type 'ros.ament_cmake' and name 'mecanum_control'
[0.340s] Level 1:colcon.colcon_core.package_identification:_identify(src/ros2_jazzy/src/mecanum_wheel) by extensions ['ignore', 'ignore_ament_install']
[0.340s] Level 1:colcon.colcon_core.package_identification:_identify(src/ros2_jazzy/src/mecanum_wheel) by extension 'ignore'
[0.340s] Level 1:colcon.colcon_core.package_identification:_identify(src/ros2_jazzy/src/mecanum_wheel) by extension 'ignore_ament_install'
[0.341s] Level 1:colcon.colcon_core.package_identification:_identify(src/ros2_jazzy/src/mecanum_wheel) by extensions ['colcon_pkg']
[0.341s] Level 1:colcon.colcon_core.package_identification:_identify(src/ros2_jazzy/src/mecanum_wheel) by extension 'colcon_pkg'
[0.341s] Level 1:colcon.colcon_core.package_identification:_identify(src/ros2_jazzy/src/mecanum_wheel) by extensions ['colcon_meta']
[0.341s] Level 1:colcon.colcon_core.package_identification:_identify(src/ros2_jazzy/src/mecanum_wheel) by extension 'colcon_meta'
[0.341s] Level 1:colcon.colcon_core.package_identification:_identify(src/ros2_jazzy/src/mecanum_wheel) by extensions ['ros']
[0.341s] Level 1:colcon.colcon_core.package_identification:_identify(src/ros2_jazzy/src/mecanum_wheel) by extension 'ros'
[0.342s] DEBUG:colcon.colcon_core.package_identification:Package 'src/ros2_jazzy/src/mecanum_wheel' with type 'ros.ament_cmake' and name 'mecanum_wheel'
[0.342s] Level 1:colcon.colcon_core.package_identification:_identify(src/ros2_jazzy/src/my_first_pkg) by extensions ['ignore', 'ignore_ament_install']
[0.342s] Level 1:colcon.colcon_core.package_identification:_identify(src/ros2_jazzy/src/my_first_pkg) by extension 'ignore'
[0.342s] Level 1:colcon.colcon_core.package_identification:_identify(src/ros2_jazzy/src/my_first_pkg) by extension 'ignore_ament_install'
[0.342s] Level 1:colcon.colcon_core.package_identification:_identify(src/ros2_jazzy/src/my_first_pkg) by extensions ['colcon_pkg']
[0.342s] Level 1:colcon.colcon_core.package_identification:_identify(src/ros2_jazzy/src/my_first_pkg) by extension 'colcon_pkg'
[0.342s] Level 1:colcon.colcon_core.package_identification:_identify(src/ros2_jazzy/src/my_first_pkg) by extensions ['colcon_meta']
[0.342s] Level 1:colcon.colcon_core.package_identification:_identify(src/ros2_jazzy/src/my_first_pkg) by extension 'colcon_meta'
[0.342s] Level 1:colcon.colcon_core.package_identification:_identify(src/ros2_jazzy/src/my_first_pkg) by extensions ['ros']
[0.342s] Level 1:colcon.colcon_core.package_identification:_identify(src/ros2_jazzy/src/my_first_pkg) by extension 'ros'
[0.343s] DEBUG:colcon.colcon_core.package_identification:Package 'src/ros2_jazzy/src/my_first_pkg' with type 'ros.ament_python' and name 'my_first_pkg'
[0.344s] Level 1:colcon.colcon_core.package_identification:_identify(src/ros2_jazzy/src/my_robot_description) by extensions ['ignore', 'ignore_ament_install']
[0.344s] Level 1:colcon.colcon_core.package_identification:_identify(src/ros2_jazzy/src/my_robot_description) by extension 'ignore'
[0.344s] Level 1:colcon.colcon_core.package_identification:_identify(src/ros2_jazzy/src/my_robot_description) by extension 'ignore_ament_install'
[0.344s] Level 1:colcon.colcon_core.package_identification:_identify(src/ros2_jazzy/src/my_robot_description) by extensions ['colcon_pkg']
[0.344s] Level 1:colcon.colcon_core.package_identification:_identify(src/ros2_jazzy/src/my_robot_description) by extension 'colcon_pkg'
[0.344s] Level 1:colcon.colcon_core.package_identification:_identify(src/ros2_jazzy/src/my_robot_description) by extensions ['colcon_meta']
[0.344s] Level 1:colcon.colcon_core.package_identification:_identify(src/ros2_jazzy/src/my_robot_description) by extension 'colcon_meta'
[0.344s] Level 1:colcon.colcon_core.package_identification:_identify(src/ros2_jazzy/src/my_robot_description) by extensions ['ros']
[0.344s] Level 1:colcon.colcon_core.package_identification:_identify(src/ros2_jazzy/src/my_robot_description) by extension 'ros'
[0.345s] DEBUG:colcon.colcon_core.package_identification:Package 'src/ros2_jazzy/src/my_robot_description' with type 'ros.ament_cmake' and name 'my_robot_description'
[0.345s] Level 1:colcon.colcon_core.package_discovery:discover_packages(recursive) using defaults
[0.345s] Level 1:colcon.colcon_core.package_discovery:discover_packages(ignore) discover
[0.345s] Level 1:colcon.colcon_core.package_discovery:discover_packages(ignore) using defaults
[0.345s] Level 1:colcon.colcon_core.package_discovery:discover_packages(path) discover
[0.345s] Level 1:colcon.colcon_core.package_discovery:discover_packages(path) using defaults
[0.380s] INFO:colcon.colcon_core.package_selection:Skipping not selected package 'mecanum_bringup' in 'src/ros2_jazzy/src/mecanum_bringup'
[0.380s] INFO:colcon.colcon_core.package_selection:Skipping not selected package 'mecanum_control' in 'src/ros2_jazzy/src/mecanum_control'
[0.380s] INFO:colcon.colcon_core.package_selection:Skipping not selected package 'my_first_pkg' in 'src/ros2_jazzy/src/my_first_pkg'
[0.380s] INFO:colcon.colcon_core.package_selection:Skipping not selected package 'my_robot_description' in 'src/ros2_jazzy/src/my_robot_description'
[0.381s] Level 1:colcon.colcon_core.package_discovery:discover_packages(prefix_path) check parameters
[0.381s] Level 1:colcon.colcon_core.package_discovery:discover_packages(prefix_path) discover
[0.384s] DEBUG:colcon.colcon_installed_package_information.package_discovery:Found 6 installed packages in /home/nyctzo/ros2_ws/install
[0.388s] DEBUG:colcon.colcon_installed_package_information.package_discovery:Found 498 installed packages in /opt/ros/jazzy
[0.391s] Level 1:colcon.colcon_core.package_discovery:discover_packages(prefix_path) using defaults
[0.520s] Level 5:colcon.colcon_core.verb:set package 'mecanum_wheel' build argument 'cmake_args' from command line to 'None'
[0.520s] Level 5:colcon.colcon_core.verb:set package 'mecanum_wheel' build argument 'cmake_target' from command line to 'None'
[0.520s] Level 5:colcon.colcon_core.verb:set package 'mecanum_wheel' build argument 'cmake_target_skip_unavailable' from command line to 'False'
[0.520s] Level 5:colcon.colcon_core.verb:set package 'mecanum_wheel' build argument 'cmake_clean_cache' from command line to 'False'
[0.520s] Level 5:colcon.colcon_core.verb:set package 'mecanum_wheel' build argument 'cmake_clean_first' from command line to 'False'
[0.520s] Level 5:colcon.colcon_core.verb:set package 'mecanum_wheel' build argument 'cmake_force_configure' from command line to 'False'
[0.520s] Level 5:colcon.colcon_core.verb:set package 'mecanum_wheel' build argument 'ament_cmake_args' from command line to 'None'
[0.520s] Level 5:colcon.colcon_core.verb:set package 'mecanum_wheel' build argument 'catkin_cmake_args' from command line to 'None'
[0.520s] Level 5:colcon.colcon_core.verb:set package 'mecanum_wheel' build argument 'catkin_skip_building_tests' from command line to 'False'
[0.521s] DEBUG:colcon.colcon_core.verb:Building package 'mecanum_wheel' with the following arguments: {'ament_cmake_args': None, 'build_base': '/home/nyctzo/dibyanshu_ws/build/mecanum_wheel', 'catkin_cmake_args': None, 'catkin_skip_building_tests': False, 'cmake_args': None, 'cmake_clean_cache': False, 'cmake_clean_first': False, 'cmake_force_configure': False, 'cmake_target': None, 'cmake_target_skip_unavailable': False, 'install_base': '/home/nyctzo/dibyanshu_ws/install/mecanum_wheel', 'merge_install': False, 'path': '/home/nyctzo/dibyanshu_ws/src/ros2_jazzy/src/mecanum_wheel', 'symlink_install': False, 'test_result_base': None}
[0.521s] INFO:colcon.colcon_core.executor:Executing jobs using 'parallel' executor
[0.522s] DEBUG:colcon.colcon_parallel_executor.executor.parallel:run_until_complete
[0.523s] INFO:colcon.colcon_ros.task.ament_cmake.build:Building ROS package in '/home/nyctzo/dibyanshu_ws/src/ros2_jazzy/src/mecanum_wheel' with build type 'ament_cmake'
[0.523s] INFO:colcon.colcon_cmake.task.cmake.build:Building CMake package in '/home/nyctzo/dibyanshu_ws/src/ros2_jazzy/src/mecanum_wheel'
[0.527s] INFO:colcon.colcon_core.plugin_system:Skipping extension 'colcon_core.shell.bat': Not used on non-Windows systems
[0.527s] INFO:colcon.colcon_core.shell:Skip shell extension 'powershell' for command environment: Not usable outside of PowerShell
[0.528s] DEBUG:colcon.colcon_core.shell:Skip shell extension 'dsv' for command environment
[0.547s] DEBUG:colcon.colcon_core.event_handler.log_command:Invoking command in '/home/nyctzo/dibyanshu_ws/build/mecanum_wheel': CMAKE_PREFIX_PATH=${CMAKE_PREFIX_PATH}:/home/nyctzo/ros2_ws/install/mecanum_teleop:/opt/ros/jazzy DEBUGINFOD_URLS=https://debuginfod.ubuntu.com /usr/bin/cmake /home/nyctzo/dibyanshu_ws/src/ros2_jazzy/src/mecanum_wheel -DCMAKE_INSTALL_PREFIX=/home/nyctzo/dibyanshu_ws/install/mecanum_wheel
[1.299s] DEBUG:colcon.colcon_core.event_handler.log_command:Invoked command in '/home/nyctzo/dibyanshu_ws/build/mecanum_wheel' returned '0': CMAKE_PREFIX_PATH=${CMAKE_PREFIX_PATH}:/home/nyctzo/ros2_ws/install/mecanum_teleop:/opt/ros/jazzy DEBUGINFOD_URLS=https://debuginfod.ubuntu.com /usr/bin/cmake /home/nyctzo/dibyanshu_ws/src/ros2_jazzy/src/mecanum_wheel -DCMAKE_INSTALL_PREFIX=/home/nyctzo/dibyanshu_ws/install/mecanum_wheel
[1.302s] DEBUG:colcon.colcon_core.event_handler.log_command:Invoking command in '/home/nyctzo/dibyanshu_ws/build/mecanum_wheel': CMAKE_PREFIX_PATH=${CMAKE_PREFIX_PATH}:/home/nyctzo/ros2_ws/install/mecanum_teleop:/opt/ros/jazzy DEBUGINFOD_URLS=https://debuginfod.ubuntu.com /usr/bin/cmake --build /home/nyctzo/dibyanshu_ws/build/mecanum_wheel -- -j12 -l12
[1.390s] DEBUG:colcon.colcon_core.event_handler.log_command:Invoked command in '/home/nyctzo/dibyanshu_ws/build/mecanum_wheel' returned '0': CMAKE_PREFIX_PATH=${CMAKE_PREFIX_PATH}:/home/nyctzo/ros2_ws/install/mecanum_teleop:/opt/ros/jazzy DEBUGINFOD_URLS=https://debuginfod.ubuntu.com /usr/bin/cmake --build /home/nyctzo/dibyanshu_ws/build/mecanum_wheel -- -j12 -l12
[1.414s] DEBUG:colcon.colcon_core.event_handler.log_command:Invoking command in '/home/nyctzo/dibyanshu_ws/build/mecanum_wheel': CMAKE_PREFIX_PATH=${CMAKE_PREFIX_PATH}:/home/nyctzo/ros2_ws/install/mecanum_teleop:/opt/ros/jazzy DEBUGINFOD_URLS=https://debuginfod.ubuntu.com /usr/bin/cmake --install /home/nyctzo/dibyanshu_ws/build/mecanum_wheel
[1.470s] Level 1:colcon.colcon_core.environment:create_environment_scripts_only(mecanum_wheel)
[1.472s] DEBUG:colcon.colcon_core.event_handler.log_command:Invoked command in '/home/nyctzo/dibyanshu_ws/build/mecanum_wheel' returned '0': CMAKE_PREFIX_PATH=${CMAKE_PREFIX_PATH}:/home/nyctzo/ros2_ws/install/mecanum_teleop:/opt/ros/jazzy DEBUGINFOD_URLS=https://debuginfod.ubuntu.com /usr/bin/cmake --install /home/nyctzo/dibyanshu_ws/build/mecanum_wheel
[1.476s] Level 1:colcon.colcon_core.environment:checking '/home/nyctzo/dibyanshu_ws/install/mecanum_wheel' for CMake module files
[1.477s] Level 1:colcon.colcon_core.environment:checking '/home/nyctzo/dibyanshu_ws/install/mecanum_wheel' for CMake config files
[1.478s] Level 1:colcon.colcon_core.shell:create_environment_hook('mecanum_wheel', 'cmake_prefix_path')
[1.478s] INFO:colcon.colcon_core.shell:Creating environment hook '/home/nyctzo/dibyanshu_ws/install/mecanum_wheel/share/mecanum_wheel/hook/cmake_prefix_path.ps1'
[1.480s] INFO:colcon.colcon_core.shell:Creating environment descriptor '/home/nyctzo/dibyanshu_ws/install/mecanum_wheel/share/mecanum_wheel/hook/cmake_prefix_path.dsv'
[1.481s] INFO:colcon.colcon_core.shell:Creating environment hook '/home/nyctzo/dibyanshu_ws/install/mecanum_wheel/share/mecanum_wheel/hook/cmake_prefix_path.sh'
[1.483s] Level 1:colcon.colcon_core.environment:checking '/home/nyctzo/dibyanshu_ws/install/mecanum_wheel/bin'
[1.483s] Level 1:colcon.colcon_core.environment:checking '/home/nyctzo/dibyanshu_ws/install/mecanum_wheel/lib/pkgconfig/mecanum_wheel.pc'
[1.484s] Level 1:colcon.colcon_core.environment:checking '/home/nyctzo/dibyanshu_ws/install/mecanum_wheel/lib/python3.12/site-packages'
[1.484s] Level 1:colcon.colcon_core.environment:checking '/home/nyctzo/dibyanshu_ws/install/mecanum_wheel/bin'
[1.485s] INFO:colcon.colcon_core.shell:Creating package script '/home/nyctzo/dibyanshu_ws/install/mecanum_wheel/share/mecanum_wheel/package.ps1'
[1.488s] INFO:colcon.colcon_core.shell:Creating package descriptor '/home/nyctzo/dibyanshu_ws/install/mecanum_wheel/share/mecanum_wheel/package.dsv'
[1.489s] INFO:colcon.colcon_core.shell:Creating package script '/home/nyctzo/dibyanshu_ws/install/mecanum_wheel/share/mecanum_wheel/package.sh'
[1.490s] INFO:colcon.colcon_core.shell:Creating package script '/home/nyctzo/dibyanshu_ws/install/mecanum_wheel/share/mecanum_wheel/package.bash'
[1.491s] INFO:colcon.colcon_core.shell:Creating package script '/home/nyctzo/dibyanshu_ws/install/mecanum_wheel/share/mecanum_wheel/package.zsh'
[1.492s] Level 1:colcon.colcon_core.environment:create_file_with_runtime_dependencies(/home/nyctzo/dibyanshu_ws/install/mecanum_wheel/share/colcon-core/packages/mecanum_wheel)
[1.494s] Level 1:colcon.colcon_core.environment:create_environment_scripts_only(mecanum_wheel)
[1.494s] Level 1:colcon.colcon_core.environment:checking '/home/nyctzo/dibyanshu_ws/install/mecanum_wheel' for CMake module files
[1.496s] Level 1:colcon.colcon_core.environment:checking '/home/nyctzo/dibyanshu_ws/install/mecanum_wheel' for CMake config files
[1.496s] Level 1:colcon.colcon_core.shell:create_environment_hook('mecanum_wheel', 'cmake_prefix_path')
[1.497s] INFO:colcon.colcon_core.shell:Creating environment hook '/home/nyctzo/dibyanshu_ws/install/mecanum_wheel/share/mecanum_wheel/hook/cmake_prefix_path.ps1'
[1.498s] INFO:colcon.colcon_core.shell:Creating environment descriptor '/home/nyctzo/dibyanshu_ws/install/mecanum_wheel/share/mecanum_wheel/hook/cmake_prefix_path.dsv'
[1.499s] INFO:colcon.colcon_core.shell:Creating environment hook '/home/nyctzo/dibyanshu_ws/install/mecanum_wheel/share/mecanum_wheel/hook/cmake_prefix_path.sh'
[1.500s] Level 1:colcon.colcon_core.environment:checking '/home/nyctzo/dibyanshu_ws/install/mecanum_wheel/bin'
[1.500s] Level 1:colcon.colcon_core.environment:checking '/home/nyctzo/dibyanshu_ws/install/mecanum_wheel/lib/pkgconfig/mecanum_wheel.pc'
[1.501s] Level 1:colcon.colcon_core.environment:checking '/home/nyctzo/dibyanshu_ws/install/mecanum_wheel/lib/python3.12/site-packages'
[1.501s] Level 1:colcon.colcon_core.environment:checking '/home/nyctzo/dibyanshu_ws/install/mecanum_wheel/bin'
[1.502s] INFO:colcon.colcon_core.shell:Creating package script '/home/nyctzo/dibyanshu_ws/install/mecanum_wheel/share/mecanum_wheel/package.ps1'
[1.503s] INFO:colcon.colcon_core.shell:Creating package descriptor '/home/nyctzo/dibyanshu_ws/install/mecanum_wheel/share/mecanum_wheel/package.dsv'
[1.504s] INFO:colcon.colcon_core.shell:Creating package script '/home/nyctzo/dibyanshu_ws/install/mecanum_wheel/share/mecanum_wheel/package.sh'
[1.505s] INFO:colcon.colcon_core.shell:Creating package script '/home/nyctzo/dibyanshu_ws/install/mecanum_wheel/share/mecanum_wheel/package.bash'
[1.507s] INFO:colcon.colcon_core.shell:Creating package script '/home/nyctzo/dibyanshu_ws/install/mecanum_wheel/share/mecanum_wheel/package.zsh'
[1.509s] Level 1:colcon.colcon_core.environment:create_file_with_runtime_dependencies(/home/nyctzo/dibyanshu_ws/install/mecanum_wheel/share/colcon-core/packages/mecanum_wheel)
[1.510s] DEBUG:colcon.colcon_parallel_executor.executor.parallel:closing loop
[1.510s] DEBUG:colcon.colcon_parallel_executor.executor.parallel:loop closed
[1.510s] DEBUG:colcon.colcon_parallel_executor.executor.parallel:run_until_complete finished with '0'
[1.511s] DEBUG:colcon.colcon_core.event_reactor:joining thread
[1.552s] INFO:colcon.colcon_core.plugin_system:Skipping extension 'colcon_notification.desktop_notification.terminal_notifier': Not used on non-Darwin systems
[1.552s] INFO:colcon.colcon_core.plugin_system:Skipping extension 'colcon_notification.desktop_notification.win32': Not used on non-Windows systems
[1.552s] INFO:colcon.colcon_notification.desktop_notification:Sending desktop notification using 'notify2'
[1.584s] DEBUG:colcon.colcon_core.event_reactor:joined thread
[1.585s] INFO:colcon.colcon_core.shell:Creating prefix script '/home/nyctzo/dibyanshu_ws/install/local_setup.ps1'
[1.587s] INFO:colcon.colcon_core.shell:Creating prefix util module '/home/nyctzo/dibyanshu_ws/install/_local_setup_util_ps1.py'
[1.590s] INFO:colcon.colcon_core.shell:Creating prefix chain script '/home/nyctzo/dibyanshu_ws/install/setup.ps1'
[1.593s] INFO:colcon.colcon_core.shell:Creating prefix script '/home/nyctzo/dibyanshu_ws/install/local_setup.sh'
[1.594s] INFO:colcon.colcon_core.shell:Creating prefix util module '/home/nyctzo/dibyanshu_ws/install/_local_setup_util_sh.py'
[1.597s] INFO:colcon.colcon_core.shell:Creating prefix chain script '/home/nyctzo/dibyanshu_ws/install/setup.sh'
[1.600s] INFO:colcon.colcon_core.shell:Creating prefix script '/home/nyctzo/dibyanshu_ws/install/local_setup.bash'
[1.601s] INFO:colcon.colcon_core.shell:Creating prefix chain script '/home/nyctzo/dibyanshu_ws/install/setup.bash'
[1.603s] INFO:colcon.colcon_core.shell:Creating prefix script '/home/nyctzo/dibyanshu_ws/install/local_setup.zsh'
[1.604s] INFO:colcon.colcon_core.shell:Creating prefix chain script '/home/nyctzo/dibyanshu_ws/install/setup.zsh'
