[0.749s] Invoking command in '/home/nyctzo/dibyanshu_ws/build/my_first_pkg': DEBUGINFOD_URLS=https://debuginfod.ubuntu.com PYTHONPATH=/home/nyctzo/dibyanshu_ws/build/my_first_pkg/prefix_override:/usr/lib/python3/dist-packages/colcon_core/task/python/colcon_distutils_commands:/home/nyctzo/dibyanshu_ws/install/my_first_pkg/lib/python3.12/site-packages:${PYTHONPATH} /usr/bin/python3 -W ignore:setup.py install is deprecated -W ignore:easy_install command is deprecated setup.py develop --uninstall --editable --build-directory /home/nyctzo/dibyanshu_ws/build/my_first_pkg/build
[0.970s] running develop
[1.106s] Removing /home/nyctzo/dibyanshu_ws/install/my_first_pkg/lib/python3.12/site-packages/my-first-pkg.egg-link (link to .)
[1.135s] Invoked command in '/home/nyctzo/dibyanshu_ws/build/my_first_pkg' returned '0': DEBUGINFOD_URLS=https://debuginfod.ubuntu.com PYTHONPATH=/home/nyctzo/dibyanshu_ws/build/my_first_pkg/prefix_override:/usr/lib/python3/dist-packages/colcon_core/task/python/colcon_distutils_commands:/home/nyctzo/dibyanshu_ws/install/my_first_pkg/lib/python3.12/site-packages:${PYTHONPATH} /usr/bin/python3 -W ignore:setup.py install is deprecated -W ignore:easy_install command is deprecated setup.py develop --uninstall --editable --build-directory /home/nyctzo/dibyanshu_ws/build/my_first_pkg/build
[1.136s] Invoking command in '/home/nyctzo/dibyanshu_ws/src/ros2_jazzy/src/my_first_pkg': DEBUGINFOD_URLS=https://debuginfod.ubuntu.com PYTHONPATH=/home/nyctzo/dibyanshu_ws/build/my_first_pkg/prefix_override:/usr/lib/python3/dist-packages/colcon_core/task/python/colcon_distutils_commands:/home/nyctzo/dibyanshu_ws/install/my_first_pkg/lib/python3.12/site-packages:${PYTHONPATH} /usr/bin/python3 -W ignore:setup.py install is deprecated -W ignore:easy_install command is deprecated setup.py egg_info --egg-base ../../../../build/my_first_pkg build --build-base /home/nyctzo/dibyanshu_ws/build/my_first_pkg/build install --record /home/nyctzo/dibyanshu_ws/build/my_first_pkg/install.log --install-scripts $base/lib/my_first_pkg --single-version-externally-managed install_data --force
[1.312s] running egg_info
[1.323s] writing ../../../../build/my_first_pkg/my_first_pkg.egg-info/PKG-INFO
[1.323s] writing dependency_links to ../../../../build/my_first_pkg/my_first_pkg.egg-info/dependency_links.txt
[1.323s] writing requirements to ../../../../build/my_first_pkg/my_first_pkg.egg-info/requires.txt
[1.323s] writing top-level names to ../../../../build/my_first_pkg/my_first_pkg.egg-info/top_level.txt
[1.345s] reading manifest file '../../../../build/my_first_pkg/my_first_pkg.egg-info/SOURCES.txt'
[1.347s] writing manifest file '../../../../build/my_first_pkg/my_first_pkg.egg-info/SOURCES.txt'
[1.347s] running build
[1.347s] running build_py
[1.347s] creating /home/nyctzo/dibyanshu_ws/build/my_first_pkg/build
[1.347s] creating /home/nyctzo/dibyanshu_ws/build/my_first_pkg/build/lib
[1.347s] creating /home/nyctzo/dibyanshu_ws/build/my_first_pkg/build/lib/my_first_pkg
[1.347s] copying my_first_pkg/__init__.py -> /home/nyctzo/dibyanshu_ws/build/my_first_pkg/build/lib/my_first_pkg
[1.347s] running install
[1.351s] running install_lib
[1.362s] creating /home/nyctzo/dibyanshu_ws/install/my_first_pkg/lib/python3.12/site-packages/my_first_pkg
[1.363s] copying /home/nyctzo/dibyanshu_ws/build/my_first_pkg/build/lib/my_first_pkg/__init__.py -> /home/nyctzo/dibyanshu_ws/install/my_first_pkg/lib/python3.12/site-packages/my_first_pkg
[1.363s] byte-compiling /home/nyctzo/dibyanshu_ws/install/my_first_pkg/lib/python3.12/site-packages/my_first_pkg/__init__.py to __init__.cpython-312.pyc
[1.363s] running install_data
[1.363s] copying resource/my_first_pkg -> /home/nyctzo/dibyanshu_ws/install/my_first_pkg/share/ament_index/resource_index/packages
[1.364s] copying package.xml -> /home/nyctzo/dibyanshu_ws/install/my_first_pkg/share/my_first_pkg
[1.364s] running install_egg_info
[1.376s] Copying ../../../../build/my_first_pkg/my_first_pkg.egg-info to /home/nyctzo/dibyanshu_ws/install/my_first_pkg/lib/python3.12/site-packages/my_first_pkg-0.0.0-py3.12.egg-info
[1.377s] running install_scripts
[1.451s] writing list of installed files to '/home/nyctzo/dibyanshu_ws/build/my_first_pkg/install.log'
[1.469s] Invoked command in '/home/nyctzo/dibyanshu_ws/src/ros2_jazzy/src/my_first_pkg' returned '0': DEBUGINFOD_URLS=https://debuginfod.ubuntu.com PYTHONPATH=/home/nyctzo/dibyanshu_ws/build/my_first_pkg/prefix_override:/usr/lib/python3/dist-packages/colcon_core/task/python/colcon_distutils_commands:/home/nyctzo/dibyanshu_ws/install/my_first_pkg/lib/python3.12/site-packages:${PYTHONPATH} /usr/bin/python3 -W ignore:setup.py install is deprecated -W ignore:easy_install command is deprecated setup.py egg_info --egg-base ../../../../build/my_first_pkg build --build-base /home/nyctzo/dibyanshu_ws/build/my_first_pkg/build install --record /home/nyctzo/dibyanshu_ws/build/my_first_pkg/install.log --install-scripts $base/lib/my_first_pkg --single-version-externally-managed install_data --force
