[0.449s] Invoking command in '/home/nyctzo/dibyanshu_ws/build/mecanum_wheel': CMAKE_PREFIX_PATH=${CMAKE_PREFIX_PATH}:/home/nyctzo/dibyanshu_ws/install/my_first_pkg:/home/nyctzo/dibyanshu_ws/install/mecanum_bringup:/home/nyctzo/ros2_ws/install/mecanum_teleop:/opt/ros/jazzy DEBUGINFOD_URLS=https://debuginfod.ubuntu.com /usr/bin/cmake --build /home/nyctzo/dibyanshu_ws/build/mecanum_wheel -- -j12 -l12
[1.063s] Invoked command in '/home/nyctzo/dibyanshu_ws/build/mecanum_wheel' returned '0': CMAKE_PREFIX_PATH=${CMAKE_PREFIX_PATH}:/home/nyctzo/dibyanshu_ws/install/my_first_pkg:/home/nyctzo/dibyanshu_ws/install/mecanum_bringup:/home/nyctzo/ros2_ws/install/mecanum_teleop:/opt/ros/jazzy DEBUGINFOD_URLS=https://debuginfod.ubuntu.com /usr/bin/cmake --build /home/nyctzo/dibyanshu_ws/build/mecanum_wheel -- -j12 -l12
[1.067s] Invoking command in '/home/nyctzo/dibyanshu_ws/build/mecanum_wheel': CMAKE_PREFIX_PATH=${CMAKE_PREFIX_PATH}:/home/nyctzo/dibyanshu_ws/install/my_first_pkg:/home/nyctzo/dibyanshu_ws/install/mecanum_bringup:/home/nyctzo/ros2_ws/install/mecanum_teleop:/opt/ros/jazzy DEBUGINFOD_URLS=https://debuginfod.ubuntu.com /usr/bin/cmake --install /home/nyctzo/dibyanshu_ws/build/mecanum_wheel
[1.089s] -- Install configuration: ""
[1.091s] -- Execute custom install script
[1.094s] -- Up-to-date symlink: /home/nyctzo/dibyanshu_ws/install/mecanum_wheel/share/mecanum_wheel/config/nav2_params.yaml
[1.095s] -- Up-to-date symlink: /home/nyctzo/dibyanshu_ws/install/mecanum_wheel/share/mecanum_wheel/config/slam_toolbox_params.yaml
[1.097s] -- Up-to-date symlink: /home/nyctzo/dibyanshu_ws/install/mecanum_wheel/share/mecanum_wheel/launch/display.launch.py
[1.097s] -- Up-to-date symlink: /home/nyctzo/dibyanshu_ws/install/mecanum_wheel/share/mecanum_wheel/launch/gazebo_robot.launch.py
[1.099s] -- Up-to-date symlink: /home/nyctzo/dibyanshu_ws/install/mecanum_wheel/share/mecanum_wheel/launch/nav2.launch.py
[1.100s] -- Up-to-date symlink: /home/nyctzo/dibyanshu_ws/install/mecanum_wheel/share/mecanum_wheel/launch/slam.launch.py
[1.100s] -- Up-to-date symlink: /home/nyctzo/dibyanshu_ws/install/mecanum_wheel/share/mecanum_wheel/maps/empty_map.pgm
[1.100s] -- Up-to-date symlink: /home/nyctzo/dibyanshu_ws/install/mecanum_wheel/share/mecanum_wheel/maps/empty_map.yaml
[1.101s] -- Up-to-date symlink: /home/nyctzo/dibyanshu_ws/install/mecanum_wheel/share/mecanum_wheel/rviz/mecanum_robot.rviz
[1.102s] -- Up-to-date symlink: /home/nyctzo/dibyanshu_ws/install/mecanum_wheel/share/mecanum_wheel/urdf/robot_model.xacro
[1.103s] -- Up-to-date symlink: /home/nyctzo/dibyanshu_ws/install/mecanum_wheel/share/mecanum_wheel/worlds/robot_model_world.sdf
[1.103s] -- Up-to-date symlink: /home/nyctzo/dibyanshu_ws/install/mecanum_wheel/share/ament_index/resource_index/package_run_dependencies/mecanum_wheel
[1.104s] -- Up-to-date symlink: /home/nyctzo/dibyanshu_ws/install/mecanum_wheel/share/ament_index/resource_index/parent_prefix_path/mecanum_wheel
[1.105s] -- Up-to-date symlink: /home/nyctzo/dibyanshu_ws/install/mecanum_wheel/share/mecanum_wheel/environment/ament_prefix_path.sh
[1.106s] -- Up-to-date symlink: /home/nyctzo/dibyanshu_ws/install/mecanum_wheel/share/mecanum_wheel/environment/ament_prefix_path.dsv
[1.107s] -- Up-to-date symlink: /home/nyctzo/dibyanshu_ws/install/mecanum_wheel/share/mecanum_wheel/environment/path.sh
[1.107s] -- Up-to-date symlink: /home/nyctzo/dibyanshu_ws/install/mecanum_wheel/share/mecanum_wheel/environment/path.dsv
[1.107s] -- Up-to-date symlink: /home/nyctzo/dibyanshu_ws/install/mecanum_wheel/share/mecanum_wheel/local_setup.bash
[1.109s] -- Up-to-date symlink: /home/nyctzo/dibyanshu_ws/install/mecanum_wheel/share/mecanum_wheel/local_setup.sh
[1.111s] -- Up-to-date symlink: /home/nyctzo/dibyanshu_ws/install/mecanum_wheel/share/mecanum_wheel/local_setup.zsh
[1.112s] -- Up-to-date symlink: /home/nyctzo/dibyanshu_ws/install/mecanum_wheel/share/mecanum_wheel/local_setup.dsv
[1.112s] -- Symlinking: /home/nyctzo/dibyanshu_ws/install/mecanum_wheel/share/mecanum_wheel/package.dsv
[1.146s] -- Up-to-date symlink: /home/nyctzo/dibyanshu_ws/install/mecanum_wheel/share/ament_index/resource_index/packages/mecanum_wheel
[1.146s] -- Up-to-date symlink: /home/nyctzo/dibyanshu_ws/install/mecanum_wheel/share/mecanum_wheel/cmake/mecanum_wheelConfig.cmake
[1.146s] -- Up-to-date symlink: /home/nyctzo/dibyanshu_ws/install/mecanum_wheel/share/mecanum_wheel/cmake/mecanum_wheelConfig-version.cmake
[1.146s] -- Up-to-date symlink: /home/nyctzo/dibyanshu_ws/install/mecanum_wheel/share/mecanum_wheel/package.xml
[1.189s] Invoked command in '/home/nyctzo/dibyanshu_ws/build/mecanum_wheel' returned '0': CMAKE_PREFIX_PATH=${CMAKE_PREFIX_PATH}:/home/nyctzo/dibyanshu_ws/install/my_first_pkg:/home/nyctzo/dibyanshu_ws/install/mecanum_bringup:/home/nyctzo/ros2_ws/install/mecanum_teleop:/opt/ros/jazzy DEBUGINFOD_URLS=https://debuginfod.ubuntu.com /usr/bin/cmake --install /home/nyctzo/dibyanshu_ws/build/mecanum_wheel
