running egg_info
writing ../../../../build/mecanum_bringup/mecanum_bringup.egg-info/PKG-INFO
writing dependency_links to ../../../../build/mecanum_bringup/mecanum_bringup.egg-info/dependency_links.txt
writing entry points to ../../../../build/mecanum_bringup/mecanum_bringup.egg-info/entry_points.txt
writing requirements to ../../../../build/mecanum_bringup/mecanum_bringup.egg-info/requires.txt
writing top-level names to ../../../../build/mecanum_bringup/mecanum_bringup.egg-info/top_level.txt
reading manifest file '../../../../build/mecanum_bringup/mecanum_bringup.egg-info/SOURCES.txt'
writing manifest file '../../../../build/mecanum_bringup/mecanum_bringup.egg-info/SOURCES.txt'
running build
running build_py
copying mecanum_bringup/tf_odom_bridge.py -> /home/nyctzo/dibyanshu_ws/build/mecanum_bringup/build/lib/mecanum_bringup
running install
running install_lib
copying /home/nyctzo/dibyanshu_ws/build/mecanum_bringup/build/lib/mecanum_bringup/tf_odom_bridge.py -> /home/nyctzo/dibyanshu_ws/install/mecanum_bringup/lib/python3.12/site-packages/mecanum_bringup
byte-compiling /home/nyctzo/dibyanshu_ws/install/mecanum_bringup/lib/python3.12/site-packages/mecanum_bringup/tf_odom_bridge.py to tf_odom_bridge.cpython-312.pyc
running install_data
running install_egg_info
removing '/home/nyctzo/dibyanshu_ws/install/mecanum_bringup/lib/python3.12/site-packages/mecanum_bringup-0.0.0-py3.12.egg-info' (and everything under it)
Copying ../../../../build/mecanum_bringup/mecanum_bringup.egg-info to /home/nyctzo/dibyanshu_ws/install/mecanum_bringup/lib/python3.12/site-packages/mecanum_bringup-0.0.0-py3.12.egg-info
running install_scripts
Installing cmd_vel_bridge script to /home/nyctzo/dibyanshu_ws/install/mecanum_bringup/lib/mecanum_bringup
Installing tf_odom_bridge script to /home/nyctzo/dibyanshu_ws/install/mecanum_bringup/lib/mecanum_bringup
writing list of installed files to '/home/nyctzo/dibyanshu_ws/build/mecanum_bringup/install.log'
