[1.297s] Invoking command in '/home/nyctzo/dibyanshu_ws/src/ros2_jazzy/src/mecanum_bringup': DEBUGINFOD_URLS=https://debuginfod.ubuntu.com PYTHONPATH=/home/nyctzo/dibyanshu_ws/build/mecanum_bringup/prefix_override:/usr/lib/python3/dist-packages/colcon_core/task/python/colcon_distutils_commands:/home/nyctzo/dibyanshu_ws/install/mecanum_bringup/lib/python3.12/site-packages:${PYTHONPATH} /usr/bin/python3 -W ignore:setup.py install is deprecated -W ignore:easy_install command is deprecated setup.py egg_info --egg-base ../../../../build/mecanum_bringup build --build-base /home/nyctzo/dibyanshu_ws/build/mecanum_bringup/build install --record /home/nyctzo/dibyanshu_ws/build/mecanum_bringup/install.log --install-scripts $base/lib/mecanum_bringup --single-version-externally-managed install_data
[1.772s] running egg_info
[1.810s] writing ../../../../build/mecanum_bringup/mecanum_bringup.egg-info/PKG-INFO
[1.810s] writing dependency_links to ../../../../build/mecanum_bringup/mecanum_bringup.egg-info/dependency_links.txt
[1.810s] writing entry points to ../../../../build/mecanum_bringup/mecanum_bringup.egg-info/entry_points.txt
[1.810s] writing requirements to ../../../../build/mecanum_bringup/mecanum_bringup.egg-info/requires.txt
[1.811s] writing top-level names to ../../../../build/mecanum_bringup/mecanum_bringup.egg-info/top_level.txt
[1.886s] reading manifest file '../../../../build/mecanum_bringup/mecanum_bringup.egg-info/SOURCES.txt'
[1.887s] writing manifest file '../../../../build/mecanum_bringup/mecanum_bringup.egg-info/SOURCES.txt'
[1.888s] running build
[1.888s] running build_py
[1.888s] copying mecanum_bringup/tf_odom_bridge.py -> /home/nyctzo/dibyanshu_ws/build/mecanum_bringup/build/lib/mecanum_bringup
[1.888s] running install
[1.899s] running install_lib
[1.940s] copying /home/nyctzo/dibyanshu_ws/build/mecanum_bringup/build/lib/mecanum_bringup/tf_odom_bridge.py -> /home/nyctzo/dibyanshu_ws/install/mecanum_bringup/lib/python3.12/site-packages/mecanum_bringup
[1.941s] byte-compiling /home/nyctzo/dibyanshu_ws/install/mecanum_bringup/lib/python3.12/site-packages/mecanum_bringup/tf_odom_bridge.py to tf_odom_bridge.cpython-312.pyc
[1.943s] running install_data
[1.943s] running install_egg_info
[1.977s] removing '/home/nyctzo/dibyanshu_ws/install/mecanum_bringup/lib/python3.12/site-packages/mecanum_bringup-0.0.0-py3.12.egg-info' (and everything under it)
[1.978s] Copying ../../../../build/mecanum_bringup/mecanum_bringup.egg-info to /home/nyctzo/dibyanshu_ws/install/mecanum_bringup/lib/python3.12/site-packages/mecanum_bringup-0.0.0-py3.12.egg-info
[1.979s] running install_scripts
[2.211s] Installing cmd_vel_bridge script to /home/nyctzo/dibyanshu_ws/install/mecanum_bringup/lib/mecanum_bringup
[2.211s] Installing tf_odom_bridge script to /home/nyctzo/dibyanshu_ws/install/mecanum_bringup/lib/mecanum_bringup
[2.211s] writing list of installed files to '/home/nyctzo/dibyanshu_ws/build/mecanum_bringup/install.log'
[2.277s] Invoked command in '/home/nyctzo/dibyanshu_ws/src/ros2_jazzy/src/mecanum_bringup' returned '0': DEBUGINFOD_URLS=https://debuginfod.ubuntu.com PYTHONPATH=/home/nyctzo/dibyanshu_ws/build/mecanum_bringup/prefix_override:/usr/lib/python3/dist-packages/colcon_core/task/python/colcon_distutils_commands:/home/nyctzo/dibyanshu_ws/install/mecanum_bringup/lib/python3.12/site-packages:${PYTHONPATH} /usr/bin/python3 -W ignore:setup.py install is deprecated -W ignore:easy_install command is deprecated setup.py egg_info --egg-base ../../../../build/mecanum_bringup build --build-base /home/nyctzo/dibyanshu_ws/build/mecanum_bringup/build install --record /home/nyctzo/dibyanshu_ws/build/mecanum_bringup/install.log --install-scripts $base/lib/mecanum_bringup --single-version-externally-managed install_data
