[0.083s] DEBUG:colcon:Command line arguments: ['/usr/bin/colcon', 'build']
[0.083s] DEBUG:colcon:Parsed command line arguments: Namespace(log_base=None, log_level=None, verb_name='build', build_base='build', install_base='install', merge_install=False, symlink_install=False, test_result_base=None, continue_on_error=False, executor='parallel', parallel_workers=12, event_handlers=None, ignore_user_meta=False, metas=['./colcon.meta'], base_paths=['.'], packages_ignore=None, packages_ignore_regex=None, paths=None, packages_up_to=None, packages_up_to_regex=None, packages_above=None, packages_above_and_dependencies=None, packages_above_depth=None, packages_select_by_dep=None, packages_skip_by_dep=None, packages_skip_up_to=None, packages_select_build_failed=False, packages_skip_build_finished=False, packages_select_test_failures=False, packages_skip_test_passed=False, packages_select=None, packages_skip=None, packages_select_regex=None, packages_skip_regex=None, packages_start=None, packages_end=None, allow_overriding=[], cmake_args=None, cmake_target=None, cmake_target_skip_unavailable=False, cmake_clean_cache=False, cmake_clean_first=False, cmake_force_configure=False, ament_cmake_args=None, catkin_cmake_args=None, catkin_skip_building_tests=False, verb_parser=<colcon_defaults.argument_parser.defaults.DefaultArgumentsDecorator object at 0x733e24373320>, verb_extension=<colcon_core.verb.build.BuildVerb object at 0x733e24373140>, main=<bound method BuildVerb.main of <colcon_core.verb.build.BuildVerb object at 0x733e24373140>>)
[0.120s] Level 1:colcon.colcon_core.package_discovery:discover_packages(colcon_meta) check parameters
[0.120s] Level 1:colcon.colcon_core.package_discovery:discover_packages(recursive) check parameters
[0.120s] Level 1:colcon.colcon_core.package_discovery:discover_packages(ignore) check parameters
[0.120s] Level 1:colcon.colcon_core.package_discovery:discover_packages(path) check parameters
[0.120s] Level 1:colcon.colcon_core.package_discovery:discover_packages(colcon_meta) discover
[0.120s] Level 1:colcon.colcon_core.package_discovery:discover_packages(recursive) discover
[0.120s] INFO:colcon.colcon_core.package_discovery:Crawling recursively for packages in '/home/nyctzo/dibyanshu_ws'
[0.120s] Level 1:colcon.colcon_core.package_identification:_identify(.) by extensions ['ignore', 'ignore_ament_install']
[0.121s] Level 1:colcon.colcon_core.package_identification:_identify(.) by extension 'ignore'
[0.121s] Level 1:colcon.colcon_core.package_identification:_identify(.) by extension 'ignore_ament_install'
[0.121s] Level 1:colcon.colcon_core.package_identification:_identify(.) by extensions ['colcon_pkg']
[0.121s] Level 1:colcon.colcon_core.package_identification:_identify(.) by extension 'colcon_pkg'
[0.121s] Level 1:colcon.colcon_core.package_identification:_identify(.) by extensions ['colcon_meta']
[0.121s] Level 1:colcon.colcon_core.package_identification:_identify(.) by extension 'colcon_meta'
[0.121s] Level 1:colcon.colcon_core.package_identification:_identify(.) by extensions ['ros']
[0.121s] Level 1:colcon.colcon_core.package_identification:_identify(.) by extension 'ros'
[0.141s] Level 1:colcon.colcon_core.package_identification:_identify(.) by extensions ['cmake', 'python']
[0.141s] Level 1:colcon.colcon_core.package_identification:_identify(.) by extension 'cmake'
[0.142s] Level 1:colcon.colcon_core.package_identification:_identify(.) by extension 'python'
[0.142s] Level 1:colcon.colcon_core.package_identification:_identify(.) by extensions ['python_setup_py']
[0.142s] Level 1:colcon.colcon_core.package_identification:_identify(.) by extension 'python_setup_py'
[0.142s] Level 1:colcon.colcon_core.package_identification:_identify(build) by extensions ['ignore', 'ignore_ament_install']
[0.142s] Level 1:colcon.colcon_core.package_identification:_identify(build) by extension 'ignore'
[0.142s] Level 1:colcon.colcon_core.package_identification:_identify(build) ignored
[0.142s] Level 1:colcon.colcon_core.package_identification:_identify(install) by extensions ['ignore', 'ignore_ament_install']
[0.142s] Level 1:colcon.colcon_core.package_identification:_identify(install) by extension 'ignore'
[0.142s] Level 1:colcon.colcon_core.package_identification:_identify(install) ignored
[0.142s] Level 1:colcon.colcon_core.package_identification:_identify(log) by extensions ['ignore', 'ignore_ament_install']
[0.142s] Level 1:colcon.colcon_core.package_identification:_identify(log) by extension 'ignore'
[0.142s] Level 1:colcon.colcon_core.package_identification:_identify(log) ignored
[0.142s] Level 1:colcon.colcon_core.package_identification:_identify(maps) by extensions ['ignore', 'ignore_ament_install']
[0.142s] Level 1:colcon.colcon_core.package_identification:_identify(maps) by extension 'ignore'
[0.142s] Level 1:colcon.colcon_core.package_identification:_identify(maps) by extension 'ignore_ament_install'
[0.142s] Level 1:colcon.colcon_core.package_identification:_identify(maps) by extensions ['colcon_pkg']
[0.142s] Level 1:colcon.colcon_core.package_identification:_identify(maps) by extension 'colcon_pkg'
[0.142s] Level 1:colcon.colcon_core.package_identification:_identify(maps) by extensions ['colcon_meta']
[0.143s] Level 1:colcon.colcon_core.package_identification:_identify(maps) by extension 'colcon_meta'
[0.143s] Level 1:colcon.colcon_core.package_identification:_identify(maps) by extensions ['ros']
[0.143s] Level 1:colcon.colcon_core.package_identification:_identify(maps) by extension 'ros'
[0.143s] Level 1:colcon.colcon_core.package_identification:_identify(maps) by extensions ['cmake', 'python']
[0.143s] Level 1:colcon.colcon_core.package_identification:_identify(maps) by extension 'cmake'
[0.143s] Level 1:colcon.colcon_core.package_identification:_identify(maps) by extension 'python'
[0.143s] Level 1:colcon.colcon_core.package_identification:_identify(maps) by extensions ['python_setup_py']
[0.143s] Level 1:colcon.colcon_core.package_identification:_identify(maps) by extension 'python_setup_py'
[0.143s] Level 1:colcon.colcon_core.package_identification:_identify(src) by extensions ['ignore', 'ignore_ament_install']
[0.143s] Level 1:colcon.colcon_core.package_identification:_identify(src) by extension 'ignore'
[0.143s] Level 1:colcon.colcon_core.package_identification:_identify(src) by extension 'ignore_ament_install'
[0.143s] Level 1:colcon.colcon_core.package_identification:_identify(src) by extensions ['colcon_pkg']
[0.143s] Level 1:colcon.colcon_core.package_identification:_identify(src) by extension 'colcon_pkg'
[0.143s] Level 1:colcon.colcon_core.package_identification:_identify(src) by extensions ['colcon_meta']
[0.143s] Level 1:colcon.colcon_core.package_identification:_identify(src) by extension 'colcon_meta'
[0.143s] Level 1:colcon.colcon_core.package_identification:_identify(src) by extensions ['ros']
[0.143s] Level 1:colcon.colcon_core.package_identification:_identify(src) by extension 'ros'
[0.143s] Level 1:colcon.colcon_core.package_identification:_identify(src) by extensions ['cmake', 'python']
[0.143s] Level 1:colcon.colcon_core.package_identification:_identify(src) by extension 'cmake'
[0.143s] Level 1:colcon.colcon_core.package_identification:_identify(src) by extension 'python'
[0.143s] Level 1:colcon.colcon_core.package_identification:_identify(src) by extensions ['python_setup_py']
[0.143s] Level 1:colcon.colcon_core.package_identification:_identify(src) by extension 'python_setup_py'
[0.144s] Level 1:colcon.colcon_core.package_identification:_identify(src/ros2_jazzy) by extensions ['ignore', 'ignore_ament_install']
[0.144s] Level 1:colcon.colcon_core.package_identification:_identify(src/ros2_jazzy) by extension 'ignore'
[0.144s] Level 1:colcon.colcon_core.package_identification:_identify(src/ros2_jazzy) by extension 'ignore_ament_install'
[0.144s] Level 1:colcon.colcon_core.package_identification:_identify(src/ros2_jazzy) by extensions ['colcon_pkg']
[0.144s] Level 1:colcon.colcon_core.package_identification:_identify(src/ros2_jazzy) by extension 'colcon_pkg'
[0.144s] Level 1:colcon.colcon_core.package_identification:_identify(src/ros2_jazzy) by extensions ['colcon_meta']
[0.144s] Level 1:colcon.colcon_core.package_identification:_identify(src/ros2_jazzy) by extension 'colcon_meta'
[0.144s] Level 1:colcon.colcon_core.package_identification:_identify(src/ros2_jazzy) by extensions ['ros']
[0.144s] Level 1:colcon.colcon_core.package_identification:_identify(src/ros2_jazzy) by extension 'ros'
[0.144s] Level 1:colcon.colcon_core.package_identification:_identify(src/ros2_jazzy) by extensions ['cmake', 'python']
[0.144s] Level 1:colcon.colcon_core.package_identification:_identify(src/ros2_jazzy) by extension 'cmake'
[0.144s] Level 1:colcon.colcon_core.package_identification:_identify(src/ros2_jazzy) by extension 'python'
[0.144s] Level 1:colcon.colcon_core.package_identification:_identify(src/ros2_jazzy) by extensions ['python_setup_py']
[0.144s] Level 1:colcon.colcon_core.package_identification:_identify(src/ros2_jazzy) by extension 'python_setup_py'
[0.144s] Level 1:colcon.colcon_core.package_identification:_identify(src/ros2_jazzy/lidar_ws) by extensions ['ignore', 'ignore_ament_install']
[0.144s] Level 1:colcon.colcon_core.package_identification:_identify(src/ros2_jazzy/lidar_ws) by extension 'ignore'
[0.144s] Level 1:colcon.colcon_core.package_identification:_identify(src/ros2_jazzy/lidar_ws) by extension 'ignore_ament_install'
[0.144s] Level 1:colcon.colcon_core.package_identification:_identify(src/ros2_jazzy/lidar_ws) by extensions ['colcon_pkg']
[0.144s] Level 1:colcon.colcon_core.package_identification:_identify(src/ros2_jazzy/lidar_ws) by extension 'colcon_pkg'
[0.144s] Level 1:colcon.colcon_core.package_identification:_identify(src/ros2_jazzy/lidar_ws) by extensions ['colcon_meta']
[0.144s] Level 1:colcon.colcon_core.package_identification:_identify(src/ros2_jazzy/lidar_ws) by extension 'colcon_meta'
[0.144s] Level 1:colcon.colcon_core.package_identification:_identify(src/ros2_jazzy/lidar_ws) by extensions ['ros']
[0.144s] Level 1:colcon.colcon_core.package_identification:_identify(src/ros2_jazzy/lidar_ws) by extension 'ros'
[0.144s] Level 1:colcon.colcon_core.package_identification:_identify(src/ros2_jazzy/lidar_ws) by extensions ['cmake', 'python']
[0.144s] Level 1:colcon.colcon_core.package_identification:_identify(src/ros2_jazzy/lidar_ws) by extension 'cmake'
[0.144s] Level 1:colcon.colcon_core.package_identification:_identify(src/ros2_jazzy/lidar_ws) by extension 'python'
[0.144s] Level 1:colcon.colcon_core.package_identification:_identify(src/ros2_jazzy/lidar_ws) by extensions ['python_setup_py']
[0.144s] Level 1:colcon.colcon_core.package_identification:_identify(src/ros2_jazzy/lidar_ws) by extension 'python_setup_py'
[0.145s] Level 1:colcon.colcon_core.package_identification:_identify(src/ros2_jazzy/lidar_ws/build) by extensions ['ignore', 'ignore_ament_install']
[0.145s] Level 1:colcon.colcon_core.package_identification:_identify(src/ros2_jazzy/lidar_ws/build) by extension 'ignore'
[0.145s] Level 1:colcon.colcon_core.package_identification:_identify(src/ros2_jazzy/lidar_ws/build) ignored
[0.145s] Level 1:colcon.colcon_core.package_identification:_identify(src/ros2_jazzy/lidar_ws/install) by extensions ['ignore', 'ignore_ament_install']
[0.145s] Level 1:colcon.colcon_core.package_identification:_identify(src/ros2_jazzy/lidar_ws/install) by extension 'ignore'
[0.145s] Level 1:colcon.colcon_core.package_identification:_identify(src/ros2_jazzy/lidar_ws/install) ignored
[0.145s] Level 1:colcon.colcon_core.package_identification:_identify(src/ros2_jazzy/lidar_ws/log) by extensions ['ignore', 'ignore_ament_install']
[0.145s] Level 1:colcon.colcon_core.package_identification:_identify(src/ros2_jazzy/lidar_ws/log) by extension 'ignore'
[0.145s] Level 1:colcon.colcon_core.package_identification:_identify(src/ros2_jazzy/lidar_ws/log) ignored
[0.145s] Level 1:colcon.colcon_core.package_identification:_identify(src/ros2_jazzy/src) by extensions ['ignore', 'ignore_ament_install']
[0.145s] Level 1:colcon.colcon_core.package_identification:_identify(src/ros2_jazzy/src) by extension 'ignore'
[0.145s] Level 1:colcon.colcon_core.package_identification:_identify(src/ros2_jazzy/src) by extension 'ignore_ament_install'
[0.145s] Level 1:colcon.colcon_core.package_identification:_identify(src/ros2_jazzy/src) by extensions ['colcon_pkg']
[0.145s] Level 1:colcon.colcon_core.package_identification:_identify(src/ros2_jazzy/src) by extension 'colcon_pkg'
[0.145s] Level 1:colcon.colcon_core.package_identification:_identify(src/ros2_jazzy/src) by extensions ['colcon_meta']
[0.145s] Level 1:colcon.colcon_core.package_identification:_identify(src/ros2_jazzy/src) by extension 'colcon_meta'
[0.145s] Level 1:colcon.colcon_core.package_identification:_identify(src/ros2_jazzy/src) by extensions ['ros']
[0.145s] Level 1:colcon.colcon_core.package_identification:_identify(src/ros2_jazzy/src) by extension 'ros'
[0.146s] Level 1:colcon.colcon_core.package_identification:_identify(src/ros2_jazzy/src) by extensions ['cmake', 'python']
[0.146s] Level 1:colcon.colcon_core.package_identification:_identify(src/ros2_jazzy/src) by extension 'cmake'
[0.146s] Level 1:colcon.colcon_core.package_identification:_identify(src/ros2_jazzy/src) by extension 'python'
[0.146s] Level 1:colcon.colcon_core.package_identification:_identify(src/ros2_jazzy/src) by extensions ['python_setup_py']
[0.146s] Level 1:colcon.colcon_core.package_identification:_identify(src/ros2_jazzy/src) by extension 'python_setup_py'
[0.146s] Level 1:colcon.colcon_core.package_identification:_identify(src/ros2_jazzy/src/mecanum_bringup) by extensions ['ignore', 'ignore_ament_install']
[0.146s] Level 1:colcon.colcon_core.package_identification:_identify(src/ros2_jazzy/src/mecanum_bringup) by extension 'ignore'
[0.146s] Level 1:colcon.colcon_core.package_identification:_identify(src/ros2_jazzy/src/mecanum_bringup) by extension 'ignore_ament_install'
[0.146s] Level 1:colcon.colcon_core.package_identification:_identify(src/ros2_jazzy/src/mecanum_bringup) by extensions ['colcon_pkg']
[0.146s] Level 1:colcon.colcon_core.package_identification:_identify(src/ros2_jazzy/src/mecanum_bringup) by extension 'colcon_pkg'
[0.146s] Level 1:colcon.colcon_core.package_identification:_identify(src/ros2_jazzy/src/mecanum_bringup) by extensions ['colcon_meta']
[0.146s] Level 1:colcon.colcon_core.package_identification:_identify(src/ros2_jazzy/src/mecanum_bringup) by extension 'colcon_meta'
[0.146s] Level 1:colcon.colcon_core.package_identification:_identify(src/ros2_jazzy/src/mecanum_bringup) by extensions ['ros']
[0.146s] Level 1:colcon.colcon_core.package_identification:_identify(src/ros2_jazzy/src/mecanum_bringup) by extension 'ros'
[0.148s] DEBUG:colcon.colcon_core.package_identification:Package 'src/ros2_jazzy/src/mecanum_bringup' with type 'ros.ament_python' and name 'mecanum_bringup'
[0.149s] Level 1:colcon.colcon_core.package_identification:_identify(src/ros2_jazzy/src/mecanum_control) by extensions ['ignore', 'ignore_ament_install']
[0.149s] Level 1:colcon.colcon_core.package_identification:_identify(src/ros2_jazzy/src/mecanum_control) by extension 'ignore'
[0.149s] Level 1:colcon.colcon_core.package_identification:_identify(src/ros2_jazzy/src/mecanum_control) by extension 'ignore_ament_install'
[0.149s] Level 1:colcon.colcon_core.package_identification:_identify(src/ros2_jazzy/src/mecanum_control) by extensions ['colcon_pkg']
[0.149s] Level 1:colcon.colcon_core.package_identification:_identify(src/ros2_jazzy/src/mecanum_control) by extension 'colcon_pkg'
[0.149s] Level 1:colcon.colcon_core.package_identification:_identify(src/ros2_jazzy/src/mecanum_control) by extensions ['colcon_meta']
[0.149s] Level 1:colcon.colcon_core.package_identification:_identify(src/ros2_jazzy/src/mecanum_control) by extension 'colcon_meta'
[0.149s] Level 1:colcon.colcon_core.package_identification:_identify(src/ros2_jazzy/src/mecanum_control) by extensions ['ros']
[0.149s] Level 1:colcon.colcon_core.package_identification:_identify(src/ros2_jazzy/src/mecanum_control) by extension 'ros'
[0.150s] DEBUG:colcon.colcon_core.package_identification:Package 'src/ros2_jazzy/src/mecanum_control' with type 'ros.ament_cmake' and name 'mecanum_control'
[0.150s] Level 1:colcon.colcon_core.package_identification:_identify(src/ros2_jazzy/src/mecanum_wheel) by extensions ['ignore', 'ignore_ament_install']
[0.150s] Level 1:colcon.colcon_core.package_identification:_identify(src/ros2_jazzy/src/mecanum_wheel) by extension 'ignore'
[0.150s] Level 1:colcon.colcon_core.package_identification:_identify(src/ros2_jazzy/src/mecanum_wheel) by extension 'ignore_ament_install'
[0.150s] Level 1:colcon.colcon_core.package_identification:_identify(src/ros2_jazzy/src/mecanum_wheel) by extensions ['colcon_pkg']
[0.150s] Level 1:colcon.colcon_core.package_identification:_identify(src/ros2_jazzy/src/mecanum_wheel) by extension 'colcon_pkg'
[0.150s] Level 1:colcon.colcon_core.package_identification:_identify(src/ros2_jazzy/src/mecanum_wheel) by extensions ['colcon_meta']
[0.150s] Level 1:colcon.colcon_core.package_identification:_identify(src/ros2_jazzy/src/mecanum_wheel) by extension 'colcon_meta'
[0.150s] Level 1:colcon.colcon_core.package_identification:_identify(src/ros2_jazzy/src/mecanum_wheel) by extensions ['ros']
[0.150s] Level 1:colcon.colcon_core.package_identification:_identify(src/ros2_jazzy/src/mecanum_wheel) by extension 'ros'
[0.151s] DEBUG:colcon.colcon_core.package_identification:Package 'src/ros2_jazzy/src/mecanum_wheel' with type 'ros.ament_cmake' and name 'mecanum_wheel'
[0.151s] Level 1:colcon.colcon_core.package_identification:_identify(src/ros2_jazzy/src/my_first_pkg) by extensions ['ignore', 'ignore_ament_install']
[0.151s] Level 1:colcon.colcon_core.package_identification:_identify(src/ros2_jazzy/src/my_first_pkg) by extension 'ignore'
[0.152s] Level 1:colcon.colcon_core.package_identification:_identify(src/ros2_jazzy/src/my_first_pkg) by extension 'ignore_ament_install'
[0.152s] Level 1:colcon.colcon_core.package_identification:_identify(src/ros2_jazzy/src/my_first_pkg) by extensions ['colcon_pkg']
[0.152s] Level 1:colcon.colcon_core.package_identification:_identify(src/ros2_jazzy/src/my_first_pkg) by extension 'colcon_pkg'
[0.152s] Level 1:colcon.colcon_core.package_identification:_identify(src/ros2_jazzy/src/my_first_pkg) by extensions ['colcon_meta']
[0.152s] Level 1:colcon.colcon_core.package_identification:_identify(src/ros2_jazzy/src/my_first_pkg) by extension 'colcon_meta'
[0.152s] Level 1:colcon.colcon_core.package_identification:_identify(src/ros2_jazzy/src/my_first_pkg) by extensions ['ros']
[0.152s] Level 1:colcon.colcon_core.package_identification:_identify(src/ros2_jazzy/src/my_first_pkg) by extension 'ros'
[0.152s] DEBUG:colcon.colcon_core.package_identification:Package 'src/ros2_jazzy/src/my_first_pkg' with type 'ros.ament_python' and name 'my_first_pkg'
[0.152s] Level 1:colcon.colcon_core.package_identification:_identify(src/ros2_jazzy/src/my_robot_description) by extensions ['ignore', 'ignore_ament_install']
[0.152s] Level 1:colcon.colcon_core.package_identification:_identify(src/ros2_jazzy/src/my_robot_description) by extension 'ignore'
[0.152s] Level 1:colcon.colcon_core.package_identification:_identify(src/ros2_jazzy/src/my_robot_description) by extension 'ignore_ament_install'
[0.152s] Level 1:colcon.colcon_core.package_identification:_identify(src/ros2_jazzy/src/my_robot_description) by extensions ['colcon_pkg']
[0.152s] Level 1:colcon.colcon_core.package_identification:_identify(src/ros2_jazzy/src/my_robot_description) by extension 'colcon_pkg'
[0.152s] Level 1:colcon.colcon_core.package_identification:_identify(src/ros2_jazzy/src/my_robot_description) by extensions ['colcon_meta']
[0.152s] Level 1:colcon.colcon_core.package_identification:_identify(src/ros2_jazzy/src/my_robot_description) by extension 'colcon_meta'
[0.152s] Level 1:colcon.colcon_core.package_identification:_identify(src/ros2_jazzy/src/my_robot_description) by extensions ['ros']
[0.152s] Level 1:colcon.colcon_core.package_identification:_identify(src/ros2_jazzy/src/my_robot_description) by extension 'ros'
[0.153s] DEBUG:colcon.colcon_core.package_identification:Package 'src/ros2_jazzy/src/my_robot_description' with type 'ros.ament_cmake' and name 'my_robot_description'
[0.153s] Level 1:colcon.colcon_core.package_discovery:discover_packages(recursive) using defaults
[0.153s] Level 1:colcon.colcon_core.package_discovery:discover_packages(ignore) discover
[0.153s] Level 1:colcon.colcon_core.package_discovery:discover_packages(ignore) using defaults
[0.153s] Level 1:colcon.colcon_core.package_discovery:discover_packages(path) discover
[0.153s] Level 1:colcon.colcon_core.package_discovery:discover_packages(path) using defaults
[0.168s] Level 1:colcon.colcon_core.package_discovery:discover_packages(prefix_path) check parameters
[0.168s] Level 1:colcon.colcon_core.package_discovery:discover_packages(prefix_path) discover
[0.169s] DEBUG:colcon.colcon_installed_package_information.package_discovery:Found 6 installed packages in /home/nyctzo/ros2_ws/install
[0.171s] DEBUG:colcon.colcon_installed_package_information.package_discovery:Found 498 installed packages in /opt/ros/jazzy
[0.172s] Level 1:colcon.colcon_core.package_discovery:discover_packages(prefix_path) using defaults
[0.208s] WARNING:colcon.colcon_core.package_selection:Some selected packages are already built in one or more underlay workspaces:
	'mecanum_control' is in: /home/nyctzo/ros2_ws/install/mecanum_control
If a package in a merged underlay workspace is overridden and it installs headers, then all packages in the overlay must sort their include directories by workspace order. Failure to do so may result in build failures or undefined behavior at run time.
If the overridden package is used by another package in any underlay, then the overriding package in the overlay must be API and ABI compatible or undefined behavior at run time may occur.

If you understand the risks and want to override a package anyways, add the following to the command line:
	--allow-overriding mecanum_control

This may be promoted to an error in a future release of colcon-override-check.
[0.208s] Level 5:colcon.colcon_core.verb:set package 'mecanum_bringup' build argument 'cmake_args' from command line to 'None'
[0.208s] Level 5:colcon.colcon_core.verb:set package 'mecanum_bringup' build argument 'cmake_target' from command line to 'None'
[0.209s] Level 5:colcon.colcon_core.verb:set package 'mecanum_bringup' build argument 'cmake_target_skip_unavailable' from command line to 'False'
[0.209s] Level 5:colcon.colcon_core.verb:set package 'mecanum_bringup' build argument 'cmake_clean_cache' from command line to 'False'
[0.209s] Level 5:colcon.colcon_core.verb:set package 'mecanum_bringup' build argument 'cmake_clean_first' from command line to 'False'
[0.209s] Level 5:colcon.colcon_core.verb:set package 'mecanum_bringup' build argument 'cmake_force_configure' from command line to 'False'
[0.209s] Level 5:colcon.colcon_core.verb:set package 'mecanum_bringup' build argument 'ament_cmake_args' from command line to 'None'
[0.209s] Level 5:colcon.colcon_core.verb:set package 'mecanum_bringup' build argument 'catkin_cmake_args' from command line to 'None'
[0.209s] Level 5:colcon.colcon_core.verb:set package 'mecanum_bringup' build argument 'catkin_skip_building_tests' from command line to 'False'
[0.209s] DEBUG:colcon.colcon_core.verb:Building package 'mecanum_bringup' with the following arguments: {'ament_cmake_args': None, 'build_base': '/home/nyctzo/dibyanshu_ws/build/mecanum_bringup', 'catkin_cmake_args': None, 'catkin_skip_building_tests': False, 'cmake_args': None, 'cmake_clean_cache': False, 'cmake_clean_first': False, 'cmake_force_configure': False, 'cmake_target': None, 'cmake_target_skip_unavailable': False, 'install_base': '/home/nyctzo/dibyanshu_ws/install/mecanum_bringup', 'merge_install': False, 'path': '/home/nyctzo/dibyanshu_ws/src/ros2_jazzy/src/mecanum_bringup', 'symlink_install': False, 'test_result_base': None}
[0.209s] Level 5:colcon.colcon_core.verb:set package 'mecanum_control' build argument 'cmake_args' from command line to 'None'
[0.209s] Level 5:colcon.colcon_core.verb:set package 'mecanum_control' build argument 'cmake_target' from command line to 'None'
[0.209s] Level 5:colcon.colcon_core.verb:set package 'mecanum_control' build argument 'cmake_target_skip_unavailable' from command line to 'False'
[0.209s] Level 5:colcon.colcon_core.verb:set package 'mecanum_control' build argument 'cmake_clean_cache' from command line to 'False'
[0.209s] Level 5:colcon.colcon_core.verb:set package 'mecanum_control' build argument 'cmake_clean_first' from command line to 'False'
[0.209s] Level 5:colcon.colcon_core.verb:set package 'mecanum_control' build argument 'cmake_force_configure' from command line to 'False'
[0.209s] Level 5:colcon.colcon_core.verb:set package 'mecanum_control' build argument 'ament_cmake_args' from command line to 'None'
[0.209s] Level 5:colcon.colcon_core.verb:set package 'mecanum_control' build argument 'catkin_cmake_args' from command line to 'None'
[0.209s] Level 5:colcon.colcon_core.verb:set package 'mecanum_control' build argument 'catkin_skip_building_tests' from command line to 'False'
[0.209s] DEBUG:colcon.colcon_core.verb:Building package 'mecanum_control' with the following arguments: {'ament_cmake_args': None, 'build_base': '/home/nyctzo/dibyanshu_ws/build/mecanum_control', 'catkin_cmake_args': None, 'catkin_skip_building_tests': False, 'cmake_args': None, 'cmake_clean_cache': False, 'cmake_clean_first': False, 'cmake_force_configure': False, 'cmake_target': None, 'cmake_target_skip_unavailable': False, 'install_base': '/home/nyctzo/dibyanshu_ws/install/mecanum_control', 'merge_install': False, 'path': '/home/nyctzo/dibyanshu_ws/src/ros2_jazzy/src/mecanum_control', 'symlink_install': False, 'test_result_base': None}
[0.209s] Level 5:colcon.colcon_core.verb:set package 'mecanum_wheel' build argument 'cmake_args' from command line to 'None'
[0.209s] Level 5:colcon.colcon_core.verb:set package 'mecanum_wheel' build argument 'cmake_target' from command line to 'None'
[0.209s] Level 5:colcon.colcon_core.verb:set package 'mecanum_wheel' build argument 'cmake_target_skip_unavailable' from command line to 'False'
[0.209s] Level 5:colcon.colcon_core.verb:set package 'mecanum_wheel' build argument 'cmake_clean_cache' from command line to 'False'
[0.209s] Level 5:colcon.colcon_core.verb:set package 'mecanum_wheel' build argument 'cmake_clean_first' from command line to 'False'
[0.209s] Level 5:colcon.colcon_core.verb:set package 'mecanum_wheel' build argument 'cmake_force_configure' from command line to 'False'
[0.209s] Level 5:colcon.colcon_core.verb:set package 'mecanum_wheel' build argument 'ament_cmake_args' from command line to 'None'
[0.209s] Level 5:colcon.colcon_core.verb:set package 'mecanum_wheel' build argument 'catkin_cmake_args' from command line to 'None'
[0.209s] Level 5:colcon.colcon_core.verb:set package 'mecanum_wheel' build argument 'catkin_skip_building_tests' from command line to 'False'
[0.209s] DEBUG:colcon.colcon_core.verb:Building package 'mecanum_wheel' with the following arguments: {'ament_cmake_args': None, 'build_base': '/home/nyctzo/dibyanshu_ws/build/mecanum_wheel', 'catkin_cmake_args': None, 'catkin_skip_building_tests': False, 'cmake_args': None, 'cmake_clean_cache': False, 'cmake_clean_first': False, 'cmake_force_configure': False, 'cmake_target': None, 'cmake_target_skip_unavailable': False, 'install_base': '/home/nyctzo/dibyanshu_ws/install/mecanum_wheel', 'merge_install': False, 'path': '/home/nyctzo/dibyanshu_ws/src/ros2_jazzy/src/mecanum_wheel', 'symlink_install': False, 'test_result_base': None}
[0.209s] Level 5:colcon.colcon_core.verb:set package 'my_first_pkg' build argument 'cmake_args' from command line to 'None'
[0.209s] Level 5:colcon.colcon_core.verb:set package 'my_first_pkg' build argument 'cmake_target' from command line to 'None'
[0.209s] Level 5:colcon.colcon_core.verb:set package 'my_first_pkg' build argument 'cmake_target_skip_unavailable' from command line to 'False'
[0.209s] Level 5:colcon.colcon_core.verb:set package 'my_first_pkg' build argument 'cmake_clean_cache' from command line to 'False'
[0.209s] Level 5:colcon.colcon_core.verb:set package 'my_first_pkg' build argument 'cmake_clean_first' from command line to 'False'
[0.209s] Level 5:colcon.colcon_core.verb:set package 'my_first_pkg' build argument 'cmake_force_configure' from command line to 'False'
[0.209s] Level 5:colcon.colcon_core.verb:set package 'my_first_pkg' build argument 'ament_cmake_args' from command line to 'None'
[0.209s] Level 5:colcon.colcon_core.verb:set package 'my_first_pkg' build argument 'catkin_cmake_args' from command line to 'None'
[0.209s] Level 5:colcon.colcon_core.verb:set package 'my_first_pkg' build argument 'catkin_skip_building_tests' from command line to 'False'
[0.209s] DEBUG:colcon.colcon_core.verb:Building package 'my_first_pkg' with the following arguments: {'ament_cmake_args': None, 'build_base': '/home/nyctzo/dibyanshu_ws/build/my_first_pkg', 'catkin_cmake_args': None, 'catkin_skip_building_tests': False, 'cmake_args': None, 'cmake_clean_cache': False, 'cmake_clean_first': False, 'cmake_force_configure': False, 'cmake_target': None, 'cmake_target_skip_unavailable': False, 'install_base': '/home/nyctzo/dibyanshu_ws/install/my_first_pkg', 'merge_install': False, 'path': '/home/nyctzo/dibyanshu_ws/src/ros2_jazzy/src/my_first_pkg', 'symlink_install': False, 'test_result_base': None}
[0.209s] Level 5:colcon.colcon_core.verb:set package 'my_robot_description' build argument 'cmake_args' from command line to 'None'
[0.209s] Level 5:colcon.colcon_core.verb:set package 'my_robot_description' build argument 'cmake_target' from command line to 'None'
[0.209s] Level 5:colcon.colcon_core.verb:set package 'my_robot_description' build argument 'cmake_target_skip_unavailable' from command line to 'False'
[0.209s] Level 5:colcon.colcon_core.verb:set package 'my_robot_description' build argument 'cmake_clean_cache' from command line to 'False'
[0.209s] Level 5:colcon.colcon_core.verb:set package 'my_robot_description' build argument 'cmake_clean_first' from command line to 'False'
[0.210s] Level 5:colcon.colcon_core.verb:set package 'my_robot_description' build argument 'cmake_force_configure' from command line to 'False'
[0.210s] Level 5:colcon.colcon_core.verb:set package 'my_robot_description' build argument 'ament_cmake_args' from command line to 'None'
[0.210s] Level 5:colcon.colcon_core.verb:set package 'my_robot_description' build argument 'catkin_cmake_args' from command line to 'None'
[0.210s] Level 5:colcon.colcon_core.verb:set package 'my_robot_description' build argument 'catkin_skip_building_tests' from command line to 'False'
[0.210s] DEBUG:colcon.colcon_core.verb:Building package 'my_robot_description' with the following arguments: {'ament_cmake_args': None, 'build_base': '/home/nyctzo/dibyanshu_ws/build/my_robot_description', 'catkin_cmake_args': None, 'catkin_skip_building_tests': False, 'cmake_args': None, 'cmake_clean_cache': False, 'cmake_clean_first': False, 'cmake_force_configure': False, 'cmake_target': None, 'cmake_target_skip_unavailable': False, 'install_base': '/home/nyctzo/dibyanshu_ws/install/my_robot_description', 'merge_install': False, 'path': '/home/nyctzo/dibyanshu_ws/src/ros2_jazzy/src/my_robot_description', 'symlink_install': False, 'test_result_base': None}
[0.210s] INFO:colcon.colcon_core.executor:Executing jobs using 'parallel' executor
[0.211s] DEBUG:colcon.colcon_parallel_executor.executor.parallel:run_until_complete
[0.211s] INFO:colcon.colcon_ros.task.ament_python.build:Building ROS package in '/home/nyctzo/dibyanshu_ws/src/ros2_jazzy/src/mecanum_bringup' with build type 'ament_python'
[0.211s] Level 1:colcon.colcon_core.shell:create_environment_hook('mecanum_bringup', 'ament_prefix_path')
[0.214s] INFO:colcon.colcon_core.plugin_system:Skipping extension 'colcon_core.shell.bat': Not used on non-Windows systems
[0.214s] INFO:colcon.colcon_core.shell:Creating environment hook '/home/nyctzo/dibyanshu_ws/install/mecanum_bringup/share/mecanum_bringup/hook/ament_prefix_path.ps1'
[0.216s] INFO:colcon.colcon_core.shell:Creating environment descriptor '/home/nyctzo/dibyanshu_ws/install/mecanum_bringup/share/mecanum_bringup/hook/ament_prefix_path.dsv'
[0.217s] INFO:colcon.colcon_core.shell:Creating environment hook '/home/nyctzo/dibyanshu_ws/install/mecanum_bringup/share/mecanum_bringup/hook/ament_prefix_path.sh'
[0.217s] INFO:colcon.colcon_core.shell:Skip shell extension 'powershell' for command environment: Not usable outside of PowerShell
[0.217s] DEBUG:colcon.colcon_core.shell:Skip shell extension 'dsv' for command environment
[0.220s] INFO:colcon.colcon_ros.task.ament_cmake.build:Building ROS package in '/home/nyctzo/dibyanshu_ws/src/ros2_jazzy/src/mecanum_control' with build type 'ament_cmake'
[0.220s] INFO:colcon.colcon_cmake.task.cmake.build:Building CMake package in '/home/nyctzo/dibyanshu_ws/src/ros2_jazzy/src/mecanum_control'
[0.220s] INFO:colcon.colcon_core.shell:Skip shell extension 'powershell' for command environment: Not usable outside of PowerShell
[0.220s] DEBUG:colcon.colcon_core.shell:Skip shell extension 'dsv' for command environment
[0.223s] INFO:colcon.colcon_ros.task.ament_cmake.build:Building ROS package in '/home/nyctzo/dibyanshu_ws/src/ros2_jazzy/src/mecanum_wheel' with build type 'ament_cmake'
[0.223s] INFO:colcon.colcon_cmake.task.cmake.build:Building CMake package in '/home/nyctzo/dibyanshu_ws/src/ros2_jazzy/src/mecanum_wheel'
[0.223s] INFO:colcon.colcon_core.shell:Skip shell extension 'powershell' for command environment: Not usable outside of PowerShell
[0.223s] DEBUG:colcon.colcon_core.shell:Skip shell extension 'dsv' for command environment
[0.225s] INFO:colcon.colcon_ros.task.ament_python.build:Building ROS package in '/home/nyctzo/dibyanshu_ws/src/ros2_jazzy/src/my_first_pkg' with build type 'ament_python'
[0.226s] Level 1:colcon.colcon_core.shell:create_environment_hook('my_first_pkg', 'ament_prefix_path')
[0.226s] INFO:colcon.colcon_core.shell:Creating environment hook '/home/nyctzo/dibyanshu_ws/install/my_first_pkg/share/my_first_pkg/hook/ament_prefix_path.ps1'
[0.226s] INFO:colcon.colcon_core.shell:Creating environment descriptor '/home/nyctzo/dibyanshu_ws/install/my_first_pkg/share/my_first_pkg/hook/ament_prefix_path.dsv'
[0.226s] INFO:colcon.colcon_core.shell:Creating environment hook '/home/nyctzo/dibyanshu_ws/install/my_first_pkg/share/my_first_pkg/hook/ament_prefix_path.sh'
[0.227s] INFO:colcon.colcon_core.shell:Skip shell extension 'powershell' for command environment: Not usable outside of PowerShell
[0.227s] DEBUG:colcon.colcon_core.shell:Skip shell extension 'dsv' for command environment
[0.229s] INFO:colcon.colcon_ros.task.ament_cmake.build:Building ROS package in '/home/nyctzo/dibyanshu_ws/src/ros2_jazzy/src/my_robot_description' with build type 'ament_cmake'
[0.229s] INFO:colcon.colcon_cmake.task.cmake.build:Building CMake package in '/home/nyctzo/dibyanshu_ws/src/ros2_jazzy/src/my_robot_description'
[0.229s] INFO:colcon.colcon_core.shell:Skip shell extension 'powershell' for command environment: Not usable outside of PowerShell
[0.229s] DEBUG:colcon.colcon_core.shell:Skip shell extension 'dsv' for command environment
[0.364s] INFO:colcon.colcon_core.task.python.build:Building Python package in '/home/nyctzo/dibyanshu_ws/src/ros2_jazzy/src/mecanum_bringup'
[0.364s] INFO:colcon.colcon_core.shell:Skip shell extension 'powershell' for command environment: Not usable outside of PowerShell
[0.364s] DEBUG:colcon.colcon_core.shell:Skip shell extension 'dsv' for command environment
[0.369s] DEBUG:colcon.colcon_core.event_handler.log_command:Invoking command in '/home/nyctzo/dibyanshu_ws/build/mecanum_control': CMAKE_PREFIX_PATH=${CMAKE_PREFIX_PATH}:/home/nyctzo/ros2_ws/install/mecanum_teleop:/opt/ros/jazzy DEBUGINFOD_URLS=https://debuginfod.ubuntu.com /usr/bin/cmake --build /home/nyctzo/dibyanshu_ws/build/mecanum_control -- -j12 -l12
[0.372s] DEBUG:colcon.colcon_core.event_handler.log_command:Invoking command in '/home/nyctzo/dibyanshu_ws/build/mecanum_wheel': CMAKE_PREFIX_PATH=${CMAKE_PREFIX_PATH}:/home/nyctzo/ros2_ws/install/mecanum_teleop:/opt/ros/jazzy DEBUGINFOD_URLS=https://debuginfod.ubuntu.com /usr/bin/cmake --build /home/nyctzo/dibyanshu_ws/build/mecanum_wheel -- -j12 -l12
[0.513s] INFO:colcon.colcon_core.task.python.build:Building Python package in '/home/nyctzo/dibyanshu_ws/src/ros2_jazzy/src/my_first_pkg'
[0.513s] INFO:colcon.colcon_core.shell:Skip shell extension 'powershell' for command environment: Not usable outside of PowerShell
[0.514s] DEBUG:colcon.colcon_core.shell:Skip shell extension 'dsv' for command environment
[0.518s] DEBUG:colcon.colcon_core.event_handler.log_command:Invoked command in '/home/nyctzo/dibyanshu_ws/build/mecanum_control' returned '0': CMAKE_PREFIX_PATH=${CMAKE_PREFIX_PATH}:/home/nyctzo/ros2_ws/install/mecanum_teleop:/opt/ros/jazzy DEBUGINFOD_URLS=https://debuginfod.ubuntu.com /usr/bin/cmake --build /home/nyctzo/dibyanshu_ws/build/mecanum_control -- -j12 -l12
[0.527s] DEBUG:colcon.colcon_core.event_handler.log_command:Invoking command in '/home/nyctzo/dibyanshu_ws/build/mecanum_control': CMAKE_PREFIX_PATH=${CMAKE_PREFIX_PATH}:/home/nyctzo/ros2_ws/install/mecanum_teleop:/opt/ros/jazzy DEBUGINFOD_URLS=https://debuginfod.ubuntu.com /usr/bin/cmake --install /home/nyctzo/dibyanshu_ws/build/mecanum_control
[0.529s] DEBUG:colcon.colcon_core.event_handler.log_command:Invoking command in '/home/nyctzo/dibyanshu_ws/build/my_robot_description': CMAKE_PREFIX_PATH=${CMAKE_PREFIX_PATH}:/home/nyctzo/ros2_ws/install/mecanum_teleop:/opt/ros/jazzy DEBUGINFOD_URLS=https://debuginfod.ubuntu.com /usr/bin/cmake --build /home/nyctzo/dibyanshu_ws/build/my_robot_description -- -j12 -l12
[0.529s] DEBUG:colcon.colcon_core.event_handler.log_command:Invoked command in '/home/nyctzo/dibyanshu_ws/build/mecanum_wheel' returned '0': CMAKE_PREFIX_PATH=${CMAKE_PREFIX_PATH}:/home/nyctzo/ros2_ws/install/mecanum_teleop:/opt/ros/jazzy DEBUGINFOD_URLS=https://debuginfod.ubuntu.com /usr/bin/cmake --build /home/nyctzo/dibyanshu_ws/build/mecanum_wheel -- -j12 -l12
[0.530s] DEBUG:colcon.colcon_core.event_handler.log_command:Invoking command in '/home/nyctzo/dibyanshu_ws/build/mecanum_wheel': CMAKE_PREFIX_PATH=${CMAKE_PREFIX_PATH}:/home/nyctzo/ros2_ws/install/mecanum_teleop:/opt/ros/jazzy DEBUGINFOD_URLS=https://debuginfod.ubuntu.com /usr/bin/cmake --install /home/nyctzo/dibyanshu_ws/build/mecanum_wheel
[0.560s] Level 1:colcon.colcon_core.environment:create_environment_scripts_only(mecanum_control)
[0.560s] DEBUG:colcon.colcon_core.event_handler.log_command:Invoked command in '/home/nyctzo/dibyanshu_ws/build/mecanum_control' returned '0': CMAKE_PREFIX_PATH=${CMAKE_PREFIX_PATH}:/home/nyctzo/ros2_ws/install/mecanum_teleop:/opt/ros/jazzy DEBUGINFOD_URLS=https://debuginfod.ubuntu.com /usr/bin/cmake --install /home/nyctzo/dibyanshu_ws/build/mecanum_control
[0.564s] Level 1:colcon.colcon_core.environment:checking '/home/nyctzo/dibyanshu_ws/install/mecanum_control' for CMake module files
[0.574s] Level 1:colcon.colcon_core.environment:checking '/home/nyctzo/dibyanshu_ws/install/mecanum_control' for CMake config files
[0.574s] Level 1:colcon.colcon_core.shell:create_environment_hook('mecanum_control', 'cmake_prefix_path')
[0.574s] INFO:colcon.colcon_core.shell:Creating environment hook '/home/nyctzo/dibyanshu_ws/install/mecanum_control/share/mecanum_control/hook/cmake_prefix_path.ps1'
[0.574s] INFO:colcon.colcon_core.shell:Creating environment descriptor '/home/nyctzo/dibyanshu_ws/install/mecanum_control/share/mecanum_control/hook/cmake_prefix_path.dsv'
[0.575s] INFO:colcon.colcon_core.shell:Creating environment hook '/home/nyctzo/dibyanshu_ws/install/mecanum_control/share/mecanum_control/hook/cmake_prefix_path.sh'
[0.575s] Level 1:colcon.colcon_core.environment:checking '/home/nyctzo/dibyanshu_ws/install/mecanum_control/lib'
[0.575s] Level 1:colcon.colcon_core.environment:checking '/home/nyctzo/dibyanshu_ws/install/mecanum_control/bin'
[0.575s] Level 1:colcon.colcon_core.environment:checking '/home/nyctzo/dibyanshu_ws/install/mecanum_control/lib/pkgconfig/mecanum_control.pc'
[0.575s] Level 1:colcon.colcon_core.environment:checking '/home/nyctzo/dibyanshu_ws/install/mecanum_control/lib/python3.12/site-packages'
[0.576s] Level 1:colcon.colcon_core.environment:checking '/home/nyctzo/dibyanshu_ws/install/mecanum_control/bin'
[0.576s] INFO:colcon.colcon_core.shell:Creating package script '/home/nyctzo/dibyanshu_ws/install/mecanum_control/share/mecanum_control/package.ps1'
[0.576s] INFO:colcon.colcon_core.shell:Creating package descriptor '/home/nyctzo/dibyanshu_ws/install/mecanum_control/share/mecanum_control/package.dsv'
[0.577s] INFO:colcon.colcon_core.shell:Creating package script '/home/nyctzo/dibyanshu_ws/install/mecanum_control/share/mecanum_control/package.sh'
[0.577s] INFO:colcon.colcon_core.shell:Creating package script '/home/nyctzo/dibyanshu_ws/install/mecanum_control/share/mecanum_control/package.bash'
[0.578s] INFO:colcon.colcon_core.shell:Creating package script '/home/nyctzo/dibyanshu_ws/install/mecanum_control/share/mecanum_control/package.zsh'
[0.578s] Level 1:colcon.colcon_core.environment:create_file_with_runtime_dependencies(/home/nyctzo/dibyanshu_ws/install/mecanum_control/share/colcon-core/packages/mecanum_control)
[0.579s] Level 1:colcon.colcon_core.environment:create_environment_scripts_only(mecanum_control)
[0.579s] Level 1:colcon.colcon_core.environment:checking '/home/nyctzo/dibyanshu_ws/install/mecanum_control' for CMake module files
[0.579s] Level 1:colcon.colcon_core.environment:checking '/home/nyctzo/dibyanshu_ws/install/mecanum_control' for CMake config files
[0.579s] Level 1:colcon.colcon_core.shell:create_environment_hook('mecanum_control', 'cmake_prefix_path')
[0.579s] INFO:colcon.colcon_core.shell:Creating environment hook '/home/nyctzo/dibyanshu_ws/install/mecanum_control/share/mecanum_control/hook/cmake_prefix_path.ps1'
[0.579s] INFO:colcon.colcon_core.shell:Creating environment descriptor '/home/nyctzo/dibyanshu_ws/install/mecanum_control/share/mecanum_control/hook/cmake_prefix_path.dsv'
[0.580s] INFO:colcon.colcon_core.shell:Creating environment hook '/home/nyctzo/dibyanshu_ws/install/mecanum_control/share/mecanum_control/hook/cmake_prefix_path.sh'
[0.580s] Level 1:colcon.colcon_core.environment:checking '/home/nyctzo/dibyanshu_ws/install/mecanum_control/lib'
[0.580s] Level 1:colcon.colcon_core.environment:checking '/home/nyctzo/dibyanshu_ws/install/mecanum_control/bin'
[0.580s] Level 1:colcon.colcon_core.environment:checking '/home/nyctzo/dibyanshu_ws/install/mecanum_control/lib/pkgconfig/mecanum_control.pc'
[0.580s] Level 1:colcon.colcon_core.environment:checking '/home/nyctzo/dibyanshu_ws/install/mecanum_control/lib/python3.12/site-packages'
[0.580s] Level 1:colcon.colcon_core.environment:checking '/home/nyctzo/dibyanshu_ws/install/mecanum_control/bin'
[0.581s] INFO:colcon.colcon_core.shell:Creating package script '/home/nyctzo/dibyanshu_ws/install/mecanum_control/share/mecanum_control/package.ps1'
[0.581s] INFO:colcon.colcon_core.shell:Creating package descriptor '/home/nyctzo/dibyanshu_ws/install/mecanum_control/share/mecanum_control/package.dsv'
[0.581s] INFO:colcon.colcon_core.shell:Creating package script '/home/nyctzo/dibyanshu_ws/install/mecanum_control/share/mecanum_control/package.sh'
[0.581s] INFO:colcon.colcon_core.shell:Creating package script '/home/nyctzo/dibyanshu_ws/install/mecanum_control/share/mecanum_control/package.bash'
[0.582s] INFO:colcon.colcon_core.shell:Creating package script '/home/nyctzo/dibyanshu_ws/install/mecanum_control/share/mecanum_control/package.zsh'
[0.582s] Level 1:colcon.colcon_core.environment:create_file_with_runtime_dependencies(/home/nyctzo/dibyanshu_ws/install/mecanum_control/share/colcon-core/packages/mecanum_control)
[0.582s] Level 1:colcon.colcon_core.environment:create_environment_scripts_only(mecanum_wheel)
[0.583s] Level 1:colcon.colcon_core.environment:checking '/home/nyctzo/dibyanshu_ws/install/mecanum_wheel' for CMake module files
[0.583s] Level 1:colcon.colcon_core.environment:checking '/home/nyctzo/dibyanshu_ws/install/mecanum_wheel' for CMake config files
[0.584s] DEBUG:colcon.colcon_core.event_handler.log_command:Invoked command in '/home/nyctzo/dibyanshu_ws/build/mecanum_wheel' returned '0': CMAKE_PREFIX_PATH=${CMAKE_PREFIX_PATH}:/home/nyctzo/ros2_ws/install/mecanum_teleop:/opt/ros/jazzy DEBUGINFOD_URLS=https://debuginfod.ubuntu.com /usr/bin/cmake --install /home/nyctzo/dibyanshu_ws/build/mecanum_wheel
[0.584s] Level 1:colcon.colcon_core.shell:create_environment_hook('mecanum_wheel', 'cmake_prefix_path')
[0.584s] INFO:colcon.colcon_core.shell:Creating environment hook '/home/nyctzo/dibyanshu_ws/install/mecanum_wheel/share/mecanum_wheel/hook/cmake_prefix_path.ps1'
[0.584s] INFO:colcon.colcon_core.shell:Creating environment descriptor '/home/nyctzo/dibyanshu_ws/install/mecanum_wheel/share/mecanum_wheel/hook/cmake_prefix_path.dsv'
[0.585s] INFO:colcon.colcon_core.shell:Creating environment hook '/home/nyctzo/dibyanshu_ws/install/mecanum_wheel/share/mecanum_wheel/hook/cmake_prefix_path.sh'
[0.585s] Level 1:colcon.colcon_core.environment:checking '/home/nyctzo/dibyanshu_ws/install/mecanum_wheel/bin'
[0.585s] Level 1:colcon.colcon_core.environment:checking '/home/nyctzo/dibyanshu_ws/install/mecanum_wheel/lib/pkgconfig/mecanum_wheel.pc'
[0.585s] Level 1:colcon.colcon_core.environment:checking '/home/nyctzo/dibyanshu_ws/install/mecanum_wheel/lib/python3.12/site-packages'
[0.585s] Level 1:colcon.colcon_core.environment:checking '/home/nyctzo/dibyanshu_ws/install/mecanum_wheel/bin'
[0.586s] INFO:colcon.colcon_core.shell:Creating package script '/home/nyctzo/dibyanshu_ws/install/mecanum_wheel/share/mecanum_wheel/package.ps1'
[0.586s] INFO:colcon.colcon_core.shell:Creating package descriptor '/home/nyctzo/dibyanshu_ws/install/mecanum_wheel/share/mecanum_wheel/package.dsv'
[0.586s] INFO:colcon.colcon_core.shell:Creating package script '/home/nyctzo/dibyanshu_ws/install/mecanum_wheel/share/mecanum_wheel/package.sh'
[0.586s] INFO:colcon.colcon_core.shell:Creating package script '/home/nyctzo/dibyanshu_ws/install/mecanum_wheel/share/mecanum_wheel/package.bash'
[0.587s] INFO:colcon.colcon_core.shell:Creating package script '/home/nyctzo/dibyanshu_ws/install/mecanum_wheel/share/mecanum_wheel/package.zsh'
[0.587s] Level 1:colcon.colcon_core.environment:create_file_with_runtime_dependencies(/home/nyctzo/dibyanshu_ws/install/mecanum_wheel/share/colcon-core/packages/mecanum_wheel)
[0.587s] Level 1:colcon.colcon_core.environment:create_environment_scripts_only(mecanum_wheel)
[0.587s] Level 1:colcon.colcon_core.environment:checking '/home/nyctzo/dibyanshu_ws/install/mecanum_wheel' for CMake module files
[0.588s] Level 1:colcon.colcon_core.environment:checking '/home/nyctzo/dibyanshu_ws/install/mecanum_wheel' for CMake config files
[0.588s] Level 1:colcon.colcon_core.shell:create_environment_hook('mecanum_wheel', 'cmake_prefix_path')
[0.588s] INFO:colcon.colcon_core.shell:Creating environment hook '/home/nyctzo/dibyanshu_ws/install/mecanum_wheel/share/mecanum_wheel/hook/cmake_prefix_path.ps1'
[0.588s] INFO:colcon.colcon_core.shell:Creating environment descriptor '/home/nyctzo/dibyanshu_ws/install/mecanum_wheel/share/mecanum_wheel/hook/cmake_prefix_path.dsv'
[0.588s] INFO:colcon.colcon_core.shell:Creating environment hook '/home/nyctzo/dibyanshu_ws/install/mecanum_wheel/share/mecanum_wheel/hook/cmake_prefix_path.sh'
[0.589s] Level 1:colcon.colcon_core.environment:checking '/home/nyctzo/dibyanshu_ws/install/mecanum_wheel/bin'
[0.589s] Level 1:colcon.colcon_core.environment:checking '/home/nyctzo/dibyanshu_ws/install/mecanum_wheel/lib/pkgconfig/mecanum_wheel.pc'
[0.589s] Level 1:colcon.colcon_core.environment:checking '/home/nyctzo/dibyanshu_ws/install/mecanum_wheel/lib/python3.12/site-packages'
[0.589s] Level 1:colcon.colcon_core.environment:checking '/home/nyctzo/dibyanshu_ws/install/mecanum_wheel/bin'
[0.589s] INFO:colcon.colcon_core.shell:Creating package script '/home/nyctzo/dibyanshu_ws/install/mecanum_wheel/share/mecanum_wheel/package.ps1'
[0.590s] INFO:colcon.colcon_core.shell:Creating package descriptor '/home/nyctzo/dibyanshu_ws/install/mecanum_wheel/share/mecanum_wheel/package.dsv'
[0.590s] INFO:colcon.colcon_core.shell:Creating package script '/home/nyctzo/dibyanshu_ws/install/mecanum_wheel/share/mecanum_wheel/package.sh'
[0.590s] INFO:colcon.colcon_core.shell:Creating package script '/home/nyctzo/dibyanshu_ws/install/mecanum_wheel/share/mecanum_wheel/package.bash'
[0.590s] INFO:colcon.colcon_core.shell:Creating package script '/home/nyctzo/dibyanshu_ws/install/mecanum_wheel/share/mecanum_wheel/package.zsh'
[0.591s] Level 1:colcon.colcon_core.environment:create_file_with_runtime_dependencies(/home/nyctzo/dibyanshu_ws/install/mecanum_wheel/share/colcon-core/packages/mecanum_wheel)
[0.591s] DEBUG:colcon.colcon_core.event_handler.log_command:Invoked command in '/home/nyctzo/dibyanshu_ws/build/my_robot_description' returned '0': CMAKE_PREFIX_PATH=${CMAKE_PREFIX_PATH}:/home/nyctzo/ros2_ws/install/mecanum_teleop:/opt/ros/jazzy DEBUGINFOD_URLS=https://debuginfod.ubuntu.com /usr/bin/cmake --build /home/nyctzo/dibyanshu_ws/build/my_robot_description -- -j12 -l12
[0.592s] DEBUG:colcon.colcon_core.event_handler.log_command:Invoking command in '/home/nyctzo/dibyanshu_ws/build/my_robot_description': CMAKE_PREFIX_PATH=${CMAKE_PREFIX_PATH}:/home/nyctzo/ros2_ws/install/mecanum_teleop:/opt/ros/jazzy DEBUGINFOD_URLS=https://debuginfod.ubuntu.com /usr/bin/cmake --install /home/nyctzo/dibyanshu_ws/build/my_robot_description
[0.611s] Level 1:colcon.colcon_core.environment:create_environment_scripts_only(my_robot_description)
[0.612s] Level 1:colcon.colcon_core.environment:checking '/home/nyctzo/dibyanshu_ws/install/my_robot_description' for CMake module files
[0.612s] DEBUG:colcon.colcon_core.event_handler.log_command:Invoked command in '/home/nyctzo/dibyanshu_ws/build/my_robot_description' returned '0': CMAKE_PREFIX_PATH=${CMAKE_PREFIX_PATH}:/home/nyctzo/ros2_ws/install/mecanum_teleop:/opt/ros/jazzy DEBUGINFOD_URLS=https://debuginfod.ubuntu.com /usr/bin/cmake --install /home/nyctzo/dibyanshu_ws/build/my_robot_description
[0.613s] Level 1:colcon.colcon_core.environment:checking '/home/nyctzo/dibyanshu_ws/install/my_robot_description' for CMake config files
[0.614s] Level 1:colcon.colcon_core.shell:create_environment_hook('my_robot_description', 'cmake_prefix_path')
[0.614s] INFO:colcon.colcon_core.shell:Creating environment hook '/home/nyctzo/dibyanshu_ws/install/my_robot_description/share/my_robot_description/hook/cmake_prefix_path.ps1'
[0.614s] INFO:colcon.colcon_core.shell:Creating environment descriptor '/home/nyctzo/dibyanshu_ws/install/my_robot_description/share/my_robot_description/hook/cmake_prefix_path.dsv'
[0.615s] INFO:colcon.colcon_core.shell:Creating environment hook '/home/nyctzo/dibyanshu_ws/install/my_robot_description/share/my_robot_description/hook/cmake_prefix_path.sh'
[0.615s] Level 1:colcon.colcon_core.environment:checking '/home/nyctzo/dibyanshu_ws/install/my_robot_description/bin'
[0.615s] Level 1:colcon.colcon_core.environment:checking '/home/nyctzo/dibyanshu_ws/install/my_robot_description/lib/pkgconfig/my_robot_description.pc'
[0.616s] Level 1:colcon.colcon_core.environment:checking '/home/nyctzo/dibyanshu_ws/install/my_robot_description/lib/python3.12/site-packages'
[0.616s] Level 1:colcon.colcon_core.environment:checking '/home/nyctzo/dibyanshu_ws/install/my_robot_description/bin'
[0.616s] INFO:colcon.colcon_core.shell:Creating package script '/home/nyctzo/dibyanshu_ws/install/my_robot_description/share/my_robot_description/package.ps1'
[0.617s] INFO:colcon.colcon_core.shell:Creating package descriptor '/home/nyctzo/dibyanshu_ws/install/my_robot_description/share/my_robot_description/package.dsv'
[0.617s] INFO:colcon.colcon_core.shell:Creating package script '/home/nyctzo/dibyanshu_ws/install/my_robot_description/share/my_robot_description/package.sh'
[0.618s] INFO:colcon.colcon_core.shell:Creating package script '/home/nyctzo/dibyanshu_ws/install/my_robot_description/share/my_robot_description/package.bash'
[0.618s] INFO:colcon.colcon_core.shell:Creating package script '/home/nyctzo/dibyanshu_ws/install/my_robot_description/share/my_robot_description/package.zsh'
[0.618s] Level 1:colcon.colcon_core.environment:create_file_with_runtime_dependencies(/home/nyctzo/dibyanshu_ws/install/my_robot_description/share/colcon-core/packages/my_robot_description)
[0.619s] Level 1:colcon.colcon_core.environment:create_environment_scripts_only(my_robot_description)
[0.619s] Level 1:colcon.colcon_core.environment:checking '/home/nyctzo/dibyanshu_ws/install/my_robot_description' for CMake module files
[0.619s] Level 1:colcon.colcon_core.environment:checking '/home/nyctzo/dibyanshu_ws/install/my_robot_description' for CMake config files
[0.619s] Level 1:colcon.colcon_core.shell:create_environment_hook('my_robot_description', 'cmake_prefix_path')
[0.619s] INFO:colcon.colcon_core.shell:Creating environment hook '/home/nyctzo/dibyanshu_ws/install/my_robot_description/share/my_robot_description/hook/cmake_prefix_path.ps1'
[0.620s] INFO:colcon.colcon_core.shell:Creating environment descriptor '/home/nyctzo/dibyanshu_ws/install/my_robot_description/share/my_robot_description/hook/cmake_prefix_path.dsv'
[0.620s] INFO:colcon.colcon_core.shell:Creating environment hook '/home/nyctzo/dibyanshu_ws/install/my_robot_description/share/my_robot_description/hook/cmake_prefix_path.sh'
[0.620s] Level 1:colcon.colcon_core.environment:checking '/home/nyctzo/dibyanshu_ws/install/my_robot_description/bin'
[0.620s] Level 1:colcon.colcon_core.environment:checking '/home/nyctzo/dibyanshu_ws/install/my_robot_description/lib/pkgconfig/my_robot_description.pc'
[0.621s] Level 1:colcon.colcon_core.environment:checking '/home/nyctzo/dibyanshu_ws/install/my_robot_description/lib/python3.12/site-packages'
[0.621s] Level 1:colcon.colcon_core.environment:checking '/home/nyctzo/dibyanshu_ws/install/my_robot_description/bin'
[0.621s] INFO:colcon.colcon_core.shell:Creating package script '/home/nyctzo/dibyanshu_ws/install/my_robot_description/share/my_robot_description/package.ps1'
[0.621s] INFO:colcon.colcon_core.shell:Creating package descriptor '/home/nyctzo/dibyanshu_ws/install/my_robot_description/share/my_robot_description/package.dsv'
[0.621s] INFO:colcon.colcon_core.shell:Creating package script '/home/nyctzo/dibyanshu_ws/install/my_robot_description/share/my_robot_description/package.sh'
[0.622s] INFO:colcon.colcon_core.shell:Creating package script '/home/nyctzo/dibyanshu_ws/install/my_robot_description/share/my_robot_description/package.bash'
[0.622s] INFO:colcon.colcon_core.shell:Creating package script '/home/nyctzo/dibyanshu_ws/install/my_robot_description/share/my_robot_description/package.zsh'
[0.623s] Level 1:colcon.colcon_core.environment:create_file_with_runtime_dependencies(/home/nyctzo/dibyanshu_ws/install/my_robot_description/share/colcon-core/packages/my_robot_description)
[0.989s] DEBUG:colcon.colcon_core.task.python.build:Available setuptools commands: easy_install, develop, alias, install_headers, sdist, build_scripts, build_clib, egg_info, symlink_data, editable_wheel, saveopts, install, dist_info, check, bdist, bdist_rpm, test, install_scripts, setopt, update_catalog, install_egg_info, clean, install_data, upload_docs, register, build_ext, compile_catalog, rotate, upload, install_lib, build, bdist_dumb, bdist_egg, build_py, init_catalog, extract_messages
[0.990s] DEBUG:colcon.colcon_core.task.python.build:Available setuptools commands: easy_install, develop, alias, install_headers, sdist, build_scripts, build_clib, egg_info, symlink_data, editable_wheel, saveopts, install, dist_info, check, bdist, bdist_rpm, test, install_scripts, setopt, update_catalog, install_egg_info, clean, install_data, upload_docs, register, build_ext, compile_catalog, rotate, upload, install_lib, build, bdist_dumb, bdist_egg, build_py, init_catalog, extract_messages
[0.991s] DEBUG:colcon.colcon_core.event_handler.log_command:Invoking command in '/home/nyctzo/dibyanshu_ws/src/ros2_jazzy/src/my_first_pkg': DEBUGINFOD_URLS=https://debuginfod.ubuntu.com PYTHONPATH=/home/nyctzo/dibyanshu_ws/build/my_first_pkg/prefix_override:/usr/lib/python3/dist-packages/colcon_core/task/python/colcon_distutils_commands:/home/nyctzo/dibyanshu_ws/install/my_first_pkg/lib/python3.12/site-packages:${PYTHONPATH} /usr/bin/python3 -W ignore:setup.py install is deprecated -W ignore:easy_install command is deprecated setup.py egg_info --egg-base ../../../../build/my_first_pkg build --build-base /home/nyctzo/dibyanshu_ws/build/my_first_pkg/build install --record /home/nyctzo/dibyanshu_ws/build/my_first_pkg/install.log --install-scripts $base/lib/my_first_pkg --single-version-externally-managed install_data
[0.992s] DEBUG:colcon.colcon_core.event_handler.log_command:Invoking command in '/home/nyctzo/dibyanshu_ws/src/ros2_jazzy/src/mecanum_bringup': DEBUGINFOD_URLS=https://debuginfod.ubuntu.com PYTHONPATH=/home/nyctzo/dibyanshu_ws/build/mecanum_bringup/prefix_override:/usr/lib/python3/dist-packages/colcon_core/task/python/colcon_distutils_commands:/home/nyctzo/dibyanshu_ws/install/mecanum_bringup/lib/python3.12/site-packages:${PYTHONPATH} /usr/bin/python3 -W ignore:setup.py install is deprecated -W ignore:easy_install command is deprecated setup.py egg_info --egg-base ../../../../build/mecanum_bringup build --build-base /home/nyctzo/dibyanshu_ws/build/mecanum_bringup/build install --record /home/nyctzo/dibyanshu_ws/build/mecanum_bringup/install.log --install-scripts $base/lib/mecanum_bringup --single-version-externally-managed install_data
[1.325s] Level 1:colcon.colcon_core.environment:checking '/home/nyctzo/dibyanshu_ws/install/my_first_pkg' for CMake module files
[1.326s] DEBUG:colcon.colcon_core.event_handler.log_command:Invoked command in '/home/nyctzo/dibyanshu_ws/src/ros2_jazzy/src/my_first_pkg' returned '0': DEBUGINFOD_URLS=https://debuginfod.ubuntu.com PYTHONPATH=/home/nyctzo/dibyanshu_ws/build/my_first_pkg/prefix_override:/usr/lib/python3/dist-packages/colcon_core/task/python/colcon_distutils_commands:/home/nyctzo/dibyanshu_ws/install/my_first_pkg/lib/python3.12/site-packages:${PYTHONPATH} /usr/bin/python3 -W ignore:setup.py install is deprecated -W ignore:easy_install command is deprecated setup.py egg_info --egg-base ../../../../build/my_first_pkg build --build-base /home/nyctzo/dibyanshu_ws/build/my_first_pkg/build install --record /home/nyctzo/dibyanshu_ws/build/my_first_pkg/install.log --install-scripts $base/lib/my_first_pkg --single-version-externally-managed install_data
[1.326s] Level 1:colcon.colcon_core.environment:checking '/home/nyctzo/dibyanshu_ws/install/my_first_pkg' for CMake config files
[1.327s] Level 1:colcon.colcon_core.environment:checking '/home/nyctzo/dibyanshu_ws/install/my_first_pkg/lib'
[1.327s] Level 1:colcon.colcon_core.environment:checking '/home/nyctzo/dibyanshu_ws/install/my_first_pkg/bin'
[1.327s] Level 1:colcon.colcon_core.environment:checking '/home/nyctzo/dibyanshu_ws/install/my_first_pkg/lib/pkgconfig/my_first_pkg.pc'
[1.328s] Level 1:colcon.colcon_core.environment:checking '/home/nyctzo/dibyanshu_ws/install/my_first_pkg/lib/python3.12/site-packages'
[1.328s] Level 1:colcon.colcon_core.shell:create_environment_hook('my_first_pkg', 'pythonpath')
[1.328s] INFO:colcon.colcon_core.shell:Creating environment hook '/home/nyctzo/dibyanshu_ws/install/my_first_pkg/share/my_first_pkg/hook/pythonpath.ps1'
[1.328s] INFO:colcon.colcon_core.shell:Creating environment descriptor '/home/nyctzo/dibyanshu_ws/install/my_first_pkg/share/my_first_pkg/hook/pythonpath.dsv'
[1.328s] INFO:colcon.colcon_core.shell:Creating environment hook '/home/nyctzo/dibyanshu_ws/install/my_first_pkg/share/my_first_pkg/hook/pythonpath.sh'
[1.329s] Level 1:colcon.colcon_core.environment:checking '/home/nyctzo/dibyanshu_ws/install/my_first_pkg/bin'
[1.329s] Level 1:colcon.colcon_core.environment:create_environment_scripts_only(my_first_pkg)
[1.329s] INFO:colcon.colcon_core.shell:Creating package script '/home/nyctzo/dibyanshu_ws/install/my_first_pkg/share/my_first_pkg/package.ps1'
[1.329s] INFO:colcon.colcon_core.shell:Creating package descriptor '/home/nyctzo/dibyanshu_ws/install/my_first_pkg/share/my_first_pkg/package.dsv'
[1.330s] INFO:colcon.colcon_core.shell:Creating package script '/home/nyctzo/dibyanshu_ws/install/my_first_pkg/share/my_first_pkg/package.sh'
[1.330s] INFO:colcon.colcon_core.shell:Creating package script '/home/nyctzo/dibyanshu_ws/install/my_first_pkg/share/my_first_pkg/package.bash'
[1.330s] INFO:colcon.colcon_core.shell:Creating package script '/home/nyctzo/dibyanshu_ws/install/my_first_pkg/share/my_first_pkg/package.zsh'
[1.330s] Level 1:colcon.colcon_core.environment:create_file_with_runtime_dependencies(/home/nyctzo/dibyanshu_ws/install/my_first_pkg/share/colcon-core/packages/my_first_pkg)
[1.338s] Level 1:colcon.colcon_core.environment:checking '/home/nyctzo/dibyanshu_ws/install/mecanum_bringup' for CMake module files
[1.339s] DEBUG:colcon.colcon_core.event_handler.log_command:Invoked command in '/home/nyctzo/dibyanshu_ws/src/ros2_jazzy/src/mecanum_bringup' returned '0': DEBUGINFOD_URLS=https://debuginfod.ubuntu.com PYTHONPATH=/home/nyctzo/dibyanshu_ws/build/mecanum_bringup/prefix_override:/usr/lib/python3/dist-packages/colcon_core/task/python/colcon_distutils_commands:/home/nyctzo/dibyanshu_ws/install/mecanum_bringup/lib/python3.12/site-packages:${PYTHONPATH} /usr/bin/python3 -W ignore:setup.py install is deprecated -W ignore:easy_install command is deprecated setup.py egg_info --egg-base ../../../../build/mecanum_bringup build --build-base /home/nyctzo/dibyanshu_ws/build/mecanum_bringup/build install --record /home/nyctzo/dibyanshu_ws/build/mecanum_bringup/install.log --install-scripts $base/lib/mecanum_bringup --single-version-externally-managed install_data
[1.339s] Level 1:colcon.colcon_core.environment:checking '/home/nyctzo/dibyanshu_ws/install/mecanum_bringup' for CMake config files
[1.340s] Level 1:colcon.colcon_core.environment:checking '/home/nyctzo/dibyanshu_ws/install/mecanum_bringup/lib'
[1.340s] Level 1:colcon.colcon_core.environment:checking '/home/nyctzo/dibyanshu_ws/install/mecanum_bringup/bin'
[1.340s] Level 1:colcon.colcon_core.environment:checking '/home/nyctzo/dibyanshu_ws/install/mecanum_bringup/lib/pkgconfig/mecanum_bringup.pc'
[1.341s] Level 1:colcon.colcon_core.environment:checking '/home/nyctzo/dibyanshu_ws/install/mecanum_bringup/lib/python3.12/site-packages'
[1.341s] Level 1:colcon.colcon_core.shell:create_environment_hook('mecanum_bringup', 'pythonpath')
[1.341s] INFO:colcon.colcon_core.shell:Creating environment hook '/home/nyctzo/dibyanshu_ws/install/mecanum_bringup/share/mecanum_bringup/hook/pythonpath.ps1'
[1.341s] INFO:colcon.colcon_core.shell:Creating environment descriptor '/home/nyctzo/dibyanshu_ws/install/mecanum_bringup/share/mecanum_bringup/hook/pythonpath.dsv'
[1.342s] INFO:colcon.colcon_core.shell:Creating environment hook '/home/nyctzo/dibyanshu_ws/install/mecanum_bringup/share/mecanum_bringup/hook/pythonpath.sh'
[1.342s] Level 1:colcon.colcon_core.environment:checking '/home/nyctzo/dibyanshu_ws/install/mecanum_bringup/bin'
[1.343s] Level 1:colcon.colcon_core.environment:create_environment_scripts_only(mecanum_bringup)
[1.343s] INFO:colcon.colcon_core.shell:Creating package script '/home/nyctzo/dibyanshu_ws/install/mecanum_bringup/share/mecanum_bringup/package.ps1'
[1.343s] INFO:colcon.colcon_core.shell:Creating package descriptor '/home/nyctzo/dibyanshu_ws/install/mecanum_bringup/share/mecanum_bringup/package.dsv'
[1.344s] INFO:colcon.colcon_core.shell:Creating package script '/home/nyctzo/dibyanshu_ws/install/mecanum_bringup/share/mecanum_bringup/package.sh'
[1.344s] INFO:colcon.colcon_core.shell:Creating package script '/home/nyctzo/dibyanshu_ws/install/mecanum_bringup/share/mecanum_bringup/package.bash'
[1.344s] INFO:colcon.colcon_core.shell:Creating package script '/home/nyctzo/dibyanshu_ws/install/mecanum_bringup/share/mecanum_bringup/package.zsh'
[1.345s] Level 1:colcon.colcon_core.environment:create_file_with_runtime_dependencies(/home/nyctzo/dibyanshu_ws/install/mecanum_bringup/share/colcon-core/packages/mecanum_bringup)
[1.345s] DEBUG:colcon.colcon_parallel_executor.executor.parallel:closing loop
[1.345s] DEBUG:colcon.colcon_parallel_executor.executor.parallel:loop closed
[1.345s] DEBUG:colcon.colcon_parallel_executor.executor.parallel:run_until_complete finished with '0'
[1.345s] DEBUG:colcon.colcon_core.event_reactor:joining thread
[1.350s] INFO:colcon.colcon_core.plugin_system:Skipping extension 'colcon_notification.desktop_notification.terminal_notifier': Not used on non-Darwin systems
[1.350s] INFO:colcon.colcon_core.plugin_system:Skipping extension 'colcon_notification.desktop_notification.win32': Not used on non-Windows systems
[1.350s] INFO:colcon.colcon_notification.desktop_notification:Sending desktop notification using 'notify2'
[1.366s] DEBUG:colcon.colcon_core.event_reactor:joined thread
[1.367s] INFO:colcon.colcon_core.shell:Creating prefix script '/home/nyctzo/dibyanshu_ws/install/local_setup.ps1'
[1.368s] INFO:colcon.colcon_core.shell:Creating prefix util module '/home/nyctzo/dibyanshu_ws/install/_local_setup_util_ps1.py'
[1.369s] INFO:colcon.colcon_core.shell:Creating prefix chain script '/home/nyctzo/dibyanshu_ws/install/setup.ps1'
[1.370s] INFO:colcon.colcon_core.shell:Creating prefix script '/home/nyctzo/dibyanshu_ws/install/local_setup.sh'
[1.371s] INFO:colcon.colcon_core.shell:Creating prefix util module '/home/nyctzo/dibyanshu_ws/install/_local_setup_util_sh.py'
[1.371s] INFO:colcon.colcon_core.shell:Creating prefix chain script '/home/nyctzo/dibyanshu_ws/install/setup.sh'
[1.372s] INFO:colcon.colcon_core.shell:Creating prefix script '/home/nyctzo/dibyanshu_ws/install/local_setup.bash'
[1.372s] INFO:colcon.colcon_core.shell:Creating prefix chain script '/home/nyctzo/dibyanshu_ws/install/setup.bash'
[1.373s] INFO:colcon.colcon_core.shell:Creating prefix script '/home/nyctzo/dibyanshu_ws/install/local_setup.zsh'
[1.374s] INFO:colcon.colcon_core.shell:Creating prefix chain script '/home/nyctzo/dibyanshu_ws/install/setup.zsh'
