-- Found ament_cmake: 2.5.6 (/opt/ros/jazzy/share/ament_cmake/cmake)
-- Override CMake install command with custom implementation using symlinks instead of copying resources
-- Configuring done (0.4s)
-- Generating done (0.0s)
-- Build files have been written to: /home/nyctzo/dibyanshu_ws/build/my_robot_description
-- Install configuration: ""
-- Execute custom install script
-- Up-to-date symlink: /home/nyctzo/dibyanshu_ws/install/my_robot_description/share/my_robot_description/urdf/robot_model.xacro
-- Up-to-date symlink: /home/nyctzo/dibyanshu_ws/install/my_robot_description/share/my_robot_description/urdf/ros2_control.xacro
-- Up-to-date symlink: /home/nyctzo/dibyanshu_ws/install/my_robot_description/share/my_robot_description/launch/gazebo_robot.launch.py
-- Up-to-date symlink: /home/nyctzo/dibyanshu_ws/install/my_robot_description/share/my_robot_description/rviz/.gitkeep
-- Up-to-date symlink: /home/nyctzo/dibyanshu_ws/install/my_robot_description/share/my_robot_description/worlds/robot_model_world.sdf
-- Up-to-date symlink: /home/nyctzo/dibyanshu_ws/install/my_robot_description/share/my_robot_description/config/controllers.yaml
-- Up-to-date symlink: /home/nyctzo/dibyanshu_ws/install/my_robot_description/share/ament_index/resource_index/package_run_dependencies/my_robot_description
-- Up-to-date symlink: /home/nyctzo/dibyanshu_ws/install/my_robot_description/share/ament_index/resource_index/parent_prefix_path/my_robot_description
-- Up-to-date symlink: /home/nyctzo/dibyanshu_ws/install/my_robot_description/share/my_robot_description/environment/ament_prefix_path.sh
-- Up-to-date symlink: /home/nyctzo/dibyanshu_ws/install/my_robot_description/share/my_robot_description/environment/ament_prefix_path.dsv
-- Up-to-date symlink: /home/nyctzo/dibyanshu_ws/install/my_robot_description/share/my_robot_description/environment/path.sh
-- Up-to-date symlink: /home/nyctzo/dibyanshu_ws/install/my_robot_description/share/my_robot_description/environment/path.dsv
-- Up-to-date symlink: /home/nyctzo/dibyanshu_ws/install/my_robot_description/share/my_robot_description/local_setup.bash
-- Up-to-date symlink: /home/nyctzo/dibyanshu_ws/install/my_robot_description/share/my_robot_description/local_setup.sh
-- Up-to-date symlink: /home/nyctzo/dibyanshu_ws/install/my_robot_description/share/my_robot_description/local_setup.zsh
-- Up-to-date symlink: /home/nyctzo/dibyanshu_ws/install/my_robot_description/share/my_robot_description/local_setup.dsv
-- Symlinking: /home/nyctzo/dibyanshu_ws/install/my_robot_description/share/my_robot_description/package.dsv
-- Up-to-date symlink: /home/nyctzo/dibyanshu_ws/install/my_robot_description/share/ament_index/resource_index/packages/my_robot_description
-- Up-to-date symlink: /home/nyctzo/dibyanshu_ws/install/my_robot_description/share/my_robot_description/cmake/my_robot_descriptionConfig.cmake
-- Up-to-date symlink: /home/nyctzo/dibyanshu_ws/install/my_robot_description/share/my_robot_description/cmake/my_robot_descriptionConfig-version.cmake
-- Up-to-date symlink: /home/nyctzo/dibyanshu_ws/install/my_robot_description/share/my_robot_description/package.xml
