[0.019s] Invoking command in '/home/nyctzo/dibyanshu_ws/build/my_robot_description': CMAKE_PREFIX_PATH=${CMAKE_PREFIX_PATH}:/home/nyctzo/ros2_ws/install/mecanum_teleop:/opt/ros/jazzy DEBUGINFOD_URLS=https://debuginfod.ubuntu.com /usr/bin/cmake /home/nyctzo/dibyanshu_ws/src/ros2_jazzy/src/my_robot_description -DCMAKE_INSTALL_PREFIX=/home/nyctzo/dibyanshu_ws/install/my_robot_description
[0.067s] -- Found ament_cmake: 2.5.6 (/opt/ros/jazzy/share/ament_cmake/cmake)
[0.315s] -- Override CMake install command with custom implementation using symlinks instead of copying resources
[0.445s] -- Configuring done (0.4s)
[0.452s] -- Generating done (0.0s)
[0.454s] -- Build files have been written to: /home/nyctzo/dibyanshu_ws/build/my_robot_description
[0.458s] Invoked command in '/home/nyctzo/dibyanshu_ws/build/my_robot_description' returned '0': CMAKE_PREFIX_PATH=${CMAKE_PREFIX_PATH}:/home/nyctzo/ros2_ws/install/mecanum_teleop:/opt/ros/jazzy DEBUGINFOD_URLS=https://debuginfod.ubuntu.com /usr/bin/cmake /home/nyctzo/dibyanshu_ws/src/ros2_jazzy/src/my_robot_description -DCMAKE_INSTALL_PREFIX=/home/nyctzo/dibyanshu_ws/install/my_robot_description
[0.460s] Invoking command in '/home/nyctzo/dibyanshu_ws/build/my_robot_description': CMAKE_PREFIX_PATH=${CMAKE_PREFIX_PATH}:/home/nyctzo/ros2_ws/install/mecanum_teleop:/opt/ros/jazzy DEBUGINFOD_URLS=https://debuginfod.ubuntu.com /usr/bin/cmake --build /home/nyctzo/dibyanshu_ws/build/my_robot_description -- -j12 -l12
[0.504s] Invoked command in '/home/nyctzo/dibyanshu_ws/build/my_robot_description' returned '0': CMAKE_PREFIX_PATH=${CMAKE_PREFIX_PATH}:/home/nyctzo/ros2_ws/install/mecanum_teleop:/opt/ros/jazzy DEBUGINFOD_URLS=https://debuginfod.ubuntu.com /usr/bin/cmake --build /home/nyctzo/dibyanshu_ws/build/my_robot_description -- -j12 -l12
[0.516s] Invoking command in '/home/nyctzo/dibyanshu_ws/build/my_robot_description': CMAKE_PREFIX_PATH=${CMAKE_PREFIX_PATH}:/home/nyctzo/ros2_ws/install/mecanum_teleop:/opt/ros/jazzy DEBUGINFOD_URLS=https://debuginfod.ubuntu.com /usr/bin/cmake --install /home/nyctzo/dibyanshu_ws/build/my_robot_description
[0.527s] -- Install configuration: ""
[0.528s] -- Execute custom install script
[0.528s] -- Up-to-date symlink: /home/nyctzo/dibyanshu_ws/install/my_robot_description/share/my_robot_description/urdf/robot_model.xacro
[0.529s] -- Up-to-date symlink: /home/nyctzo/dibyanshu_ws/install/my_robot_description/share/my_robot_description/urdf/ros2_control.xacro
[0.529s] -- Up-to-date symlink: /home/nyctzo/dibyanshu_ws/install/my_robot_description/share/my_robot_description/launch/gazebo_robot.launch.py
[0.529s] -- Up-to-date symlink: /home/nyctzo/dibyanshu_ws/install/my_robot_description/share/my_robot_description/rviz/.gitkeep
[0.529s] -- Up-to-date symlink: /home/nyctzo/dibyanshu_ws/install/my_robot_description/share/my_robot_description/worlds/robot_model_world.sdf
[0.530s] -- Up-to-date symlink: /home/nyctzo/dibyanshu_ws/install/my_robot_description/share/my_robot_description/config/controllers.yaml
[0.530s] -- Up-to-date symlink: /home/nyctzo/dibyanshu_ws/install/my_robot_description/share/ament_index/resource_index/package_run_dependencies/my_robot_description
[0.530s] -- Up-to-date symlink: /home/nyctzo/dibyanshu_ws/install/my_robot_description/share/ament_index/resource_index/parent_prefix_path/my_robot_description
[0.530s] -- Up-to-date symlink: /home/nyctzo/dibyanshu_ws/install/my_robot_description/share/my_robot_description/environment/ament_prefix_path.sh
[0.531s] -- Up-to-date symlink: /home/nyctzo/dibyanshu_ws/install/my_robot_description/share/my_robot_description/environment/ament_prefix_path.dsv
[0.531s] -- Up-to-date symlink: /home/nyctzo/dibyanshu_ws/install/my_robot_description/share/my_robot_description/environment/path.sh
[0.531s] -- Up-to-date symlink: /home/nyctzo/dibyanshu_ws/install/my_robot_description/share/my_robot_description/environment/path.dsv
[0.531s] -- Up-to-date symlink: /home/nyctzo/dibyanshu_ws/install/my_robot_description/share/my_robot_description/local_setup.bash
[0.531s] -- Up-to-date symlink: /home/nyctzo/dibyanshu_ws/install/my_robot_description/share/my_robot_description/local_setup.sh
[0.531s] -- Up-to-date symlink: /home/nyctzo/dibyanshu_ws/install/my_robot_description/share/my_robot_description/local_setup.zsh
[0.531s] -- Up-to-date symlink: /home/nyctzo/dibyanshu_ws/install/my_robot_description/share/my_robot_description/local_setup.dsv
[0.532s] -- Symlinking: /home/nyctzo/dibyanshu_ws/install/my_robot_description/share/my_robot_description/package.dsv
[0.541s] -- Up-to-date symlink: /home/nyctzo/dibyanshu_ws/install/my_robot_description/share/ament_index/resource_index/packages/my_robot_description
[0.541s] -- Up-to-date symlink: /home/nyctzo/dibyanshu_ws/install/my_robot_description/share/my_robot_description/cmake/my_robot_descriptionConfig.cmake
[0.541s] -- Up-to-date symlink: /home/nyctzo/dibyanshu_ws/install/my_robot_description/share/my_robot_description/cmake/my_robot_descriptionConfig-version.cmake
[0.542s] -- Up-to-date symlink: /home/nyctzo/dibyanshu_ws/install/my_robot_description/share/my_robot_description/package.xml
[0.544s] Invoked command in '/home/nyctzo/dibyanshu_ws/build/my_robot_description' returned '0': CMAKE_PREFIX_PATH=${CMAKE_PREFIX_PATH}:/home/nyctzo/ros2_ws/install/mecanum_teleop:/opt/ros/jazzy DEBUGINFOD_URLS=https://debuginfod.ubuntu.com /usr/bin/cmake --install /home/nyctzo/dibyanshu_ws/build/my_robot_description
