[0.115s] DEBUG:colcon:Command line arguments: ['/usr/bin/colcon', 'build', '--packages-select', 'mecanum_wheel']
[0.115s] DEBUG:colcon:Parsed command line arguments: Namespace(log_base=None, log_level=None, verb_name='build', build_base='build', install_base='install', merge_install=False, symlink_install=False, test_result_base=None, continue_on_error=False, executor='parallel', parallel_workers=12, event_handlers=None, ignore_user_meta=False, metas=['./colcon.meta'], base_paths=['.'], packages_ignore=None, packages_ignore_regex=None, paths=None, packages_up_to=None, packages_up_to_regex=None, packages_above=None, packages_above_and_dependencies=None, packages_above_depth=None, packages_select_by_dep=None, packages_skip_by_dep=None, packages_skip_up_to=None, packages_select_build_failed=False, packages_skip_build_finished=False, packages_select_test_failures=False, packages_skip_test_passed=False, packages_select=['mecanum_wheel'], packages_skip=None, packages_select_regex=None, packages_skip_regex=None, packages_start=None, packages_end=None, allow_overriding=[], cmake_args=None, cmake_target=None, cmake_target_skip_unavailable=False, cmake_clean_cache=False, cmake_clean_first=False, cmake_force_configure=False, ament_cmake_args=None, catkin_cmake_args=None, catkin_skip_building_tests=False, verb_parser=<colcon_defaults.argument_parser.defaults.DefaultArgumentsDecorator object at 0x72fb2537b110>, verb_extension=<colcon_core.verb.build.BuildVerb object at 0x72fb2537b200>, main=<bound method BuildVerb.main of <colcon_core.verb.build.BuildVerb object at 0x72fb2537b200>>)
[0.167s] Level 1:colcon.colcon_core.package_discovery:discover_packages(colcon_meta) check parameters
[0.167s] Level 1:colcon.colcon_core.package_discovery:discover_packages(recursive) check parameters
[0.167s] Level 1:colcon.colcon_core.package_discovery:discover_packages(ignore) check parameters
[0.167s] Level 1:colcon.colcon_core.package_discovery:discover_packages(path) check parameters
[0.167s] Level 1:colcon.colcon_core.package_discovery:discover_packages(colcon_meta) discover
[0.167s] Level 1:colcon.colcon_core.package_discovery:discover_packages(recursive) discover
[0.167s] INFO:colcon.colcon_core.package_discovery:Crawling recursively for packages in '/home/nyctzo/dibyanshu_ws'
[0.168s] Level 1:colcon.colcon_core.package_identification:_identify(.) by extensions ['ignore', 'ignore_ament_install']
[0.168s] Level 1:colcon.colcon_core.package_identification:_identify(.) by extension 'ignore'
[0.168s] Level 1:colcon.colcon_core.package_identification:_identify(.) by extension 'ignore_ament_install'
[0.168s] Level 1:colcon.colcon_core.package_identification:_identify(.) by extensions ['colcon_pkg']
[0.168s] Level 1:colcon.colcon_core.package_identification:_identify(.) by extension 'colcon_pkg'
[0.168s] Level 1:colcon.colcon_core.package_identification:_identify(.) by extensions ['colcon_meta']
[0.168s] Level 1:colcon.colcon_core.package_identification:_identify(.) by extension 'colcon_meta'
[0.168s] Level 1:colcon.colcon_core.package_identification:_identify(.) by extensions ['ros']
[0.168s] Level 1:colcon.colcon_core.package_identification:_identify(.) by extension 'ros'
[0.196s] Level 1:colcon.colcon_core.package_identification:_identify(.) by extensions ['cmake', 'python']
[0.196s] Level 1:colcon.colcon_core.package_identification:_identify(.) by extension 'cmake'
[0.196s] Level 1:colcon.colcon_core.package_identification:_identify(.) by extension 'python'
[0.196s] Level 1:colcon.colcon_core.package_identification:_identify(.) by extensions ['python_setup_py']
[0.196s] Level 1:colcon.colcon_core.package_identification:_identify(.) by extension 'python_setup_py'
[0.196s] Level 1:colcon.colcon_core.package_identification:_identify(build) by extensions ['ignore', 'ignore_ament_install']
[0.196s] Level 1:colcon.colcon_core.package_identification:_identify(build) by extension 'ignore'
[0.196s] Level 1:colcon.colcon_core.package_identification:_identify(build) ignored
[0.196s] Level 1:colcon.colcon_core.package_identification:_identify(install) by extensions ['ignore', 'ignore_ament_install']
[0.197s] Level 1:colcon.colcon_core.package_identification:_identify(install) by extension 'ignore'
[0.197s] Level 1:colcon.colcon_core.package_identification:_identify(install) ignored
[0.197s] Level 1:colcon.colcon_core.package_identification:_identify(log) by extensions ['ignore', 'ignore_ament_install']
[0.197s] Level 1:colcon.colcon_core.package_identification:_identify(log) by extension 'ignore'
[0.197s] Level 1:colcon.colcon_core.package_identification:_identify(log) ignored
[0.197s] Level 1:colcon.colcon_core.package_identification:_identify(maps) by extensions ['ignore', 'ignore_ament_install']
[0.197s] Level 1:colcon.colcon_core.package_identification:_identify(maps) by extension 'ignore'
[0.197s] Level 1:colcon.colcon_core.package_identification:_identify(maps) by extension 'ignore_ament_install'
[0.197s] Level 1:colcon.colcon_core.package_identification:_identify(maps) by extensions ['colcon_pkg']
[0.197s] Level 1:colcon.colcon_core.package_identification:_identify(maps) by extension 'colcon_pkg'
[0.197s] Level 1:colcon.colcon_core.package_identification:_identify(maps) by extensions ['colcon_meta']
[0.197s] Level 1:colcon.colcon_core.package_identification:_identify(maps) by extension 'colcon_meta'
[0.197s] Level 1:colcon.colcon_core.package_identification:_identify(maps) by extensions ['ros']
[0.197s] Level 1:colcon.colcon_core.package_identification:_identify(maps) by extension 'ros'
[0.197s] Level 1:colcon.colcon_core.package_identification:_identify(maps) by extensions ['cmake', 'python']
[0.197s] Level 1:colcon.colcon_core.package_identification:_identify(maps) by extension 'cmake'
[0.197s] Level 1:colcon.colcon_core.package_identification:_identify(maps) by extension 'python'
[0.197s] Level 1:colcon.colcon_core.package_identification:_identify(maps) by extensions ['python_setup_py']
[0.197s] Level 1:colcon.colcon_core.package_identification:_identify(maps) by extension 'python_setup_py'
[0.197s] Level 1:colcon.colcon_core.package_identification:_identify(src) by extensions ['ignore', 'ignore_ament_install']
[0.197s] Level 1:colcon.colcon_core.package_identification:_identify(src) by extension 'ignore'
[0.198s] Level 1:colcon.colcon_core.package_identification:_identify(src) by extension 'ignore_ament_install'
[0.198s] Level 1:colcon.colcon_core.package_identification:_identify(src) by extensions ['colcon_pkg']
[0.198s] Level 1:colcon.colcon_core.package_identification:_identify(src) by extension 'colcon_pkg'
[0.198s] Level 1:colcon.colcon_core.package_identification:_identify(src) by extensions ['colcon_meta']
[0.198s] Level 1:colcon.colcon_core.package_identification:_identify(src) by extension 'colcon_meta'
[0.198s] Level 1:colcon.colcon_core.package_identification:_identify(src) by extensions ['ros']
[0.198s] Level 1:colcon.colcon_core.package_identification:_identify(src) by extension 'ros'
[0.198s] Level 1:colcon.colcon_core.package_identification:_identify(src) by extensions ['cmake', 'python']
[0.198s] Level 1:colcon.colcon_core.package_identification:_identify(src) by extension 'cmake'
[0.198s] Level 1:colcon.colcon_core.package_identification:_identify(src) by extension 'python'
[0.198s] Level 1:colcon.colcon_core.package_identification:_identify(src) by extensions ['python_setup_py']
[0.198s] Level 1:colcon.colcon_core.package_identification:_identify(src) by extension 'python_setup_py'
[0.198s] Level 1:colcon.colcon_core.package_identification:_identify(src/ros2_jazzy) by extensions ['ignore', 'ignore_ament_install']
[0.198s] Level 1:colcon.colcon_core.package_identification:_identify(src/ros2_jazzy) by extension 'ignore'
[0.198s] Level 1:colcon.colcon_core.package_identification:_identify(src/ros2_jazzy) by extension 'ignore_ament_install'
[0.198s] Level 1:colcon.colcon_core.package_identification:_identify(src/ros2_jazzy) by extensions ['colcon_pkg']
[0.198s] Level 1:colcon.colcon_core.package_identification:_identify(src/ros2_jazzy) by extension 'colcon_pkg'
[0.198s] Level 1:colcon.colcon_core.package_identification:_identify(src/ros2_jazzy) by extensions ['colcon_meta']
[0.198s] Level 1:colcon.colcon_core.package_identification:_identify(src/ros2_jazzy) by extension 'colcon_meta'
[0.198s] Level 1:colcon.colcon_core.package_identification:_identify(src/ros2_jazzy) by extensions ['ros']
[0.198s] Level 1:colcon.colcon_core.package_identification:_identify(src/ros2_jazzy) by extension 'ros'
[0.198s] Level 1:colcon.colcon_core.package_identification:_identify(src/ros2_jazzy) by extensions ['cmake', 'python']
[0.198s] Level 1:colcon.colcon_core.package_identification:_identify(src/ros2_jazzy) by extension 'cmake'
[0.198s] Level 1:colcon.colcon_core.package_identification:_identify(src/ros2_jazzy) by extension 'python'
[0.198s] Level 1:colcon.colcon_core.package_identification:_identify(src/ros2_jazzy) by extensions ['python_setup_py']
[0.198s] Level 1:colcon.colcon_core.package_identification:_identify(src/ros2_jazzy) by extension 'python_setup_py'
[0.198s] Level 1:colcon.colcon_core.package_identification:_identify(src/ros2_jazzy/lidar_ws) by extensions ['ignore', 'ignore_ament_install']
[0.199s] Level 1:colcon.colcon_core.package_identification:_identify(src/ros2_jazzy/lidar_ws) by extension 'ignore'
[0.199s] Level 1:colcon.colcon_core.package_identification:_identify(src/ros2_jazzy/lidar_ws) by extension 'ignore_ament_install'
[0.199s] Level 1:colcon.colcon_core.package_identification:_identify(src/ros2_jazzy/lidar_ws) by extensions ['colcon_pkg']
[0.199s] Level 1:colcon.colcon_core.package_identification:_identify(src/ros2_jazzy/lidar_ws) by extension 'colcon_pkg'
[0.199s] Level 1:colcon.colcon_core.package_identification:_identify(src/ros2_jazzy/lidar_ws) by extensions ['colcon_meta']
[0.199s] Level 1:colcon.colcon_core.package_identification:_identify(src/ros2_jazzy/lidar_ws) by extension 'colcon_meta'
[0.199s] Level 1:colcon.colcon_core.package_identification:_identify(src/ros2_jazzy/lidar_ws) by extensions ['ros']
[0.199s] Level 1:colcon.colcon_core.package_identification:_identify(src/ros2_jazzy/lidar_ws) by extension 'ros'
[0.199s] Level 1:colcon.colcon_core.package_identification:_identify(src/ros2_jazzy/lidar_ws) by extensions ['cmake', 'python']
[0.199s] Level 1:colcon.colcon_core.package_identification:_identify(src/ros2_jazzy/lidar_ws) by extension 'cmake'
[0.199s] Level 1:colcon.colcon_core.package_identification:_identify(src/ros2_jazzy/lidar_ws) by extension 'python'
[0.199s] Level 1:colcon.colcon_core.package_identification:_identify(src/ros2_jazzy/lidar_ws) by extensions ['python_setup_py']
[0.199s] Level 1:colcon.colcon_core.package_identification:_identify(src/ros2_jazzy/lidar_ws) by extension 'python_setup_py'
[0.199s] Level 1:colcon.colcon_core.package_identification:_identify(src/ros2_jazzy/lidar_ws/build) by extensions ['ignore', 'ignore_ament_install']
[0.199s] Level 1:colcon.colcon_core.package_identification:_identify(src/ros2_jazzy/lidar_ws/build) by extension 'ignore'
[0.199s] Level 1:colcon.colcon_core.package_identification:_identify(src/ros2_jazzy/lidar_ws/build) ignored
[0.199s] Level 1:colcon.colcon_core.package_identification:_identify(src/ros2_jazzy/lidar_ws/install) by extensions ['ignore', 'ignore_ament_install']
[0.199s] Level 1:colcon.colcon_core.package_identification:_identify(src/ros2_jazzy/lidar_ws/install) by extension 'ignore'
[0.199s] Level 1:colcon.colcon_core.package_identification:_identify(src/ros2_jazzy/lidar_ws/install) ignored
[0.200s] Level 1:colcon.colcon_core.package_identification:_identify(src/ros2_jazzy/lidar_ws/log) by extensions ['ignore', 'ignore_ament_install']
[0.200s] Level 1:colcon.colcon_core.package_identification:_identify(src/ros2_jazzy/lidar_ws/log) by extension 'ignore'
[0.200s] Level 1:colcon.colcon_core.package_identification:_identify(src/ros2_jazzy/lidar_ws/log) ignored
[0.200s] Level 1:colcon.colcon_core.package_identification:_identify(src/ros2_jazzy/src) by extensions ['ignore', 'ignore_ament_install']
[0.200s] Level 1:colcon.colcon_core.package_identification:_identify(src/ros2_jazzy/src) by extension 'ignore'
[0.200s] Level 1:colcon.colcon_core.package_identification:_identify(src/ros2_jazzy/src) by extension 'ignore_ament_install'
[0.200s] Level 1:colcon.colcon_core.package_identification:_identify(src/ros2_jazzy/src) by extensions ['colcon_pkg']
[0.200s] Level 1:colcon.colcon_core.package_identification:_identify(src/ros2_jazzy/src) by extension 'colcon_pkg'
[0.200s] Level 1:colcon.colcon_core.package_identification:_identify(src/ros2_jazzy/src) by extensions ['colcon_meta']
[0.200s] Level 1:colcon.colcon_core.package_identification:_identify(src/ros2_jazzy/src) by extension 'colcon_meta'
[0.200s] Level 1:colcon.colcon_core.package_identification:_identify(src/ros2_jazzy/src) by extensions ['ros']
[0.200s] Level 1:colcon.colcon_core.package_identification:_identify(src/ros2_jazzy/src) by extension 'ros'
[0.200s] Level 1:colcon.colcon_core.package_identification:_identify(src/ros2_jazzy/src) by extensions ['cmake', 'python']
[0.200s] Level 1:colcon.colcon_core.package_identification:_identify(src/ros2_jazzy/src) by extension 'cmake'
[0.200s] Level 1:colcon.colcon_core.package_identification:_identify(src/ros2_jazzy/src) by extension 'python'
[0.200s] Level 1:colcon.colcon_core.package_identification:_identify(src/ros2_jazzy/src) by extensions ['python_setup_py']
[0.200s] Level 1:colcon.colcon_core.package_identification:_identify(src/ros2_jazzy/src) by extension 'python_setup_py'
[0.200s] Level 1:colcon.colcon_core.package_identification:_identify(src/ros2_jazzy/src/mecanum_bringup) by extensions ['ignore', 'ignore_ament_install']
[0.200s] Level 1:colcon.colcon_core.package_identification:_identify(src/ros2_jazzy/src/mecanum_bringup) by extension 'ignore'
[0.200s] Level 1:colcon.colcon_core.package_identification:_identify(src/ros2_jazzy/src/mecanum_bringup) by extension 'ignore_ament_install'
[0.200s] Level 1:colcon.colcon_core.package_identification:_identify(src/ros2_jazzy/src/mecanum_bringup) by extensions ['colcon_pkg']
[0.200s] Level 1:colcon.colcon_core.package_identification:_identify(src/ros2_jazzy/src/mecanum_bringup) by extension 'colcon_pkg'
[0.200s] Level 1:colcon.colcon_core.package_identification:_identify(src/ros2_jazzy/src/mecanum_bringup) by extensions ['colcon_meta']
[0.200s] Level 1:colcon.colcon_core.package_identification:_identify(src/ros2_jazzy/src/mecanum_bringup) by extension 'colcon_meta'
[0.200s] Level 1:colcon.colcon_core.package_identification:_identify(src/ros2_jazzy/src/mecanum_bringup) by extensions ['ros']
[0.200s] Level 1:colcon.colcon_core.package_identification:_identify(src/ros2_jazzy/src/mecanum_bringup) by extension 'ros'
[0.203s] DEBUG:colcon.colcon_core.package_identification:Package 'src/ros2_jazzy/src/mecanum_bringup' with type 'ros.ament_python' and name 'mecanum_bringup'
[0.204s] Level 1:colcon.colcon_core.package_identification:_identify(src/ros2_jazzy/src/mecanum_control) by extensions ['ignore', 'ignore_ament_install']
[0.204s] Level 1:colcon.colcon_core.package_identification:_identify(src/ros2_jazzy/src/mecanum_control) by extension 'ignore'
[0.204s] Level 1:colcon.colcon_core.package_identification:_identify(src/ros2_jazzy/src/mecanum_control) by extension 'ignore_ament_install'
[0.204s] Level 1:colcon.colcon_core.package_identification:_identify(src/ros2_jazzy/src/mecanum_control) by extensions ['colcon_pkg']
[0.204s] Level 1:colcon.colcon_core.package_identification:_identify(src/ros2_jazzy/src/mecanum_control) by extension 'colcon_pkg'
[0.204s] Level 1:colcon.colcon_core.package_identification:_identify(src/ros2_jazzy/src/mecanum_control) by extensions ['colcon_meta']
[0.204s] Level 1:colcon.colcon_core.package_identification:_identify(src/ros2_jazzy/src/mecanum_control) by extension 'colcon_meta'
[0.204s] Level 1:colcon.colcon_core.package_identification:_identify(src/ros2_jazzy/src/mecanum_control) by extensions ['ros']
[0.204s] Level 1:colcon.colcon_core.package_identification:_identify(src/ros2_jazzy/src/mecanum_control) by extension 'ros'
[0.205s] DEBUG:colcon.colcon_core.package_identification:Package 'src/ros2_jazzy/src/mecanum_control' with type 'ros.ament_cmake' and name 'mecanum_control'
[0.205s] Level 1:colcon.colcon_core.package_identification:_identify(src/ros2_jazzy/src/mecanum_wheel) by extensions ['ignore', 'ignore_ament_install']
[0.205s] Level 1:colcon.colcon_core.package_identification:_identify(src/ros2_jazzy/src/mecanum_wheel) by extension 'ignore'
[0.205s] Level 1:colcon.colcon_core.package_identification:_identify(src/ros2_jazzy/src/mecanum_wheel) by extension 'ignore_ament_install'
[0.205s] Level 1:colcon.colcon_core.package_identification:_identify(src/ros2_jazzy/src/mecanum_wheel) by extensions ['colcon_pkg']
[0.205s] Level 1:colcon.colcon_core.package_identification:_identify(src/ros2_jazzy/src/mecanum_wheel) by extension 'colcon_pkg'
[0.205s] Level 1:colcon.colcon_core.package_identification:_identify(src/ros2_jazzy/src/mecanum_wheel) by extensions ['colcon_meta']
[0.205s] Level 1:colcon.colcon_core.package_identification:_identify(src/ros2_jazzy/src/mecanum_wheel) by extension 'colcon_meta'
[0.205s] Level 1:colcon.colcon_core.package_identification:_identify(src/ros2_jazzy/src/mecanum_wheel) by extensions ['ros']
[0.205s] Level 1:colcon.colcon_core.package_identification:_identify(src/ros2_jazzy/src/mecanum_wheel) by extension 'ros'
[0.206s] DEBUG:colcon.colcon_core.package_identification:Package 'src/ros2_jazzy/src/mecanum_wheel' with type 'ros.ament_cmake' and name 'mecanum_wheel'
[0.206s] Level 1:colcon.colcon_core.package_identification:_identify(src/ros2_jazzy/src/my_first_pkg) by extensions ['ignore', 'ignore_ament_install']
[0.206s] Level 1:colcon.colcon_core.package_identification:_identify(src/ros2_jazzy/src/my_first_pkg) by extension 'ignore'
[0.207s] Level 1:colcon.colcon_core.package_identification:_identify(src/ros2_jazzy/src/my_first_pkg) by extension 'ignore_ament_install'
[0.207s] Level 1:colcon.colcon_core.package_identification:_identify(src/ros2_jazzy/src/my_first_pkg) by extensions ['colcon_pkg']
[0.207s] Level 1:colcon.colcon_core.package_identification:_identify(src/ros2_jazzy/src/my_first_pkg) by extension 'colcon_pkg'
[0.207s] Level 1:colcon.colcon_core.package_identification:_identify(src/ros2_jazzy/src/my_first_pkg) by extensions ['colcon_meta']
[0.207s] Level 1:colcon.colcon_core.package_identification:_identify(src/ros2_jazzy/src/my_first_pkg) by extension 'colcon_meta'
[0.207s] Level 1:colcon.colcon_core.package_identification:_identify(src/ros2_jazzy/src/my_first_pkg) by extensions ['ros']
[0.207s] Level 1:colcon.colcon_core.package_identification:_identify(src/ros2_jazzy/src/my_first_pkg) by extension 'ros'
[0.207s] DEBUG:colcon.colcon_core.package_identification:Package 'src/ros2_jazzy/src/my_first_pkg' with type 'ros.ament_python' and name 'my_first_pkg'
[0.207s] Level 1:colcon.colcon_core.package_identification:_identify(src/ros2_jazzy/src/my_robot_description) by extensions ['ignore', 'ignore_ament_install']
[0.207s] Level 1:colcon.colcon_core.package_identification:_identify(src/ros2_jazzy/src/my_robot_description) by extension 'ignore'
[0.207s] Level 1:colcon.colcon_core.package_identification:_identify(src/ros2_jazzy/src/my_robot_description) by extension 'ignore_ament_install'
[0.207s] Level 1:colcon.colcon_core.package_identification:_identify(src/ros2_jazzy/src/my_robot_description) by extensions ['colcon_pkg']
[0.207s] Level 1:colcon.colcon_core.package_identification:_identify(src/ros2_jazzy/src/my_robot_description) by extension 'colcon_pkg'
[0.207s] Level 1:colcon.colcon_core.package_identification:_identify(src/ros2_jazzy/src/my_robot_description) by extensions ['colcon_meta']
[0.207s] Level 1:colcon.colcon_core.package_identification:_identify(src/ros2_jazzy/src/my_robot_description) by extension 'colcon_meta'
[0.208s] Level 1:colcon.colcon_core.package_identification:_identify(src/ros2_jazzy/src/my_robot_description) by extensions ['ros']
[0.208s] Level 1:colcon.colcon_core.package_identification:_identify(src/ros2_jazzy/src/my_robot_description) by extension 'ros'
[0.208s] DEBUG:colcon.colcon_core.package_identification:Package 'src/ros2_jazzy/src/my_robot_description' with type 'ros.ament_cmake' and name 'my_robot_description'
[0.208s] Level 1:colcon.colcon_core.package_discovery:discover_packages(recursive) using defaults
[0.208s] Level 1:colcon.colcon_core.package_discovery:discover_packages(ignore) discover
[0.208s] Level 1:colcon.colcon_core.package_discovery:discover_packages(ignore) using defaults
[0.208s] Level 1:colcon.colcon_core.package_discovery:discover_packages(path) discover
[0.208s] Level 1:colcon.colcon_core.package_discovery:discover_packages(path) using defaults
[0.229s] INFO:colcon.colcon_core.package_selection:Skipping not selected package 'mecanum_bringup' in 'src/ros2_jazzy/src/mecanum_bringup'
[0.229s] INFO:colcon.colcon_core.package_selection:Skipping not selected package 'mecanum_control' in 'src/ros2_jazzy/src/mecanum_control'
[0.229s] INFO:colcon.colcon_core.package_selection:Skipping not selected package 'my_first_pkg' in 'src/ros2_jazzy/src/my_first_pkg'
[0.229s] INFO:colcon.colcon_core.package_selection:Skipping not selected package 'my_robot_description' in 'src/ros2_jazzy/src/my_robot_description'
[0.229s] Level 1:colcon.colcon_core.package_discovery:discover_packages(prefix_path) check parameters
[0.229s] Level 1:colcon.colcon_core.package_discovery:discover_packages(prefix_path) discover
[0.232s] DEBUG:colcon.colcon_installed_package_information.package_discovery:Found 6 installed packages in /home/nyctzo/ros2_ws/install
[0.234s] DEBUG:colcon.colcon_installed_package_information.package_discovery:Found 498 installed packages in /opt/ros/jazzy
[0.236s] Level 1:colcon.colcon_core.package_discovery:discover_packages(prefix_path) using defaults
[0.290s] Level 5:colcon.colcon_core.verb:set package 'mecanum_wheel' build argument 'cmake_args' from command line to 'None'
[0.290s] Level 5:colcon.colcon_core.verb:set package 'mecanum_wheel' build argument 'cmake_target' from command line to 'None'
[0.290s] Level 5:colcon.colcon_core.verb:set package 'mecanum_wheel' build argument 'cmake_target_skip_unavailable' from command line to 'False'
[0.290s] Level 5:colcon.colcon_core.verb:set package 'mecanum_wheel' build argument 'cmake_clean_cache' from command line to 'False'
[0.290s] Level 5:colcon.colcon_core.verb:set package 'mecanum_wheel' build argument 'cmake_clean_first' from command line to 'False'
[0.290s] Level 5:colcon.colcon_core.verb:set package 'mecanum_wheel' build argument 'cmake_force_configure' from command line to 'False'
[0.290s] Level 5:colcon.colcon_core.verb:set package 'mecanum_wheel' build argument 'ament_cmake_args' from command line to 'None'
[0.290s] Level 5:colcon.colcon_core.verb:set package 'mecanum_wheel' build argument 'catkin_cmake_args' from command line to 'None'
[0.290s] Level 5:colcon.colcon_core.verb:set package 'mecanum_wheel' build argument 'catkin_skip_building_tests' from command line to 'False'
[0.290s] DEBUG:colcon.colcon_core.verb:Building package 'mecanum_wheel' with the following arguments: {'ament_cmake_args': None, 'build_base': '/home/nyctzo/dibyanshu_ws/build/mecanum_wheel', 'catkin_cmake_args': None, 'catkin_skip_building_tests': False, 'cmake_args': None, 'cmake_clean_cache': False, 'cmake_clean_first': False, 'cmake_force_configure': False, 'cmake_target': None, 'cmake_target_skip_unavailable': False, 'install_base': '/home/nyctzo/dibyanshu_ws/install/mecanum_wheel', 'merge_install': False, 'path': '/home/nyctzo/dibyanshu_ws/src/ros2_jazzy/src/mecanum_wheel', 'symlink_install': False, 'test_result_base': None}
[0.290s] INFO:colcon.colcon_core.executor:Executing jobs using 'parallel' executor
[0.291s] DEBUG:colcon.colcon_parallel_executor.executor.parallel:run_until_complete
[0.291s] INFO:colcon.colcon_ros.task.ament_cmake.build:Building ROS package in '/home/nyctzo/dibyanshu_ws/src/ros2_jazzy/src/mecanum_wheel' with build type 'ament_cmake'
[0.292s] INFO:colcon.colcon_cmake.task.cmake.build:Building CMake package in '/home/nyctzo/dibyanshu_ws/src/ros2_jazzy/src/mecanum_wheel'
[0.296s] INFO:colcon.colcon_core.plugin_system:Skipping extension 'colcon_core.shell.bat': Not used on non-Windows systems
[0.296s] INFO:colcon.colcon_core.shell:Skip shell extension 'powershell' for command environment: Not usable outside of PowerShell
[0.296s] DEBUG:colcon.colcon_core.shell:Skip shell extension 'dsv' for command environment
[0.307s] DEBUG:colcon.colcon_core.event_handler.log_command:Invoking command in '/home/nyctzo/dibyanshu_ws/build/mecanum_wheel': CMAKE_PREFIX_PATH=${CMAKE_PREFIX_PATH}:/home/nyctzo/ros2_ws/install/mecanum_teleop:/opt/ros/jazzy DEBUGINFOD_URLS=https://debuginfod.ubuntu.com /usr/bin/cmake --build /home/nyctzo/dibyanshu_ws/build/mecanum_wheel -- -j12 -l12
[0.377s] DEBUG:colcon.colcon_core.event_handler.log_command:Invoked command in '/home/nyctzo/dibyanshu_ws/build/mecanum_wheel' returned '0': CMAKE_PREFIX_PATH=${CMAKE_PREFIX_PATH}:/home/nyctzo/ros2_ws/install/mecanum_teleop:/opt/ros/jazzy DEBUGINFOD_URLS=https://debuginfod.ubuntu.com /usr/bin/cmake --build /home/nyctzo/dibyanshu_ws/build/mecanum_wheel -- -j12 -l12
[0.387s] DEBUG:colcon.colcon_core.event_handler.log_command:Invoking command in '/home/nyctzo/dibyanshu_ws/build/mecanum_wheel': CMAKE_PREFIX_PATH=${CMAKE_PREFIX_PATH}:/home/nyctzo/ros2_ws/install/mecanum_teleop:/opt/ros/jazzy DEBUGINFOD_URLS=https://debuginfod.ubuntu.com /usr/bin/cmake --install /home/nyctzo/dibyanshu_ws/build/mecanum_wheel
[0.419s] Level 1:colcon.colcon_core.environment:create_environment_scripts_only(mecanum_wheel)
[0.420s] DEBUG:colcon.colcon_core.event_handler.log_command:Invoked command in '/home/nyctzo/dibyanshu_ws/build/mecanum_wheel' returned '0': CMAKE_PREFIX_PATH=${CMAKE_PREFIX_PATH}:/home/nyctzo/ros2_ws/install/mecanum_teleop:/opt/ros/jazzy DEBUGINFOD_URLS=https://debuginfod.ubuntu.com /usr/bin/cmake --install /home/nyctzo/dibyanshu_ws/build/mecanum_wheel
[0.423s] Level 1:colcon.colcon_core.environment:checking '/home/nyctzo/dibyanshu_ws/install/mecanum_wheel' for CMake module files
[0.424s] Level 1:colcon.colcon_core.environment:checking '/home/nyctzo/dibyanshu_ws/install/mecanum_wheel' for CMake config files
[0.424s] Level 1:colcon.colcon_core.shell:create_environment_hook('mecanum_wheel', 'cmake_prefix_path')
[0.424s] INFO:colcon.colcon_core.shell:Creating environment hook '/home/nyctzo/dibyanshu_ws/install/mecanum_wheel/share/mecanum_wheel/hook/cmake_prefix_path.ps1'
[0.425s] INFO:colcon.colcon_core.shell:Creating environment descriptor '/home/nyctzo/dibyanshu_ws/install/mecanum_wheel/share/mecanum_wheel/hook/cmake_prefix_path.dsv'
[0.426s] INFO:colcon.colcon_core.shell:Creating environment hook '/home/nyctzo/dibyanshu_ws/install/mecanum_wheel/share/mecanum_wheel/hook/cmake_prefix_path.sh'
[0.427s] Level 1:colcon.colcon_core.environment:checking '/home/nyctzo/dibyanshu_ws/install/mecanum_wheel/bin'
[0.427s] Level 1:colcon.colcon_core.environment:checking '/home/nyctzo/dibyanshu_ws/install/mecanum_wheel/lib/pkgconfig/mecanum_wheel.pc'
[0.427s] Level 1:colcon.colcon_core.environment:checking '/home/nyctzo/dibyanshu_ws/install/mecanum_wheel/lib/python3.12/site-packages'
[0.427s] Level 1:colcon.colcon_core.environment:checking '/home/nyctzo/dibyanshu_ws/install/mecanum_wheel/bin'
[0.427s] INFO:colcon.colcon_core.shell:Creating package script '/home/nyctzo/dibyanshu_ws/install/mecanum_wheel/share/mecanum_wheel/package.ps1'
[0.428s] INFO:colcon.colcon_core.shell:Creating package descriptor '/home/nyctzo/dibyanshu_ws/install/mecanum_wheel/share/mecanum_wheel/package.dsv'
[0.429s] INFO:colcon.colcon_core.shell:Creating package script '/home/nyctzo/dibyanshu_ws/install/mecanum_wheel/share/mecanum_wheel/package.sh'
[0.429s] INFO:colcon.colcon_core.shell:Creating package script '/home/nyctzo/dibyanshu_ws/install/mecanum_wheel/share/mecanum_wheel/package.bash'
[0.430s] INFO:colcon.colcon_core.shell:Creating package script '/home/nyctzo/dibyanshu_ws/install/mecanum_wheel/share/mecanum_wheel/package.zsh'
[0.431s] Level 1:colcon.colcon_core.environment:create_file_with_runtime_dependencies(/home/nyctzo/dibyanshu_ws/install/mecanum_wheel/share/colcon-core/packages/mecanum_wheel)
[0.431s] Level 1:colcon.colcon_core.environment:create_environment_scripts_only(mecanum_wheel)
[0.432s] Level 1:colcon.colcon_core.environment:checking '/home/nyctzo/dibyanshu_ws/install/mecanum_wheel' for CMake module files
[0.432s] Level 1:colcon.colcon_core.environment:checking '/home/nyctzo/dibyanshu_ws/install/mecanum_wheel' for CMake config files
[0.432s] Level 1:colcon.colcon_core.shell:create_environment_hook('mecanum_wheel', 'cmake_prefix_path')
[0.432s] INFO:colcon.colcon_core.shell:Creating environment hook '/home/nyctzo/dibyanshu_ws/install/mecanum_wheel/share/mecanum_wheel/hook/cmake_prefix_path.ps1'
[0.433s] INFO:colcon.colcon_core.shell:Creating environment descriptor '/home/nyctzo/dibyanshu_ws/install/mecanum_wheel/share/mecanum_wheel/hook/cmake_prefix_path.dsv'
[0.433s] INFO:colcon.colcon_core.shell:Creating environment hook '/home/nyctzo/dibyanshu_ws/install/mecanum_wheel/share/mecanum_wheel/hook/cmake_prefix_path.sh'
[0.434s] Level 1:colcon.colcon_core.environment:checking '/home/nyctzo/dibyanshu_ws/install/mecanum_wheel/bin'
[0.434s] Level 1:colcon.colcon_core.environment:checking '/home/nyctzo/dibyanshu_ws/install/mecanum_wheel/lib/pkgconfig/mecanum_wheel.pc'
[0.434s] Level 1:colcon.colcon_core.environment:checking '/home/nyctzo/dibyanshu_ws/install/mecanum_wheel/lib/python3.12/site-packages'
[0.434s] Level 1:colcon.colcon_core.environment:checking '/home/nyctzo/dibyanshu_ws/install/mecanum_wheel/bin'
[0.435s] INFO:colcon.colcon_core.shell:Creating package script '/home/nyctzo/dibyanshu_ws/install/mecanum_wheel/share/mecanum_wheel/package.ps1'
[0.436s] INFO:colcon.colcon_core.shell:Creating package descriptor '/home/nyctzo/dibyanshu_ws/install/mecanum_wheel/share/mecanum_wheel/package.dsv'
[0.436s] INFO:colcon.colcon_core.shell:Creating package script '/home/nyctzo/dibyanshu_ws/install/mecanum_wheel/share/mecanum_wheel/package.sh'
[0.436s] INFO:colcon.colcon_core.shell:Creating package script '/home/nyctzo/dibyanshu_ws/install/mecanum_wheel/share/mecanum_wheel/package.bash'
[0.437s] INFO:colcon.colcon_core.shell:Creating package script '/home/nyctzo/dibyanshu_ws/install/mecanum_wheel/share/mecanum_wheel/package.zsh'
[0.437s] Level 1:colcon.colcon_core.environment:create_file_with_runtime_dependencies(/home/nyctzo/dibyanshu_ws/install/mecanum_wheel/share/colcon-core/packages/mecanum_wheel)
[0.438s] DEBUG:colcon.colcon_parallel_executor.executor.parallel:closing loop
[0.438s] DEBUG:colcon.colcon_parallel_executor.executor.parallel:loop closed
[0.438s] DEBUG:colcon.colcon_parallel_executor.executor.parallel:run_until_complete finished with '0'
[0.438s] DEBUG:colcon.colcon_core.event_reactor:joining thread
[0.459s] INFO:colcon.colcon_core.plugin_system:Skipping extension 'colcon_notification.desktop_notification.terminal_notifier': Not used on non-Darwin systems
[0.459s] INFO:colcon.colcon_core.plugin_system:Skipping extension 'colcon_notification.desktop_notification.win32': Not used on non-Windows systems
[0.459s] INFO:colcon.colcon_notification.desktop_notification:Sending desktop notification using 'notify2'
[0.484s] DEBUG:colcon.colcon_core.event_reactor:joined thread
[0.484s] INFO:colcon.colcon_core.shell:Creating prefix script '/home/nyctzo/dibyanshu_ws/install/local_setup.ps1'
[0.485s] INFO:colcon.colcon_core.shell:Creating prefix util module '/home/nyctzo/dibyanshu_ws/install/_local_setup_util_ps1.py'
[0.487s] INFO:colcon.colcon_core.shell:Creating prefix chain script '/home/nyctzo/dibyanshu_ws/install/setup.ps1'
[0.489s] INFO:colcon.colcon_core.shell:Creating prefix script '/home/nyctzo/dibyanshu_ws/install/local_setup.sh'
[0.490s] INFO:colcon.colcon_core.shell:Creating prefix util module '/home/nyctzo/dibyanshu_ws/install/_local_setup_util_sh.py'
[0.491s] INFO:colcon.colcon_core.shell:Creating prefix chain script '/home/nyctzo/dibyanshu_ws/install/setup.sh'
[0.493s] INFO:colcon.colcon_core.shell:Creating prefix script '/home/nyctzo/dibyanshu_ws/install/local_setup.bash'
[0.494s] INFO:colcon.colcon_core.shell:Creating prefix chain script '/home/nyctzo/dibyanshu_ws/install/setup.bash'
[0.496s] INFO:colcon.colcon_core.shell:Creating prefix script '/home/nyctzo/dibyanshu_ws/install/local_setup.zsh'
[0.497s] INFO:colcon.colcon_core.shell:Creating prefix chain script '/home/nyctzo/dibyanshu_ws/install/setup.zsh'
