[0.228s] Invoking command in '/home/nyctzo/dibyanshu_ws/build/mecanum_control': CMAKE_PREFIX_PATH=${CMAKE_PREFIX_PATH}:/home/nyctzo/dibyanshu_ws/install/my_first_pkg:/home/nyctzo/dibyanshu_ws/install/mecanum_bringup:/home/nyctzo/ros2_ws/install/mecanum_teleop:/opt/ros/jazzy DEBUGINFOD_URLS=https://debuginfod.ubuntu.com /usr/bin/cmake --build /home/nyctzo/dibyanshu_ws/build/mecanum_control -- -j12 -l12
[0.466s] [100%] Built target mecanum_control_node
[0.467s] Invoked command in '/home/nyctzo/dibyanshu_ws/build/mecanum_control' returned '0': CMAKE_PREFIX_PATH=${CMAKE_PREFIX_PATH}:/home/nyctzo/dibyanshu_ws/install/my_first_pkg:/home/nyctzo/dibyanshu_ws/install/mecanum_bringup:/home/nyctzo/ros2_ws/install/mecanum_teleop:/opt/ros/jazzy DEBUGINFOD_URLS=https://debuginfod.ubuntu.com /usr/bin/cmake --build /home/nyctzo/dibyanshu_ws/build/mecanum_control -- -j12 -l12
[0.477s] Invoking command in '/home/nyctzo/dibyanshu_ws/build/mecanum_control': CMAKE_PREFIX_PATH=${CMAKE_PREFIX_PATH}:/home/nyctzo/dibyanshu_ws/install/my_first_pkg:/home/nyctzo/dibyanshu_ws/install/mecanum_bringup:/home/nyctzo/ros2_ws/install/mecanum_teleop:/opt/ros/jazzy DEBUGINFOD_URLS=https://debuginfod.ubuntu.com /usr/bin/cmake --install /home/nyctzo/dibyanshu_ws/build/mecanum_control
[0.491s] -- Install configuration: ""
[0.492s] -- Execute custom install script
[0.493s] -- Up-to-date symlink: /home/nyctzo/dibyanshu_ws/install/mecanum_control/lib/mecanum_control/mecanum_control_node
[0.494s] -- Up-to-date symlink: /home/nyctzo/dibyanshu_ws/install/mecanum_control/share/ament_index/resource_index/package_run_dependencies/mecanum_control
[0.494s] -- Up-to-date symlink: /home/nyctzo/dibyanshu_ws/install/mecanum_control/share/ament_index/resource_index/parent_prefix_path/mecanum_control
[0.495s] -- Up-to-date symlink: /home/nyctzo/dibyanshu_ws/install/mecanum_control/share/mecanum_control/environment/ament_prefix_path.sh
[0.495s] -- Up-to-date symlink: /home/nyctzo/dibyanshu_ws/install/mecanum_control/share/mecanum_control/environment/ament_prefix_path.dsv
[0.495s] -- Up-to-date symlink: /home/nyctzo/dibyanshu_ws/install/mecanum_control/share/mecanum_control/environment/path.sh
[0.495s] -- Up-to-date symlink: /home/nyctzo/dibyanshu_ws/install/mecanum_control/share/mecanum_control/environment/path.dsv
[0.495s] -- Up-to-date symlink: /home/nyctzo/dibyanshu_ws/install/mecanum_control/share/mecanum_control/local_setup.bash
[0.496s] -- Up-to-date symlink: /home/nyctzo/dibyanshu_ws/install/mecanum_control/share/mecanum_control/local_setup.sh
[0.496s] -- Up-to-date symlink: /home/nyctzo/dibyanshu_ws/install/mecanum_control/share/mecanum_control/local_setup.zsh
[0.496s] -- Up-to-date symlink: /home/nyctzo/dibyanshu_ws/install/mecanum_control/share/mecanum_control/local_setup.dsv
[0.496s] -- Symlinking: /home/nyctzo/dibyanshu_ws/install/mecanum_control/share/mecanum_control/package.dsv
[0.508s] -- Up-to-date symlink: /home/nyctzo/dibyanshu_ws/install/mecanum_control/share/ament_index/resource_index/packages/mecanum_control
[0.509s] -- Up-to-date symlink: /home/nyctzo/dibyanshu_ws/install/mecanum_control/share/mecanum_control/cmake/mecanum_controlConfig.cmake
[0.509s] -- Up-to-date symlink: /home/nyctzo/dibyanshu_ws/install/mecanum_control/share/mecanum_control/cmake/mecanum_controlConfig-version.cmake
[0.509s] -- Up-to-date symlink: /home/nyctzo/dibyanshu_ws/install/mecanum_control/share/mecanum_control/package.xml
[0.555s] Invoked command in '/home/nyctzo/dibyanshu_ws/build/mecanum_control' returned '0': CMAKE_PREFIX_PATH=${CMAKE_PREFIX_PATH}:/home/nyctzo/dibyanshu_ws/install/my_first_pkg:/home/nyctzo/dibyanshu_ws/install/mecanum_bringup:/home/nyctzo/ros2_ws/install/mecanum_teleop:/opt/ros/jazzy DEBUGINFOD_URLS=https://debuginfod.ubuntu.com /usr/bin/cmake --install /home/nyctzo/dibyanshu_ws/build/mecanum_control
