[1.469s] Invoking command in '/home/nyctzo/dibyanshu_ws/build/mecanum_bringup': DEBUGINFOD_URLS=https://debuginfod.ubuntu.com PYTHONPATH=/home/nyctzo/dibyanshu_ws/build/mecanum_bringup/prefix_override:/usr/lib/python3/dist-packages/colcon_core/task/python/colcon_distutils_commands:/home/nyctzo/dibyanshu_ws/install/mecanum_bringup/lib/python3.12/site-packages:${PYTHONPATH} /usr/bin/python3 -W ignore:setup.py install is deprecated -W ignore:easy_install command is deprecated setup.py develop --uninstall --editable --build-directory /home/nyctzo/dibyanshu_ws/build/mecanum_bringup/build
[2.029s] running develop
[2.350s] Removing /home/nyctzo/dibyanshu_ws/install/mecanum_bringup/lib/python3.12/site-packages/mecanum-bringup.egg-link (link to .)
[2.422s] Invoked command in '/home/nyctzo/dibyanshu_ws/build/mecanum_bringup' returned '0': DEBUGINFOD_URLS=https://debuginfod.ubuntu.com PYTHONPATH=/home/nyctzo/dibyanshu_ws/build/mecanum_bringup/prefix_override:/usr/lib/python3/dist-packages/colcon_core/task/python/colcon_distutils_commands:/home/nyctzo/dibyanshu_ws/install/mecanum_bringup/lib/python3.12/site-packages:${PYTHONPATH} /usr/bin/python3 -W ignore:setup.py install is deprecated -W ignore:easy_install command is deprecated setup.py develop --uninstall --editable --build-directory /home/nyctzo/dibyanshu_ws/build/mecanum_bringup/build
[2.425s] Invoking command in '/home/nyctzo/dibyanshu_ws/src/ros2_jazzy/src/mecanum_bringup': DEBUGINFOD_URLS=https://debuginfod.ubuntu.com PYTHONPATH=/home/nyctzo/dibyanshu_ws/build/mecanum_bringup/prefix_override:/usr/lib/python3/dist-packages/colcon_core/task/python/colcon_distutils_commands:/home/nyctzo/dibyanshu_ws/install/mecanum_bringup/lib/python3.12/site-packages:${PYTHONPATH} /usr/bin/python3 -W ignore:setup.py install is deprecated -W ignore:easy_install command is deprecated setup.py egg_info --egg-base ../../../../build/mecanum_bringup build --build-base /home/nyctzo/dibyanshu_ws/build/mecanum_bringup/build install --record /home/nyctzo/dibyanshu_ws/build/mecanum_bringup/install.log --install-scripts $base/lib/mecanum_bringup --single-version-externally-managed install_data --force
[2.882s] running egg_info
[2.937s] writing ../../../../build/mecanum_bringup/mecanum_bringup.egg-info/PKG-INFO
[2.937s] writing dependency_links to ../../../../build/mecanum_bringup/mecanum_bringup.egg-info/dependency_links.txt
[2.937s] writing entry points to ../../../../build/mecanum_bringup/mecanum_bringup.egg-info/entry_points.txt
[2.938s] writing requirements to ../../../../build/mecanum_bringup/mecanum_bringup.egg-info/requires.txt
[2.938s] writing top-level names to ../../../../build/mecanum_bringup/mecanum_bringup.egg-info/top_level.txt
[3.027s] reading manifest file '../../../../build/mecanum_bringup/mecanum_bringup.egg-info/SOURCES.txt'
[3.029s] writing manifest file '../../../../build/mecanum_bringup/mecanum_bringup.egg-info/SOURCES.txt'
[3.029s] running build
[3.030s] running build_py
[3.030s] creating /home/nyctzo/dibyanshu_ws/build/mecanum_bringup/build
[3.031s] creating /home/nyctzo/dibyanshu_ws/build/mecanum_bringup/build/lib
[3.031s] creating /home/nyctzo/dibyanshu_ws/build/mecanum_bringup/build/lib/mecanum_bringup
[3.031s] copying mecanum_bringup/cmd_vel_bridge.py -> /home/nyctzo/dibyanshu_ws/build/mecanum_bringup/build/lib/mecanum_bringup
[3.032s] copying mecanum_bringup/tf_odom_bridge.py -> /home/nyctzo/dibyanshu_ws/build/mecanum_bringup/build/lib/mecanum_bringup
[3.032s] copying mecanum_bringup/__init__.py -> /home/nyctzo/dibyanshu_ws/build/mecanum_bringup/build/lib/mecanum_bringup
[3.033s] running install
[3.047s] running install_lib
[3.081s] creating /home/nyctzo/dibyanshu_ws/install/mecanum_bringup/lib/python3.12/site-packages/mecanum_bringup
[3.081s] copying /home/nyctzo/dibyanshu_ws/build/mecanum_bringup/build/lib/mecanum_bringup/cmd_vel_bridge.py -> /home/nyctzo/dibyanshu_ws/install/mecanum_bringup/lib/python3.12/site-packages/mecanum_bringup
[3.081s] copying /home/nyctzo/dibyanshu_ws/build/mecanum_bringup/build/lib/mecanum_bringup/tf_odom_bridge.py -> /home/nyctzo/dibyanshu_ws/install/mecanum_bringup/lib/python3.12/site-packages/mecanum_bringup
[3.082s] copying /home/nyctzo/dibyanshu_ws/build/mecanum_bringup/build/lib/mecanum_bringup/__init__.py -> /home/nyctzo/dibyanshu_ws/install/mecanum_bringup/lib/python3.12/site-packages/mecanum_bringup
[3.082s] byte-compiling /home/nyctzo/dibyanshu_ws/install/mecanum_bringup/lib/python3.12/site-packages/mecanum_bringup/cmd_vel_bridge.py to cmd_vel_bridge.cpython-312.pyc
[3.083s] byte-compiling /home/nyctzo/dibyanshu_ws/install/mecanum_bringup/lib/python3.12/site-packages/mecanum_bringup/tf_odom_bridge.py to tf_odom_bridge.cpython-312.pyc
[3.083s] byte-compiling /home/nyctzo/dibyanshu_ws/install/mecanum_bringup/lib/python3.12/site-packages/mecanum_bringup/__init__.py to __init__.cpython-312.pyc
[3.084s] running install_data
[3.084s] copying resource/mecanum_bringup -> /home/nyctzo/dibyanshu_ws/install/mecanum_bringup/share/ament_index/resource_index/packages
[3.085s] copying package.xml -> /home/nyctzo/dibyanshu_ws/install/mecanum_bringup/share/mecanum_bringup
[3.085s] copying launch/controllers.launch.py -> /home/nyctzo/dibyanshu_ws/install/mecanum_bringup/share/mecanum_bringup/launch
[3.086s] copying launch/simulation.launch.py -> /home/nyctzo/dibyanshu_ws/install/mecanum_bringup/share/mecanum_bringup/launch
[3.086s] running install_egg_info
[3.120s] Copying ../../../../build/mecanum_bringup/mecanum_bringup.egg-info to /home/nyctzo/dibyanshu_ws/install/mecanum_bringup/lib/python3.12/site-packages/mecanum_bringup-0.0.0-py3.12.egg-info
[3.121s] running install_scripts
[3.322s] Installing cmd_vel_bridge script to /home/nyctzo/dibyanshu_ws/install/mecanum_bringup/lib/mecanum_bringup
[3.322s] Installing tf_odom_bridge script to /home/nyctzo/dibyanshu_ws/install/mecanum_bringup/lib/mecanum_bringup
[3.322s] writing list of installed files to '/home/nyctzo/dibyanshu_ws/build/mecanum_bringup/install.log'
[3.385s] Invoked command in '/home/nyctzo/dibyanshu_ws/src/ros2_jazzy/src/mecanum_bringup' returned '0': DEBUGINFOD_URLS=https://debuginfod.ubuntu.com PYTHONPATH=/home/nyctzo/dibyanshu_ws/build/mecanum_bringup/prefix_override:/usr/lib/python3/dist-packages/colcon_core/task/python/colcon_distutils_commands:/home/nyctzo/dibyanshu_ws/install/mecanum_bringup/lib/python3.12/site-packages:${PYTHONPATH} /usr/bin/python3 -W ignore:setup.py install is deprecated -W ignore:easy_install command is deprecated setup.py egg_info --egg-base ../../../../build/mecanum_bringup build --build-base /home/nyctzo/dibyanshu_ws/build/mecanum_bringup/build install --record /home/nyctzo/dibyanshu_ws/build/mecanum_bringup/install.log --install-scripts $base/lib/mecanum_bringup --single-version-externally-managed install_data --force
