running develop
running egg_info
creating mecanum_bringup.egg-info
writing mecanum_bringup.egg-info/PKG-INFO
writing dependency_links to mecanum_bringup.egg-info/dependency_links.txt
writing entry points to mecanum_bringup.egg-info/entry_points.txt
writing requirements to mecanum_bringup.egg-info/requires.txt
writing top-level names to mecanum_bringup.egg-info/top_level.txt
writing manifest file 'mecanum_bringup.egg-info/SOURCES.txt'
reading manifest file 'mecanum_bringup.egg-info/SOURCES.txt'
writing manifest file 'mecanum_bringup.egg-info/SOURCES.txt'
running build_ext
Creating /home/nyctzo/dibyanshu_ws/install/mecanum_bringup/lib/python3.12/site-packages/mecanum-bringup.egg-link (link to .)
Installing cmd_vel_bridge script to /home/nyctzo/dibyanshu_ws/install/mecanum_bringup/lib/mecanum_bringup

Installed /home/nyctzo/dibyanshu_ws/build/mecanum_bringup
running symlink_data
creating /home/nyctzo/dibyanshu_ws/install/mecanum_bringup/share/ament_index
creating /home/nyctzo/dibyanshu_ws/install/mecanum_bringup/share/ament_index/resource_index
creating /home/nyctzo/dibyanshu_ws/install/mecanum_bringup/share/ament_index/resource_index/packages
symbolically linking /home/nyctzo/dibyanshu_ws/build/mecanum_bringup/resource/mecanum_bringup -> /home/nyctzo/dibyanshu_ws/install/mecanum_bringup/share/ament_index/resource_index/packages
symbolically linking /home/nyctzo/dibyanshu_ws/build/mecanum_bringup/package.xml -> /home/nyctzo/dibyanshu_ws/install/mecanum_bringup/share/mecanum_bringup
creating /home/nyctzo/dibyanshu_ws/install/mecanum_bringup/share/mecanum_bringup/launch
symbolically linking /home/nyctzo/dibyanshu_ws/build/mecanum_bringup/launch/controllers.launch.py -> /home/nyctzo/dibyanshu_ws/install/mecanum_bringup/share/mecanum_bringup/launch
symbolically linking /home/nyctzo/dibyanshu_ws/build/mecanum_bringup/launch/simulation.launch.py -> /home/nyctzo/dibyanshu_ws/install/mecanum_bringup/share/mecanum_bringup/launch
