[3.291s] Invoking command in '/home/nyctzo/dibyanshu_ws/build/mecanum_bringup': DEBUGINFOD_URLS=https://debuginfod.ubuntu.com PYTHONPATH=/home/nyctzo/dibyanshu_ws/build/mecanum_bringup/prefix_override:/usr/lib/python3/dist-packages/colcon_core/task/python/colcon_distutils_commands:/home/nyctzo/dibyanshu_ws/install/mecanum_bringup/lib/python3.12/site-packages:${PYTHONPATH} /usr/bin/python3 -W ignore:setup.py install is deprecated -W ignore:easy_install command is deprecated setup.py develop --editable --build-directory /home/nyctzo/dibyanshu_ws/build/mecanum_bringup/build --no-deps symlink_data
[4.051s] running develop
[4.596s] running egg_info
[4.597s] creating mecanum_bringup.egg-info
[4.640s] writing mecanum_bringup.egg-info/PKG-INFO
[4.640s] writing dependency_links to mecanum_bringup.egg-info/dependency_links.txt
[4.642s] writing entry points to mecanum_bringup.egg-info/entry_points.txt
[4.642s] writing requirements to mecanum_bringup.egg-info/requires.txt
[4.643s] writing top-level names to mecanum_bringup.egg-info/top_level.txt
[4.643s] writing manifest file 'mecanum_bringup.egg-info/SOURCES.txt'
[4.744s] reading manifest file 'mecanum_bringup.egg-info/SOURCES.txt'
[4.745s] writing manifest file 'mecanum_bringup.egg-info/SOURCES.txt'
[4.789s] running build_ext
[4.789s] Creating /home/nyctzo/dibyanshu_ws/install/mecanum_bringup/lib/python3.12/site-packages/mecanum-bringup.egg-link (link to .)
[4.790s] Installing cmd_vel_bridge script to /home/nyctzo/dibyanshu_ws/install/mecanum_bringup/lib/mecanum_bringup
[4.791s] 
[4.791s] Installed /home/nyctzo/dibyanshu_ws/build/mecanum_bringup
[4.791s] running symlink_data
[4.791s] creating /home/nyctzo/dibyanshu_ws/install/mecanum_bringup/share/ament_index
[4.792s] creating /home/nyctzo/dibyanshu_ws/install/mecanum_bringup/share/ament_index/resource_index
[4.792s] creating /home/nyctzo/dibyanshu_ws/install/mecanum_bringup/share/ament_index/resource_index/packages
[4.792s] symbolically linking /home/nyctzo/dibyanshu_ws/build/mecanum_bringup/resource/mecanum_bringup -> /home/nyctzo/dibyanshu_ws/install/mecanum_bringup/share/ament_index/resource_index/packages
[4.792s] symbolically linking /home/nyctzo/dibyanshu_ws/build/mecanum_bringup/package.xml -> /home/nyctzo/dibyanshu_ws/install/mecanum_bringup/share/mecanum_bringup
[4.793s] creating /home/nyctzo/dibyanshu_ws/install/mecanum_bringup/share/mecanum_bringup/launch
[4.793s] symbolically linking /home/nyctzo/dibyanshu_ws/build/mecanum_bringup/launch/controllers.launch.py -> /home/nyctzo/dibyanshu_ws/install/mecanum_bringup/share/mecanum_bringup/launch
[4.793s] symbolically linking /home/nyctzo/dibyanshu_ws/build/mecanum_bringup/launch/simulation.launch.py -> /home/nyctzo/dibyanshu_ws/install/mecanum_bringup/share/mecanum_bringup/launch
[4.879s] Invoked command in '/home/nyctzo/dibyanshu_ws/build/mecanum_bringup' returned '0': DEBUGINFOD_URLS=https://debuginfod.ubuntu.com PYTHONPATH=/home/nyctzo/dibyanshu_ws/build/mecanum_bringup/prefix_override:/usr/lib/python3/dist-packages/colcon_core/task/python/colcon_distutils_commands:/home/nyctzo/dibyanshu_ws/install/mecanum_bringup/lib/python3.12/site-packages:${PYTHONPATH} /usr/bin/python3 -W ignore:setup.py install is deprecated -W ignore:easy_install command is deprecated setup.py develop --editable --build-directory /home/nyctzo/dibyanshu_ws/build/mecanum_bringup/build --no-deps symlink_data
