[0.743s] Invoking command in '/home/nyctzo/dibyanshu_ws/build/my_robot_description': CMAKE_PREFIX_PATH=${CMAKE_PREFIX_PATH}:/home/nyctzo/ros2_ws/install/mecanum_teleop:/opt/ros/jazzy DEBUGINFOD_URLS=https://debuginfod.ubuntu.com /usr/bin/cmake /home/nyctzo/dibyanshu_ws/src/ros2_jazzy/src/my_robot_description -DCMAKE_INSTALL_PREFIX=/home/nyctzo/dibyanshu_ws/install/my_robot_description
[0.789s] -- Found ament_cmake: 2.5.6 (/opt/ros/jazzy/share/ament_cmake/cmake)
[1.473s] -- Override CMake install command with custom implementation using symlinks instead of copying resources
[1.842s] -- Configuring done (1.1s)
[1.859s] -- Generating done (0.0s)
[1.865s] -- Build files have been written to: /home/nyctzo/dibyanshu_ws/build/my_robot_description
[1.874s] Invoked command in '/home/nyctzo/dibyanshu_ws/build/my_robot_description' returned '0': CMAKE_PREFIX_PATH=${CMAKE_PREFIX_PATH}:/home/nyctzo/ros2_ws/install/mecanum_teleop:/opt/ros/jazzy DEBUGINFOD_URLS=https://debuginfod.ubuntu.com /usr/bin/cmake /home/nyctzo/dibyanshu_ws/src/ros2_jazzy/src/my_robot_description -DCMAKE_INSTALL_PREFIX=/home/nyctzo/dibyanshu_ws/install/my_robot_description
[1.875s] Invoking command in '/home/nyctzo/dibyanshu_ws/build/my_robot_description': CMAKE_PREFIX_PATH=${CMAKE_PREFIX_PATH}:/home/nyctzo/ros2_ws/install/mecanum_teleop:/opt/ros/jazzy DEBUGINFOD_URLS=https://debuginfod.ubuntu.com /usr/bin/cmake --build /home/nyctzo/dibyanshu_ws/build/my_robot_description -- -j12 -l12
[1.977s] Invoked command in '/home/nyctzo/dibyanshu_ws/build/my_robot_description' returned '0': CMAKE_PREFIX_PATH=${CMAKE_PREFIX_PATH}:/home/nyctzo/ros2_ws/install/mecanum_teleop:/opt/ros/jazzy DEBUGINFOD_URLS=https://debuginfod.ubuntu.com /usr/bin/cmake --build /home/nyctzo/dibyanshu_ws/build/my_robot_description -- -j12 -l12
[2.006s] Invoking command in '/home/nyctzo/dibyanshu_ws/build/my_robot_description': CMAKE_PREFIX_PATH=${CMAKE_PREFIX_PATH}:/home/nyctzo/ros2_ws/install/mecanum_teleop:/opt/ros/jazzy DEBUGINFOD_URLS=https://debuginfod.ubuntu.com /usr/bin/cmake --install /home/nyctzo/dibyanshu_ws/build/my_robot_description
[2.025s] -- Install configuration: ""
[2.027s] -- Execute custom install script
[2.028s] -- Up-to-date symlink: /home/nyctzo/dibyanshu_ws/install/my_robot_description/share/my_robot_description/urdf/robot_model.xacro
[2.029s] -- Up-to-date symlink: /home/nyctzo/dibyanshu_ws/install/my_robot_description/share/my_robot_description/urdf/ros2_control.xacro
[2.030s] -- Up-to-date symlink: /home/nyctzo/dibyanshu_ws/install/my_robot_description/share/my_robot_description/launch/gazebo_robot.launch.py
[2.030s] -- Up-to-date symlink: /home/nyctzo/dibyanshu_ws/install/my_robot_description/share/my_robot_description/rviz/.gitkeep
[2.030s] -- Up-to-date symlink: /home/nyctzo/dibyanshu_ws/install/my_robot_description/share/my_robot_description/worlds/robot_model_world.sdf
[2.032s] -- Up-to-date symlink: /home/nyctzo/dibyanshu_ws/install/my_robot_description/share/my_robot_description/config/controllers.yaml
[2.036s] -- Up-to-date symlink: /home/nyctzo/dibyanshu_ws/install/my_robot_description/share/ament_index/resource_index/package_run_dependencies/my_robot_description
[2.036s] -- Up-to-date symlink: /home/nyctzo/dibyanshu_ws/install/my_robot_description/share/ament_index/resource_index/parent_prefix_path/my_robot_description
[2.036s] -- Up-to-date symlink: /home/nyctzo/dibyanshu_ws/install/my_robot_description/share/my_robot_description/environment/ament_prefix_path.sh
[2.036s] -- Up-to-date symlink: /home/nyctzo/dibyanshu_ws/install/my_robot_description/share/my_robot_description/environment/ament_prefix_path.dsv
[2.037s] -- Up-to-date symlink: /home/nyctzo/dibyanshu_ws/install/my_robot_description/share/my_robot_description/environment/path.sh
[2.038s] -- Up-to-date symlink: /home/nyctzo/dibyanshu_ws/install/my_robot_description/share/my_robot_description/environment/path.dsv
[2.040s] -- Up-to-date symlink: /home/nyctzo/dibyanshu_ws/install/my_robot_description/share/my_robot_description/local_setup.bash
[2.040s] -- Up-to-date symlink: /home/nyctzo/dibyanshu_ws/install/my_robot_description/share/my_robot_description/local_setup.sh
[2.041s] -- Up-to-date symlink: /home/nyctzo/dibyanshu_ws/install/my_robot_description/share/my_robot_description/local_setup.zsh
[2.041s] -- Up-to-date symlink: /home/nyctzo/dibyanshu_ws/install/my_robot_description/share/my_robot_description/local_setup.dsv
[2.042s] -- Symlinking: /home/nyctzo/dibyanshu_ws/install/my_robot_description/share/my_robot_description/package.dsv
[2.071s] -- Up-to-date symlink: /home/nyctzo/dibyanshu_ws/install/my_robot_description/share/ament_index/resource_index/packages/my_robot_description
[2.074s] -- Up-to-date symlink: /home/nyctzo/dibyanshu_ws/install/my_robot_description/share/my_robot_description/cmake/my_robot_descriptionConfig.cmake
[2.076s] -- Up-to-date symlink: /home/nyctzo/dibyanshu_ws/install/my_robot_description/share/my_robot_description/cmake/my_robot_descriptionConfig-version.cmake
[2.076s] -- Up-to-date symlink: /home/nyctzo/dibyanshu_ws/install/my_robot_description/share/my_robot_description/package.xml
[2.083s] Invoked command in '/home/nyctzo/dibyanshu_ws/build/my_robot_description' returned '0': CMAKE_PREFIX_PATH=${CMAKE_PREFIX_PATH}:/home/nyctzo/ros2_ws/install/mecanum_teleop:/opt/ros/jazzy DEBUGINFOD_URLS=https://debuginfod.ubuntu.com /usr/bin/cmake --install /home/nyctzo/dibyanshu_ws/build/my_robot_description
