[0.280s] DEBUG:colcon:Command line arguments: ['/usr/bin/colcon', 'build', '--packages-select', 'my_robot_description', 'mecanum_bringup']
[0.280s] DEBUG:colcon:Parsed command line arguments: Namespace(log_base=None, log_level=None, verb_name='build', build_base='build', install_base='install', merge_install=False, symlink_install=False, test_result_base=None, continue_on_error=False, executor='parallel', parallel_workers=12, event_handlers=None, ignore_user_meta=False, metas=['./colcon.meta'], base_paths=['.'], packages_ignore=None, packages_ignore_regex=None, paths=None, packages_up_to=None, packages_up_to_regex=None, packages_above=None, packages_above_and_dependencies=None, packages_above_depth=None, packages_select_by_dep=None, packages_skip_by_dep=None, packages_skip_up_to=None, packages_select_build_failed=False, packages_skip_build_finished=False, packages_select_test_failures=False, packages_skip_test_passed=False, packages_select=['my_robot_description', 'mecanum_bringup'], packages_skip=None, packages_select_regex=None, packages_skip_regex=None, packages_start=None, packages_end=None, allow_overriding=[], cmake_args=None, cmake_target=None, cmake_target_skip_unavailable=False, cmake_clean_cache=False, cmake_clean_first=False, cmake_force_configure=False, ament_cmake_args=None, catkin_cmake_args=None, catkin_skip_building_tests=False, verb_parser=<colcon_defaults.argument_parser.defaults.DefaultArgumentsDecorator object at 0x7ed5f1097080>, verb_extension=<colcon_core.verb.build.BuildVerb object at 0x7ed5f1096f60>, main=<bound method BuildVerb.main of <colcon_core.verb.build.BuildVerb object at 0x7ed5f1096f60>>)
[0.387s] Level 1:colcon.colcon_core.package_discovery:discover_packages(colcon_meta) check parameters
[0.387s] Level 1:colcon.colcon_core.package_discovery:discover_packages(recursive) check parameters
[0.387s] Level 1:colcon.colcon_core.package_discovery:discover_packages(ignore) check parameters
[0.387s] Level 1:colcon.colcon_core.package_discovery:discover_packages(path) check parameters
[0.387s] Level 1:colcon.colcon_core.package_discovery:discover_packages(colcon_meta) discover
[0.387s] Level 1:colcon.colcon_core.package_discovery:discover_packages(recursive) discover
[0.387s] INFO:colcon.colcon_core.package_discovery:Crawling recursively for packages in '/home/nyctzo/dibyanshu_ws'
[0.388s] Level 1:colcon.colcon_core.package_identification:_identify(.) by extensions ['ignore', 'ignore_ament_install']
[0.388s] Level 1:colcon.colcon_core.package_identification:_identify(.) by extension 'ignore'
[0.388s] Level 1:colcon.colcon_core.package_identification:_identify(.) by extension 'ignore_ament_install'
[0.388s] Level 1:colcon.colcon_core.package_identification:_identify(.) by extensions ['colcon_pkg']
[0.388s] Level 1:colcon.colcon_core.package_identification:_identify(.) by extension 'colcon_pkg'
[0.389s] Level 1:colcon.colcon_core.package_identification:_identify(.) by extensions ['colcon_meta']
[0.389s] Level 1:colcon.colcon_core.package_identification:_identify(.) by extension 'colcon_meta'
[0.389s] Level 1:colcon.colcon_core.package_identification:_identify(.) by extensions ['ros']
[0.389s] Level 1:colcon.colcon_core.package_identification:_identify(.) by extension 'ros'
[0.461s] Level 1:colcon.colcon_core.package_identification:_identify(.) by extensions ['cmake', 'python']
[0.461s] Level 1:colcon.colcon_core.package_identification:_identify(.) by extension 'cmake'
[0.461s] Level 1:colcon.colcon_core.package_identification:_identify(.) by extension 'python'
[0.461s] Level 1:colcon.colcon_core.package_identification:_identify(.) by extensions ['python_setup_py']
[0.461s] Level 1:colcon.colcon_core.package_identification:_identify(.) by extension 'python_setup_py'
[0.462s] Level 1:colcon.colcon_core.package_identification:_identify(build) by extensions ['ignore', 'ignore_ament_install']
[0.462s] Level 1:colcon.colcon_core.package_identification:_identify(build) by extension 'ignore'
[0.462s] Level 1:colcon.colcon_core.package_identification:_identify(build) ignored
[0.462s] Level 1:colcon.colcon_core.package_identification:_identify(install) by extensions ['ignore', 'ignore_ament_install']
[0.462s] Level 1:colcon.colcon_core.package_identification:_identify(install) by extension 'ignore'
[0.462s] Level 1:colcon.colcon_core.package_identification:_identify(install) ignored
[0.463s] Level 1:colcon.colcon_core.package_identification:_identify(log) by extensions ['ignore', 'ignore_ament_install']
[0.463s] Level 1:colcon.colcon_core.package_identification:_identify(log) by extension 'ignore'
[0.463s] Level 1:colcon.colcon_core.package_identification:_identify(log) ignored
[0.463s] Level 1:colcon.colcon_core.package_identification:_identify(maps) by extensions ['ignore', 'ignore_ament_install']
[0.463s] Level 1:colcon.colcon_core.package_identification:_identify(maps) by extension 'ignore'
[0.463s] Level 1:colcon.colcon_core.package_identification:_identify(maps) by extension 'ignore_ament_install'
[0.463s] Level 1:colcon.colcon_core.package_identification:_identify(maps) by extensions ['colcon_pkg']
[0.463s] Level 1:colcon.colcon_core.package_identification:_identify(maps) by extension 'colcon_pkg'
[0.463s] Level 1:colcon.colcon_core.package_identification:_identify(maps) by extensions ['colcon_meta']
[0.464s] Level 1:colcon.colcon_core.package_identification:_identify(maps) by extension 'colcon_meta'
[0.464s] Level 1:colcon.colcon_core.package_identification:_identify(maps) by extensions ['ros']
[0.464s] Level 1:colcon.colcon_core.package_identification:_identify(maps) by extension 'ros'
[0.464s] Level 1:colcon.colcon_core.package_identification:_identify(maps) by extensions ['cmake', 'python']
[0.464s] Level 1:colcon.colcon_core.package_identification:_identify(maps) by extension 'cmake'
[0.464s] Level 1:colcon.colcon_core.package_identification:_identify(maps) by extension 'python'
[0.464s] Level 1:colcon.colcon_core.package_identification:_identify(maps) by extensions ['python_setup_py']
[0.464s] Level 1:colcon.colcon_core.package_identification:_identify(maps) by extension 'python_setup_py'
[0.465s] Level 1:colcon.colcon_core.package_identification:_identify(src) by extensions ['ignore', 'ignore_ament_install']
[0.465s] Level 1:colcon.colcon_core.package_identification:_identify(src) by extension 'ignore'
[0.465s] Level 1:colcon.colcon_core.package_identification:_identify(src) by extension 'ignore_ament_install'
[0.465s] Level 1:colcon.colcon_core.package_identification:_identify(src) by extensions ['colcon_pkg']
[0.466s] Level 1:colcon.colcon_core.package_identification:_identify(src) by extension 'colcon_pkg'
[0.466s] Level 1:colcon.colcon_core.package_identification:_identify(src) by extensions ['colcon_meta']
[0.466s] Level 1:colcon.colcon_core.package_identification:_identify(src) by extension 'colcon_meta'
[0.466s] Level 1:colcon.colcon_core.package_identification:_identify(src) by extensions ['ros']
[0.466s] Level 1:colcon.colcon_core.package_identification:_identify(src) by extension 'ros'
[0.466s] Level 1:colcon.colcon_core.package_identification:_identify(src) by extensions ['cmake', 'python']
[0.466s] Level 1:colcon.colcon_core.package_identification:_identify(src) by extension 'cmake'
[0.466s] Level 1:colcon.colcon_core.package_identification:_identify(src) by extension 'python'
[0.466s] Level 1:colcon.colcon_core.package_identification:_identify(src) by extensions ['python_setup_py']
[0.466s] Level 1:colcon.colcon_core.package_identification:_identify(src) by extension 'python_setup_py'
[0.466s] Level 1:colcon.colcon_core.package_identification:_identify(src/ros2_jazzy) by extensions ['ignore', 'ignore_ament_install']
[0.467s] Level 1:colcon.colcon_core.package_identification:_identify(src/ros2_jazzy) by extension 'ignore'
[0.467s] Level 1:colcon.colcon_core.package_identification:_identify(src/ros2_jazzy) by extension 'ignore_ament_install'
[0.467s] Level 1:colcon.colcon_core.package_identification:_identify(src/ros2_jazzy) by extensions ['colcon_pkg']
[0.467s] Level 1:colcon.colcon_core.package_identification:_identify(src/ros2_jazzy) by extension 'colcon_pkg'
[0.467s] Level 1:colcon.colcon_core.package_identification:_identify(src/ros2_jazzy) by extensions ['colcon_meta']
[0.467s] Level 1:colcon.colcon_core.package_identification:_identify(src/ros2_jazzy) by extension 'colcon_meta'
[0.468s] Level 1:colcon.colcon_core.package_identification:_identify(src/ros2_jazzy) by extensions ['ros']
[0.468s] Level 1:colcon.colcon_core.package_identification:_identify(src/ros2_jazzy) by extension 'ros'
[0.468s] Level 1:colcon.colcon_core.package_identification:_identify(src/ros2_jazzy) by extensions ['cmake', 'python']
[0.468s] Level 1:colcon.colcon_core.package_identification:_identify(src/ros2_jazzy) by extension 'cmake'
[0.468s] Level 1:colcon.colcon_core.package_identification:_identify(src/ros2_jazzy) by extension 'python'
[0.468s] Level 1:colcon.colcon_core.package_identification:_identify(src/ros2_jazzy) by extensions ['python_setup_py']
[0.468s] Level 1:colcon.colcon_core.package_identification:_identify(src/ros2_jazzy) by extension 'python_setup_py'
[0.468s] Level 1:colcon.colcon_core.package_identification:_identify(src/ros2_jazzy/lidar_ws) by extensions ['ignore', 'ignore_ament_install']
[0.469s] Level 1:colcon.colcon_core.package_identification:_identify(src/ros2_jazzy/lidar_ws) by extension 'ignore'
[0.469s] Level 1:colcon.colcon_core.package_identification:_identify(src/ros2_jazzy/lidar_ws) by extension 'ignore_ament_install'
[0.469s] Level 1:colcon.colcon_core.package_identification:_identify(src/ros2_jazzy/lidar_ws) by extensions ['colcon_pkg']
[0.469s] Level 1:colcon.colcon_core.package_identification:_identify(src/ros2_jazzy/lidar_ws) by extension 'colcon_pkg'
[0.469s] Level 1:colcon.colcon_core.package_identification:_identify(src/ros2_jazzy/lidar_ws) by extensions ['colcon_meta']
[0.469s] Level 1:colcon.colcon_core.package_identification:_identify(src/ros2_jazzy/lidar_ws) by extension 'colcon_meta'
[0.469s] Level 1:colcon.colcon_core.package_identification:_identify(src/ros2_jazzy/lidar_ws) by extensions ['ros']
[0.469s] Level 1:colcon.colcon_core.package_identification:_identify(src/ros2_jazzy/lidar_ws) by extension 'ros'
[0.469s] Level 1:colcon.colcon_core.package_identification:_identify(src/ros2_jazzy/lidar_ws) by extensions ['cmake', 'python']
[0.469s] Level 1:colcon.colcon_core.package_identification:_identify(src/ros2_jazzy/lidar_ws) by extension 'cmake'
[0.469s] Level 1:colcon.colcon_core.package_identification:_identify(src/ros2_jazzy/lidar_ws) by extension 'python'
[0.470s] Level 1:colcon.colcon_core.package_identification:_identify(src/ros2_jazzy/lidar_ws) by extensions ['python_setup_py']
[0.470s] Level 1:colcon.colcon_core.package_identification:_identify(src/ros2_jazzy/lidar_ws) by extension 'python_setup_py'
[0.470s] Level 1:colcon.colcon_core.package_identification:_identify(src/ros2_jazzy/lidar_ws/build) by extensions ['ignore', 'ignore_ament_install']
[0.470s] Level 1:colcon.colcon_core.package_identification:_identify(src/ros2_jazzy/lidar_ws/build) by extension 'ignore'
[0.470s] Level 1:colcon.colcon_core.package_identification:_identify(src/ros2_jazzy/lidar_ws/build) ignored
[0.470s] Level 1:colcon.colcon_core.package_identification:_identify(src/ros2_jazzy/lidar_ws/install) by extensions ['ignore', 'ignore_ament_install']
[0.471s] Level 1:colcon.colcon_core.package_identification:_identify(src/ros2_jazzy/lidar_ws/install) by extension 'ignore'
[0.471s] Level 1:colcon.colcon_core.package_identification:_identify(src/ros2_jazzy/lidar_ws/install) ignored
[0.471s] Level 1:colcon.colcon_core.package_identification:_identify(src/ros2_jazzy/lidar_ws/log) by extensions ['ignore', 'ignore_ament_install']
[0.471s] Level 1:colcon.colcon_core.package_identification:_identify(src/ros2_jazzy/lidar_ws/log) by extension 'ignore'
[0.471s] Level 1:colcon.colcon_core.package_identification:_identify(src/ros2_jazzy/lidar_ws/log) ignored
[0.471s] Level 1:colcon.colcon_core.package_identification:_identify(src/ros2_jazzy/src) by extensions ['ignore', 'ignore_ament_install']
[0.472s] Level 1:colcon.colcon_core.package_identification:_identify(src/ros2_jazzy/src) by extension 'ignore'
[0.472s] Level 1:colcon.colcon_core.package_identification:_identify(src/ros2_jazzy/src) by extension 'ignore_ament_install'
[0.472s] Level 1:colcon.colcon_core.package_identification:_identify(src/ros2_jazzy/src) by extensions ['colcon_pkg']
[0.472s] Level 1:colcon.colcon_core.package_identification:_identify(src/ros2_jazzy/src) by extension 'colcon_pkg'
[0.472s] Level 1:colcon.colcon_core.package_identification:_identify(src/ros2_jazzy/src) by extensions ['colcon_meta']
[0.472s] Level 1:colcon.colcon_core.package_identification:_identify(src/ros2_jazzy/src) by extension 'colcon_meta'
[0.472s] Level 1:colcon.colcon_core.package_identification:_identify(src/ros2_jazzy/src) by extensions ['ros']
[0.472s] Level 1:colcon.colcon_core.package_identification:_identify(src/ros2_jazzy/src) by extension 'ros'
[0.472s] Level 1:colcon.colcon_core.package_identification:_identify(src/ros2_jazzy/src) by extensions ['cmake', 'python']
[0.472s] Level 1:colcon.colcon_core.package_identification:_identify(src/ros2_jazzy/src) by extension 'cmake'
[0.472s] Level 1:colcon.colcon_core.package_identification:_identify(src/ros2_jazzy/src) by extension 'python'
[0.472s] Level 1:colcon.colcon_core.package_identification:_identify(src/ros2_jazzy/src) by extensions ['python_setup_py']
[0.472s] Level 1:colcon.colcon_core.package_identification:_identify(src/ros2_jazzy/src) by extension 'python_setup_py'
[0.473s] Level 1:colcon.colcon_core.package_identification:_identify(src/ros2_jazzy/src/mecanum_bringup) by extensions ['ignore', 'ignore_ament_install']
[0.473s] Level 1:colcon.colcon_core.package_identification:_identify(src/ros2_jazzy/src/mecanum_bringup) by extension 'ignore'
[0.473s] Level 1:colcon.colcon_core.package_identification:_identify(src/ros2_jazzy/src/mecanum_bringup) by extension 'ignore_ament_install'
[0.473s] Level 1:colcon.colcon_core.package_identification:_identify(src/ros2_jazzy/src/mecanum_bringup) by extensions ['colcon_pkg']
[0.473s] Level 1:colcon.colcon_core.package_identification:_identify(src/ros2_jazzy/src/mecanum_bringup) by extension 'colcon_pkg'
[0.473s] Level 1:colcon.colcon_core.package_identification:_identify(src/ros2_jazzy/src/mecanum_bringup) by extensions ['colcon_meta']
[0.473s] Level 1:colcon.colcon_core.package_identification:_identify(src/ros2_jazzy/src/mecanum_bringup) by extension 'colcon_meta'
[0.473s] Level 1:colcon.colcon_core.package_identification:_identify(src/ros2_jazzy/src/mecanum_bringup) by extensions ['ros']
[0.473s] Level 1:colcon.colcon_core.package_identification:_identify(src/ros2_jazzy/src/mecanum_bringup) by extension 'ros'
[0.480s] DEBUG:colcon.colcon_core.package_identification:Package 'src/ros2_jazzy/src/mecanum_bringup' with type 'ros.ament_python' and name 'mecanum_bringup'
[0.480s] Level 1:colcon.colcon_core.package_identification:_identify(src/ros2_jazzy/src/mecanum_control) by extensions ['ignore', 'ignore_ament_install']
[0.480s] Level 1:colcon.colcon_core.package_identification:_identify(src/ros2_jazzy/src/mecanum_control) by extension 'ignore'
[0.480s] Level 1:colcon.colcon_core.package_identification:_identify(src/ros2_jazzy/src/mecanum_control) by extension 'ignore_ament_install'
[0.481s] Level 1:colcon.colcon_core.package_identification:_identify(src/ros2_jazzy/src/mecanum_control) by extensions ['colcon_pkg']
[0.481s] Level 1:colcon.colcon_core.package_identification:_identify(src/ros2_jazzy/src/mecanum_control) by extension 'colcon_pkg'
[0.481s] Level 1:colcon.colcon_core.package_identification:_identify(src/ros2_jazzy/src/mecanum_control) by extensions ['colcon_meta']
[0.481s] Level 1:colcon.colcon_core.package_identification:_identify(src/ros2_jazzy/src/mecanum_control) by extension 'colcon_meta'
[0.481s] Level 1:colcon.colcon_core.package_identification:_identify(src/ros2_jazzy/src/mecanum_control) by extensions ['ros']
[0.481s] Level 1:colcon.colcon_core.package_identification:_identify(src/ros2_jazzy/src/mecanum_control) by extension 'ros'
[0.483s] DEBUG:colcon.colcon_core.package_identification:Package 'src/ros2_jazzy/src/mecanum_control' with type 'ros.ament_cmake' and name 'mecanum_control'
[0.483s] Level 1:colcon.colcon_core.package_identification:_identify(src/ros2_jazzy/src/mecanum_wheel) by extensions ['ignore', 'ignore_ament_install']
[0.484s] Level 1:colcon.colcon_core.package_identification:_identify(src/ros2_jazzy/src/mecanum_wheel) by extension 'ignore'
[0.484s] Level 1:colcon.colcon_core.package_identification:_identify(src/ros2_jazzy/src/mecanum_wheel) by extension 'ignore_ament_install'
[0.484s] Level 1:colcon.colcon_core.package_identification:_identify(src/ros2_jazzy/src/mecanum_wheel) by extensions ['colcon_pkg']
[0.484s] Level 1:colcon.colcon_core.package_identification:_identify(src/ros2_jazzy/src/mecanum_wheel) by extension 'colcon_pkg'
[0.484s] Level 1:colcon.colcon_core.package_identification:_identify(src/ros2_jazzy/src/mecanum_wheel) by extensions ['colcon_meta']
[0.484s] Level 1:colcon.colcon_core.package_identification:_identify(src/ros2_jazzy/src/mecanum_wheel) by extension 'colcon_meta'
[0.484s] Level 1:colcon.colcon_core.package_identification:_identify(src/ros2_jazzy/src/mecanum_wheel) by extensions ['ros']
[0.484s] Level 1:colcon.colcon_core.package_identification:_identify(src/ros2_jazzy/src/mecanum_wheel) by extension 'ros'
[0.486s] DEBUG:colcon.colcon_core.package_identification:Package 'src/ros2_jazzy/src/mecanum_wheel' with type 'ros.ament_cmake' and name 'mecanum_wheel'
[0.486s] Level 1:colcon.colcon_core.package_identification:_identify(src/ros2_jazzy/src/my_first_pkg) by extensions ['ignore', 'ignore_ament_install']
[0.486s] Level 1:colcon.colcon_core.package_identification:_identify(src/ros2_jazzy/src/my_first_pkg) by extension 'ignore'
[0.486s] Level 1:colcon.colcon_core.package_identification:_identify(src/ros2_jazzy/src/my_first_pkg) by extension 'ignore_ament_install'
[0.487s] Level 1:colcon.colcon_core.package_identification:_identify(src/ros2_jazzy/src/my_first_pkg) by extensions ['colcon_pkg']
[0.487s] Level 1:colcon.colcon_core.package_identification:_identify(src/ros2_jazzy/src/my_first_pkg) by extension 'colcon_pkg'
[0.487s] Level 1:colcon.colcon_core.package_identification:_identify(src/ros2_jazzy/src/my_first_pkg) by extensions ['colcon_meta']
[0.487s] Level 1:colcon.colcon_core.package_identification:_identify(src/ros2_jazzy/src/my_first_pkg) by extension 'colcon_meta'
[0.487s] Level 1:colcon.colcon_core.package_identification:_identify(src/ros2_jazzy/src/my_first_pkg) by extensions ['ros']
[0.487s] Level 1:colcon.colcon_core.package_identification:_identify(src/ros2_jazzy/src/my_first_pkg) by extension 'ros'
[0.488s] DEBUG:colcon.colcon_core.package_identification:Package 'src/ros2_jazzy/src/my_first_pkg' with type 'ros.ament_python' and name 'my_first_pkg'
[0.489s] Level 1:colcon.colcon_core.package_identification:_identify(src/ros2_jazzy/src/my_robot_description) by extensions ['ignore', 'ignore_ament_install']
[0.489s] Level 1:colcon.colcon_core.package_identification:_identify(src/ros2_jazzy/src/my_robot_description) by extension 'ignore'
[0.489s] Level 1:colcon.colcon_core.package_identification:_identify(src/ros2_jazzy/src/my_robot_description) by extension 'ignore_ament_install'
[0.489s] Level 1:colcon.colcon_core.package_identification:_identify(src/ros2_jazzy/src/my_robot_description) by extensions ['colcon_pkg']
[0.489s] Level 1:colcon.colcon_core.package_identification:_identify(src/ros2_jazzy/src/my_robot_description) by extension 'colcon_pkg'
[0.489s] Level 1:colcon.colcon_core.package_identification:_identify(src/ros2_jazzy/src/my_robot_description) by extensions ['colcon_meta']
[0.489s] Level 1:colcon.colcon_core.package_identification:_identify(src/ros2_jazzy/src/my_robot_description) by extension 'colcon_meta'
[0.490s] Level 1:colcon.colcon_core.package_identification:_identify(src/ros2_jazzy/src/my_robot_description) by extensions ['ros']
[0.490s] Level 1:colcon.colcon_core.package_identification:_identify(src/ros2_jazzy/src/my_robot_description) by extension 'ros'
[0.491s] DEBUG:colcon.colcon_core.package_identification:Package 'src/ros2_jazzy/src/my_robot_description' with type 'ros.ament_cmake' and name 'my_robot_description'
[0.491s] Level 1:colcon.colcon_core.package_discovery:discover_packages(recursive) using defaults
[0.491s] Level 1:colcon.colcon_core.package_discovery:discover_packages(ignore) discover
[0.491s] Level 1:colcon.colcon_core.package_discovery:discover_packages(ignore) using defaults
[0.491s] Level 1:colcon.colcon_core.package_discovery:discover_packages(path) discover
[0.491s] Level 1:colcon.colcon_core.package_discovery:discover_packages(path) using defaults
[0.542s] INFO:colcon.colcon_core.package_selection:Skipping not selected package 'mecanum_control' in 'src/ros2_jazzy/src/mecanum_control'
[0.543s] INFO:colcon.colcon_core.package_selection:Skipping not selected package 'mecanum_wheel' in 'src/ros2_jazzy/src/mecanum_wheel'
[0.543s] INFO:colcon.colcon_core.package_selection:Skipping not selected package 'my_first_pkg' in 'src/ros2_jazzy/src/my_first_pkg'
[0.544s] Level 1:colcon.colcon_core.package_discovery:discover_packages(prefix_path) check parameters
[0.544s] Level 1:colcon.colcon_core.package_discovery:discover_packages(prefix_path) discover
[0.550s] DEBUG:colcon.colcon_installed_package_information.package_discovery:Found 6 installed packages in /home/nyctzo/ros2_ws/install
[0.555s] DEBUG:colcon.colcon_installed_package_information.package_discovery:Found 498 installed packages in /opt/ros/jazzy
[0.561s] Level 1:colcon.colcon_core.package_discovery:discover_packages(prefix_path) using defaults
[0.712s] Level 5:colcon.colcon_core.verb:set package 'mecanum_bringup' build argument 'cmake_args' from command line to 'None'
[0.712s] Level 5:colcon.colcon_core.verb:set package 'mecanum_bringup' build argument 'cmake_target' from command line to 'None'
[0.712s] Level 5:colcon.colcon_core.verb:set package 'mecanum_bringup' build argument 'cmake_target_skip_unavailable' from command line to 'False'
[0.712s] Level 5:colcon.colcon_core.verb:set package 'mecanum_bringup' build argument 'cmake_clean_cache' from command line to 'False'
[0.712s] Level 5:colcon.colcon_core.verb:set package 'mecanum_bringup' build argument 'cmake_clean_first' from command line to 'False'
[0.712s] Level 5:colcon.colcon_core.verb:set package 'mecanum_bringup' build argument 'cmake_force_configure' from command line to 'False'
[0.712s] Level 5:colcon.colcon_core.verb:set package 'mecanum_bringup' build argument 'ament_cmake_args' from command line to 'None'
[0.712s] Level 5:colcon.colcon_core.verb:set package 'mecanum_bringup' build argument 'catkin_cmake_args' from command line to 'None'
[0.712s] Level 5:colcon.colcon_core.verb:set package 'mecanum_bringup' build argument 'catkin_skip_building_tests' from command line to 'False'
[0.712s] DEBUG:colcon.colcon_core.verb:Building package 'mecanum_bringup' with the following arguments: {'ament_cmake_args': None, 'build_base': '/home/nyctzo/dibyanshu_ws/build/mecanum_bringup', 'catkin_cmake_args': None, 'catkin_skip_building_tests': False, 'cmake_args': None, 'cmake_clean_cache': False, 'cmake_clean_first': False, 'cmake_force_configure': False, 'cmake_target': None, 'cmake_target_skip_unavailable': False, 'install_base': '/home/nyctzo/dibyanshu_ws/install/mecanum_bringup', 'merge_install': False, 'path': '/home/nyctzo/dibyanshu_ws/src/ros2_jazzy/src/mecanum_bringup', 'symlink_install': False, 'test_result_base': None}
[0.713s] Level 5:colcon.colcon_core.verb:set package 'my_robot_description' build argument 'cmake_args' from command line to 'None'
[0.713s] Level 5:colcon.colcon_core.verb:set package 'my_robot_description' build argument 'cmake_target' from command line to 'None'
[0.713s] Level 5:colcon.colcon_core.verb:set package 'my_robot_description' build argument 'cmake_target_skip_unavailable' from command line to 'False'
[0.713s] Level 5:colcon.colcon_core.verb:set package 'my_robot_description' build argument 'cmake_clean_cache' from command line to 'False'
[0.713s] Level 5:colcon.colcon_core.verb:set package 'my_robot_description' build argument 'cmake_clean_first' from command line to 'False'
[0.713s] Level 5:colcon.colcon_core.verb:set package 'my_robot_description' build argument 'cmake_force_configure' from command line to 'False'
[0.713s] Level 5:colcon.colcon_core.verb:set package 'my_robot_description' build argument 'ament_cmake_args' from command line to 'None'
[0.713s] Level 5:colcon.colcon_core.verb:set package 'my_robot_description' build argument 'catkin_cmake_args' from command line to 'None'
[0.713s] Level 5:colcon.colcon_core.verb:set package 'my_robot_description' build argument 'catkin_skip_building_tests' from command line to 'False'
[0.713s] DEBUG:colcon.colcon_core.verb:Building package 'my_robot_description' with the following arguments: {'ament_cmake_args': None, 'build_base': '/home/nyctzo/dibyanshu_ws/build/my_robot_description', 'catkin_cmake_args': None, 'catkin_skip_building_tests': False, 'cmake_args': None, 'cmake_clean_cache': False, 'cmake_clean_first': False, 'cmake_force_configure': False, 'cmake_target': None, 'cmake_target_skip_unavailable': False, 'install_base': '/home/nyctzo/dibyanshu_ws/install/my_robot_description', 'merge_install': False, 'path': '/home/nyctzo/dibyanshu_ws/src/ros2_jazzy/src/my_robot_description', 'symlink_install': False, 'test_result_base': None}
[0.714s] INFO:colcon.colcon_core.executor:Executing jobs using 'parallel' executor
[0.715s] DEBUG:colcon.colcon_parallel_executor.executor.parallel:run_until_complete
[0.716s] INFO:colcon.colcon_ros.task.ament_python.build:Building ROS package in '/home/nyctzo/dibyanshu_ws/src/ros2_jazzy/src/mecanum_bringup' with build type 'ament_python'
[0.717s] Level 1:colcon.colcon_core.shell:create_environment_hook('mecanum_bringup', 'ament_prefix_path')
[0.722s] INFO:colcon.colcon_core.plugin_system:Skipping extension 'colcon_core.shell.bat': Not used on non-Windows systems
[0.723s] INFO:colcon.colcon_core.shell:Creating environment hook '/home/nyctzo/dibyanshu_ws/install/mecanum_bringup/share/mecanum_bringup/hook/ament_prefix_path.ps1'
[0.725s] INFO:colcon.colcon_core.shell:Creating environment descriptor '/home/nyctzo/dibyanshu_ws/install/mecanum_bringup/share/mecanum_bringup/hook/ament_prefix_path.dsv'
[0.726s] INFO:colcon.colcon_core.shell:Creating environment hook '/home/nyctzo/dibyanshu_ws/install/mecanum_bringup/share/mecanum_bringup/hook/ament_prefix_path.sh'
[0.728s] INFO:colcon.colcon_core.shell:Skip shell extension 'powershell' for command environment: Not usable outside of PowerShell
[0.728s] DEBUG:colcon.colcon_core.shell:Skip shell extension 'dsv' for command environment
[0.740s] INFO:colcon.colcon_ros.task.ament_cmake.build:Building ROS package in '/home/nyctzo/dibyanshu_ws/src/ros2_jazzy/src/my_robot_description' with build type 'ament_cmake'
[0.741s] INFO:colcon.colcon_cmake.task.cmake.build:Building CMake package in '/home/nyctzo/dibyanshu_ws/src/ros2_jazzy/src/my_robot_description'
[0.741s] INFO:colcon.colcon_core.shell:Skip shell extension 'powershell' for command environment: Not usable outside of PowerShell
[0.741s] DEBUG:colcon.colcon_core.shell:Skip shell extension 'dsv' for command environment
[1.462s] INFO:colcon.colcon_core.task.python.build:Building Python package in '/home/nyctzo/dibyanshu_ws/src/ros2_jazzy/src/mecanum_bringup'
[1.463s] INFO:colcon.colcon_core.shell:Skip shell extension 'powershell' for command environment: Not usable outside of PowerShell
[1.463s] DEBUG:colcon.colcon_core.shell:Skip shell extension 'dsv' for command environment
[1.484s] DEBUG:colcon.colcon_core.event_handler.log_command:Invoking command in '/home/nyctzo/dibyanshu_ws/build/my_robot_description': CMAKE_PREFIX_PATH=${CMAKE_PREFIX_PATH}:/home/nyctzo/ros2_ws/install/mecanum_teleop:/opt/ros/jazzy DEBUGINFOD_URLS=https://debuginfod.ubuntu.com /usr/bin/cmake /home/nyctzo/dibyanshu_ws/src/ros2_jazzy/src/my_robot_description -DCMAKE_INSTALL_PREFIX=/home/nyctzo/dibyanshu_ws/install/my_robot_description
[2.614s] DEBUG:colcon.colcon_core.event_handler.log_command:Invoked command in '/home/nyctzo/dibyanshu_ws/build/my_robot_description' returned '0': CMAKE_PREFIX_PATH=${CMAKE_PREFIX_PATH}:/home/nyctzo/ros2_ws/install/mecanum_teleop:/opt/ros/jazzy DEBUGINFOD_URLS=https://debuginfod.ubuntu.com /usr/bin/cmake /home/nyctzo/dibyanshu_ws/src/ros2_jazzy/src/my_robot_description -DCMAKE_INSTALL_PREFIX=/home/nyctzo/dibyanshu_ws/install/my_robot_description
[2.615s] DEBUG:colcon.colcon_core.event_handler.log_command:Invoking command in '/home/nyctzo/dibyanshu_ws/build/my_robot_description': CMAKE_PREFIX_PATH=${CMAKE_PREFIX_PATH}:/home/nyctzo/ros2_ws/install/mecanum_teleop:/opt/ros/jazzy DEBUGINFOD_URLS=https://debuginfod.ubuntu.com /usr/bin/cmake --build /home/nyctzo/dibyanshu_ws/build/my_robot_description -- -j12 -l12
[2.717s] DEBUG:colcon.colcon_core.event_handler.log_command:Invoked command in '/home/nyctzo/dibyanshu_ws/build/my_robot_description' returned '0': CMAKE_PREFIX_PATH=${CMAKE_PREFIX_PATH}:/home/nyctzo/ros2_ws/install/mecanum_teleop:/opt/ros/jazzy DEBUGINFOD_URLS=https://debuginfod.ubuntu.com /usr/bin/cmake --build /home/nyctzo/dibyanshu_ws/build/my_robot_description -- -j12 -l12
[2.746s] DEBUG:colcon.colcon_core.event_handler.log_command:Invoking command in '/home/nyctzo/dibyanshu_ws/build/my_robot_description': CMAKE_PREFIX_PATH=${CMAKE_PREFIX_PATH}:/home/nyctzo/ros2_ws/install/mecanum_teleop:/opt/ros/jazzy DEBUGINFOD_URLS=https://debuginfod.ubuntu.com /usr/bin/cmake --install /home/nyctzo/dibyanshu_ws/build/my_robot_description
[2.822s] Level 1:colcon.colcon_core.environment:create_environment_scripts_only(my_robot_description)
[2.823s] DEBUG:colcon.colcon_core.event_handler.log_command:Invoked command in '/home/nyctzo/dibyanshu_ws/build/my_robot_description' returned '0': CMAKE_PREFIX_PATH=${CMAKE_PREFIX_PATH}:/home/nyctzo/ros2_ws/install/mecanum_teleop:/opt/ros/jazzy DEBUGINFOD_URLS=https://debuginfod.ubuntu.com /usr/bin/cmake --install /home/nyctzo/dibyanshu_ws/build/my_robot_description
[2.831s] Level 1:colcon.colcon_core.environment:checking '/home/nyctzo/dibyanshu_ws/install/my_robot_description' for CMake module files
[2.832s] Level 1:colcon.colcon_core.environment:checking '/home/nyctzo/dibyanshu_ws/install/my_robot_description' for CMake config files
[2.833s] Level 1:colcon.colcon_core.shell:create_environment_hook('my_robot_description', 'cmake_prefix_path')
[2.834s] INFO:colcon.colcon_core.shell:Creating environment hook '/home/nyctzo/dibyanshu_ws/install/my_robot_description/share/my_robot_description/hook/cmake_prefix_path.ps1'
[2.835s] INFO:colcon.colcon_core.shell:Creating environment descriptor '/home/nyctzo/dibyanshu_ws/install/my_robot_description/share/my_robot_description/hook/cmake_prefix_path.dsv'
[2.836s] INFO:colcon.colcon_core.shell:Creating environment hook '/home/nyctzo/dibyanshu_ws/install/my_robot_description/share/my_robot_description/hook/cmake_prefix_path.sh'
[2.838s] Level 1:colcon.colcon_core.environment:checking '/home/nyctzo/dibyanshu_ws/install/my_robot_description/bin'
[2.839s] Level 1:colcon.colcon_core.environment:checking '/home/nyctzo/dibyanshu_ws/install/my_robot_description/lib/pkgconfig/my_robot_description.pc'
[2.839s] Level 1:colcon.colcon_core.environment:checking '/home/nyctzo/dibyanshu_ws/install/my_robot_description/lib/python3.12/site-packages'
[2.840s] Level 1:colcon.colcon_core.environment:checking '/home/nyctzo/dibyanshu_ws/install/my_robot_description/bin'
[2.841s] INFO:colcon.colcon_core.shell:Creating package script '/home/nyctzo/dibyanshu_ws/install/my_robot_description/share/my_robot_description/package.ps1'
[2.844s] INFO:colcon.colcon_core.shell:Creating package descriptor '/home/nyctzo/dibyanshu_ws/install/my_robot_description/share/my_robot_description/package.dsv'
[2.845s] INFO:colcon.colcon_core.shell:Creating package script '/home/nyctzo/dibyanshu_ws/install/my_robot_description/share/my_robot_description/package.sh'
[2.847s] INFO:colcon.colcon_core.shell:Creating package script '/home/nyctzo/dibyanshu_ws/install/my_robot_description/share/my_robot_description/package.bash'
[2.852s] INFO:colcon.colcon_core.shell:Creating package script '/home/nyctzo/dibyanshu_ws/install/my_robot_description/share/my_robot_description/package.zsh'
[2.853s] Level 1:colcon.colcon_core.environment:create_file_with_runtime_dependencies(/home/nyctzo/dibyanshu_ws/install/my_robot_description/share/colcon-core/packages/my_robot_description)
[2.854s] Level 1:colcon.colcon_core.environment:create_environment_scripts_only(my_robot_description)
[2.855s] Level 1:colcon.colcon_core.environment:checking '/home/nyctzo/dibyanshu_ws/install/my_robot_description' for CMake module files
[2.856s] Level 1:colcon.colcon_core.environment:checking '/home/nyctzo/dibyanshu_ws/install/my_robot_description' for CMake config files
[2.857s] Level 1:colcon.colcon_core.shell:create_environment_hook('my_robot_description', 'cmake_prefix_path')
[2.857s] INFO:colcon.colcon_core.shell:Creating environment hook '/home/nyctzo/dibyanshu_ws/install/my_robot_description/share/my_robot_description/hook/cmake_prefix_path.ps1'
[2.859s] INFO:colcon.colcon_core.shell:Creating environment descriptor '/home/nyctzo/dibyanshu_ws/install/my_robot_description/share/my_robot_description/hook/cmake_prefix_path.dsv'
[2.860s] INFO:colcon.colcon_core.shell:Creating environment hook '/home/nyctzo/dibyanshu_ws/install/my_robot_description/share/my_robot_description/hook/cmake_prefix_path.sh'
[2.862s] Level 1:colcon.colcon_core.environment:checking '/home/nyctzo/dibyanshu_ws/install/my_robot_description/bin'
[2.863s] Level 1:colcon.colcon_core.environment:checking '/home/nyctzo/dibyanshu_ws/install/my_robot_description/lib/pkgconfig/my_robot_description.pc'
[2.863s] Level 1:colcon.colcon_core.environment:checking '/home/nyctzo/dibyanshu_ws/install/my_robot_description/lib/python3.12/site-packages'
[2.866s] Level 1:colcon.colcon_core.environment:checking '/home/nyctzo/dibyanshu_ws/install/my_robot_description/bin'
[2.866s] INFO:colcon.colcon_core.shell:Creating package script '/home/nyctzo/dibyanshu_ws/install/my_robot_description/share/my_robot_description/package.ps1'
[2.870s] INFO:colcon.colcon_core.shell:Creating package descriptor '/home/nyctzo/dibyanshu_ws/install/my_robot_description/share/my_robot_description/package.dsv'
[2.873s] INFO:colcon.colcon_core.shell:Creating package script '/home/nyctzo/dibyanshu_ws/install/my_robot_description/share/my_robot_description/package.sh'
[2.874s] INFO:colcon.colcon_core.shell:Creating package script '/home/nyctzo/dibyanshu_ws/install/my_robot_description/share/my_robot_description/package.bash'
[2.875s] INFO:colcon.colcon_core.shell:Creating package script '/home/nyctzo/dibyanshu_ws/install/my_robot_description/share/my_robot_description/package.zsh'
[2.876s] Level 1:colcon.colcon_core.environment:create_file_with_runtime_dependencies(/home/nyctzo/dibyanshu_ws/install/my_robot_description/share/colcon-core/packages/my_robot_description)
[3.544s] DEBUG:colcon.colcon_core.task.python.build:Available setuptools commands: dist_info, register, bdist, saveopts, sdist, update_catalog, extract_messages, install, test, clean, install_scripts, build_clib, develop, easy_install, build_ext, compile_catalog, bdist_egg, alias, symlink_data, install_lib, build, init_catalog, editable_wheel, upload_docs, install_data, bdist_dumb, setopt, install_headers, build_scripts, rotate, bdist_rpm, upload, check, egg_info, build_py, install_egg_info
[3.548s] DEBUG:colcon.colcon_core.event_handler.log_command:Invoking command in '/home/nyctzo/dibyanshu_ws/build/mecanum_bringup': DEBUGINFOD_URLS=https://debuginfod.ubuntu.com PYTHONPATH=/home/nyctzo/dibyanshu_ws/build/mecanum_bringup/prefix_override:/usr/lib/python3/dist-packages/colcon_core/task/python/colcon_distutils_commands:/home/nyctzo/dibyanshu_ws/install/mecanum_bringup/lib/python3.12/site-packages:${PYTHONPATH} /usr/bin/python3 -W ignore:setup.py install is deprecated -W ignore:easy_install command is deprecated setup.py develop --uninstall --editable --build-directory /home/nyctzo/dibyanshu_ws/build/mecanum_bringup/build
[5.147s] DEBUG:colcon.colcon_core.event_handler.log_command:Invoked command in '/home/nyctzo/dibyanshu_ws/build/mecanum_bringup' returned '0': DEBUGINFOD_URLS=https://debuginfod.ubuntu.com PYTHONPATH=/home/nyctzo/dibyanshu_ws/build/mecanum_bringup/prefix_override:/usr/lib/python3/dist-packages/colcon_core/task/python/colcon_distutils_commands:/home/nyctzo/dibyanshu_ws/install/mecanum_bringup/lib/python3.12/site-packages:${PYTHONPATH} /usr/bin/python3 -W ignore:setup.py install is deprecated -W ignore:easy_install command is deprecated setup.py develop --uninstall --editable --build-directory /home/nyctzo/dibyanshu_ws/build/mecanum_bringup/build
[5.148s] DEBUG:colcon.colcon_core.event_handler.log_command:Invoking command in '/home/nyctzo/dibyanshu_ws/src/ros2_jazzy/src/mecanum_bringup': DEBUGINFOD_URLS=https://debuginfod.ubuntu.com PYTHONPATH=/home/nyctzo/dibyanshu_ws/build/mecanum_bringup/prefix_override:/usr/lib/python3/dist-packages/colcon_core/task/python/colcon_distutils_commands:/home/nyctzo/dibyanshu_ws/install/mecanum_bringup/lib/python3.12/site-packages:${PYTHONPATH} /usr/bin/python3 -W ignore:setup.py install is deprecated -W ignore:easy_install command is deprecated setup.py egg_info --egg-base ../../../../build/mecanum_bringup build --build-base /home/nyctzo/dibyanshu_ws/build/mecanum_bringup/build install --record /home/nyctzo/dibyanshu_ws/build/mecanum_bringup/install.log --install-scripts $base/lib/mecanum_bringup --single-version-externally-managed install_data --force
[6.597s] Level 1:colcon.colcon_core.environment:checking '/home/nyctzo/dibyanshu_ws/install/mecanum_bringup' for CMake module files
[6.598s] DEBUG:colcon.colcon_core.event_handler.log_command:Invoked command in '/home/nyctzo/dibyanshu_ws/src/ros2_jazzy/src/mecanum_bringup' returned '0': DEBUGINFOD_URLS=https://debuginfod.ubuntu.com PYTHONPATH=/home/nyctzo/dibyanshu_ws/build/mecanum_bringup/prefix_override:/usr/lib/python3/dist-packages/colcon_core/task/python/colcon_distutils_commands:/home/nyctzo/dibyanshu_ws/install/mecanum_bringup/lib/python3.12/site-packages:${PYTHONPATH} /usr/bin/python3 -W ignore:setup.py install is deprecated -W ignore:easy_install command is deprecated setup.py egg_info --egg-base ../../../../build/mecanum_bringup build --build-base /home/nyctzo/dibyanshu_ws/build/mecanum_bringup/build install --record /home/nyctzo/dibyanshu_ws/build/mecanum_bringup/install.log --install-scripts $base/lib/mecanum_bringup --single-version-externally-managed install_data --force
[6.599s] Level 1:colcon.colcon_core.environment:checking '/home/nyctzo/dibyanshu_ws/install/mecanum_bringup' for CMake config files
[6.600s] Level 1:colcon.colcon_core.environment:checking '/home/nyctzo/dibyanshu_ws/install/mecanum_bringup/lib'
[6.600s] Level 1:colcon.colcon_core.environment:checking '/home/nyctzo/dibyanshu_ws/install/mecanum_bringup/bin'
[6.600s] Level 1:colcon.colcon_core.environment:checking '/home/nyctzo/dibyanshu_ws/install/mecanum_bringup/lib/pkgconfig/mecanum_bringup.pc'
[6.601s] Level 1:colcon.colcon_core.environment:checking '/home/nyctzo/dibyanshu_ws/install/mecanum_bringup/lib/python3.12/site-packages'
[6.601s] Level 1:colcon.colcon_core.shell:create_environment_hook('mecanum_bringup', 'pythonpath')
[6.602s] INFO:colcon.colcon_core.shell:Creating environment hook '/home/nyctzo/dibyanshu_ws/install/mecanum_bringup/share/mecanum_bringup/hook/pythonpath.ps1'
[6.603s] INFO:colcon.colcon_core.shell:Creating environment descriptor '/home/nyctzo/dibyanshu_ws/install/mecanum_bringup/share/mecanum_bringup/hook/pythonpath.dsv'
[6.603s] INFO:colcon.colcon_core.shell:Creating environment hook '/home/nyctzo/dibyanshu_ws/install/mecanum_bringup/share/mecanum_bringup/hook/pythonpath.sh'
[6.605s] Level 1:colcon.colcon_core.environment:checking '/home/nyctzo/dibyanshu_ws/install/mecanum_bringup/bin'
[6.605s] Level 1:colcon.colcon_core.environment:create_environment_scripts_only(mecanum_bringup)
[6.606s] INFO:colcon.colcon_core.shell:Creating package script '/home/nyctzo/dibyanshu_ws/install/mecanum_bringup/share/mecanum_bringup/package.ps1'
[6.607s] INFO:colcon.colcon_core.shell:Creating package descriptor '/home/nyctzo/dibyanshu_ws/install/mecanum_bringup/share/mecanum_bringup/package.dsv'
[6.608s] INFO:colcon.colcon_core.shell:Creating package script '/home/nyctzo/dibyanshu_ws/install/mecanum_bringup/share/mecanum_bringup/package.sh'
[6.609s] INFO:colcon.colcon_core.shell:Creating package script '/home/nyctzo/dibyanshu_ws/install/mecanum_bringup/share/mecanum_bringup/package.bash'
[6.611s] INFO:colcon.colcon_core.shell:Creating package script '/home/nyctzo/dibyanshu_ws/install/mecanum_bringup/share/mecanum_bringup/package.zsh'
[6.612s] Level 1:colcon.colcon_core.environment:create_file_with_runtime_dependencies(/home/nyctzo/dibyanshu_ws/install/mecanum_bringup/share/colcon-core/packages/mecanum_bringup)
[6.613s] DEBUG:colcon.colcon_parallel_executor.executor.parallel:closing loop
[6.613s] DEBUG:colcon.colcon_parallel_executor.executor.parallel:loop closed
[6.613s] DEBUG:colcon.colcon_parallel_executor.executor.parallel:run_until_complete finished with '0'
[6.614s] DEBUG:colcon.colcon_core.event_reactor:joining thread
[6.653s] INFO:colcon.colcon_core.plugin_system:Skipping extension 'colcon_notification.desktop_notification.terminal_notifier': Not used on non-Darwin systems
[6.653s] INFO:colcon.colcon_core.plugin_system:Skipping extension 'colcon_notification.desktop_notification.win32': Not used on non-Windows systems
[6.653s] INFO:colcon.colcon_notification.desktop_notification:Sending desktop notification using 'notify2'
[6.686s] DEBUG:colcon.colcon_core.event_reactor:joined thread
[6.687s] INFO:colcon.colcon_core.shell:Creating prefix script '/home/nyctzo/dibyanshu_ws/install/local_setup.ps1'
[6.690s] INFO:colcon.colcon_core.shell:Creating prefix util module '/home/nyctzo/dibyanshu_ws/install/_local_setup_util_ps1.py'
[6.693s] INFO:colcon.colcon_core.shell:Creating prefix chain script '/home/nyctzo/dibyanshu_ws/install/setup.ps1'
[6.697s] INFO:colcon.colcon_core.shell:Creating prefix script '/home/nyctzo/dibyanshu_ws/install/local_setup.sh'
[6.699s] INFO:colcon.colcon_core.shell:Creating prefix util module '/home/nyctzo/dibyanshu_ws/install/_local_setup_util_sh.py'
[6.701s] INFO:colcon.colcon_core.shell:Creating prefix chain script '/home/nyctzo/dibyanshu_ws/install/setup.sh'
[6.704s] INFO:colcon.colcon_core.shell:Creating prefix script '/home/nyctzo/dibyanshu_ws/install/local_setup.bash'
[6.706s] INFO:colcon.colcon_core.shell:Creating prefix chain script '/home/nyctzo/dibyanshu_ws/install/setup.bash'
[6.709s] INFO:colcon.colcon_core.shell:Creating prefix script '/home/nyctzo/dibyanshu_ws/install/local_setup.zsh'
[6.710s] INFO:colcon.colcon_core.shell:Creating prefix chain script '/home/nyctzo/dibyanshu_ws/install/setup.zsh'
