[0.227s] Invoking command in '/home/nyctzo/dibyanshu_ws/build/mecanum_wheel': CMAKE_PREFIX_PATH=${CMAKE_PREFIX_PATH}:/home/nyctzo/dibyanshu_ws/install/my_first_pkg:/home/nyctzo/dibyanshu_ws/install/mecanum_bringup:/home/nyctzo/ros2_ws/install/mecanum_teleop:/opt/ros/jazzy DEBUGINFOD_URLS=https://debuginfod.ubuntu.com /usr/bin/cmake --build /home/nyctzo/dibyanshu_ws/build/mecanum_wheel -- -j12 -l12
[0.473s] Invoked command in '/home/nyctzo/dibyanshu_ws/build/mecanum_wheel' returned '0': CMAKE_PREFIX_PATH=${CMAKE_PREFIX_PATH}:/home/nyctzo/dibyanshu_ws/install/my_first_pkg:/home/nyctzo/dibyanshu_ws/install/mecanum_bringup:/home/nyctzo/ros2_ws/install/mecanum_teleop:/opt/ros/jazzy DEBUGINFOD_URLS=https://debuginfod.ubuntu.com /usr/bin/cmake --build /home/nyctzo/dibyanshu_ws/build/mecanum_wheel -- -j12 -l12
[0.474s] Invoking command in '/home/nyctzo/dibyanshu_ws/build/mecanum_wheel': CMAKE_PREFIX_PATH=${CMAKE_PREFIX_PATH}:/home/nyctzo/dibyanshu_ws/install/my_first_pkg:/home/nyctzo/dibyanshu_ws/install/mecanum_bringup:/home/nyctzo/ros2_ws/install/mecanum_teleop:/opt/ros/jazzy DEBUGINFOD_URLS=https://debuginfod.ubuntu.com /usr/bin/cmake --install /home/nyctzo/dibyanshu_ws/build/mecanum_wheel
[0.486s] -- Install configuration: ""
[0.486s] -- Execute custom install script
[0.487s] -- Up-to-date symlink: /home/nyctzo/dibyanshu_ws/install/mecanum_wheel/share/mecanum_wheel/config/nav2_params.yaml
[0.487s] -- Up-to-date symlink: /home/nyctzo/dibyanshu_ws/install/mecanum_wheel/share/mecanum_wheel/config/slam_toolbox_params.yaml
[0.487s] -- Up-to-date symlink: /home/nyctzo/dibyanshu_ws/install/mecanum_wheel/share/mecanum_wheel/launch/display.launch.py
[0.488s] -- Up-to-date symlink: /home/nyctzo/dibyanshu_ws/install/mecanum_wheel/share/mecanum_wheel/launch/gazebo_robot.launch.py
[0.488s] -- Up-to-date symlink: /home/nyctzo/dibyanshu_ws/install/mecanum_wheel/share/mecanum_wheel/launch/nav2.launch.py
[0.488s] -- Up-to-date symlink: /home/nyctzo/dibyanshu_ws/install/mecanum_wheel/share/mecanum_wheel/launch/slam.launch.py
[0.489s] -- Up-to-date symlink: /home/nyctzo/dibyanshu_ws/install/mecanum_wheel/share/mecanum_wheel/maps/empty_map.pgm
[0.489s] -- Up-to-date symlink: /home/nyctzo/dibyanshu_ws/install/mecanum_wheel/share/mecanum_wheel/maps/empty_map.yaml
[0.489s] -- Up-to-date symlink: /home/nyctzo/dibyanshu_ws/install/mecanum_wheel/share/mecanum_wheel/rviz/mecanum_robot.rviz
[0.490s] -- Up-to-date symlink: /home/nyctzo/dibyanshu_ws/install/mecanum_wheel/share/mecanum_wheel/urdf/robot_model.xacro
[0.490s] -- Up-to-date symlink: /home/nyctzo/dibyanshu_ws/install/mecanum_wheel/share/mecanum_wheel/worlds/robot_model_world.sdf
[0.490s] -- Up-to-date symlink: /home/nyctzo/dibyanshu_ws/install/mecanum_wheel/share/ament_index/resource_index/package_run_dependencies/mecanum_wheel
[0.491s] -- Up-to-date symlink: /home/nyctzo/dibyanshu_ws/install/mecanum_wheel/share/ament_index/resource_index/parent_prefix_path/mecanum_wheel
[0.491s] -- Up-to-date symlink: /home/nyctzo/dibyanshu_ws/install/mecanum_wheel/share/mecanum_wheel/environment/ament_prefix_path.sh
[0.491s] -- Up-to-date symlink: /home/nyctzo/dibyanshu_ws/install/mecanum_wheel/share/mecanum_wheel/environment/ament_prefix_path.dsv
[0.491s] -- Up-to-date symlink: /home/nyctzo/dibyanshu_ws/install/mecanum_wheel/share/mecanum_wheel/environment/path.sh
[0.491s] -- Up-to-date symlink: /home/nyctzo/dibyanshu_ws/install/mecanum_wheel/share/mecanum_wheel/environment/path.dsv
[0.491s] -- Up-to-date symlink: /home/nyctzo/dibyanshu_ws/install/mecanum_wheel/share/mecanum_wheel/local_setup.bash
[0.491s] -- Up-to-date symlink: /home/nyctzo/dibyanshu_ws/install/mecanum_wheel/share/mecanum_wheel/local_setup.sh
[0.491s] -- Up-to-date symlink: /home/nyctzo/dibyanshu_ws/install/mecanum_wheel/share/mecanum_wheel/local_setup.zsh
[0.491s] -- Up-to-date symlink: /home/nyctzo/dibyanshu_ws/install/mecanum_wheel/share/mecanum_wheel/local_setup.dsv
[0.492s] -- Symlinking: /home/nyctzo/dibyanshu_ws/install/mecanum_wheel/share/mecanum_wheel/package.dsv
[0.501s] -- Up-to-date symlink: /home/nyctzo/dibyanshu_ws/install/mecanum_wheel/share/ament_index/resource_index/packages/mecanum_wheel
[0.502s] -- Up-to-date symlink: /home/nyctzo/dibyanshu_ws/install/mecanum_wheel/share/mecanum_wheel/cmake/mecanum_wheelConfig.cmake
[0.502s] -- Up-to-date symlink: /home/nyctzo/dibyanshu_ws/install/mecanum_wheel/share/mecanum_wheel/cmake/mecanum_wheelConfig-version.cmake
[0.502s] -- Up-to-date symlink: /home/nyctzo/dibyanshu_ws/install/mecanum_wheel/share/mecanum_wheel/package.xml
[0.505s] Invoked command in '/home/nyctzo/dibyanshu_ws/build/mecanum_wheel' returned '0': CMAKE_PREFIX_PATH=${CMAKE_PREFIX_PATH}:/home/nyctzo/dibyanshu_ws/install/my_first_pkg:/home/nyctzo/dibyanshu_ws/install/mecanum_bringup:/home/nyctzo/ros2_ws/install/mecanum_teleop:/opt/ros/jazzy DEBUGINFOD_URLS=https://debuginfod.ubuntu.com /usr/bin/cmake --install /home/nyctzo/dibyanshu_ws/build/mecanum_wheel
