-- The C compiler identification is GNU 13.3.0
-- The CXX compiler identification is GNU 13.3.0
-- Detecting C compiler ABI info
-- Detecting C compiler ABI info - done
-- Check for working C compiler: /usr/bin/cc - skipped
-- Detecting C compile features
-- Detecting C compile features - done
-- Detecting CXX compiler ABI info
-- Detecting CXX compiler ABI info - done
-- Check for working CXX compiler: /usr/bin/c++ - skipped
-- Detecting CXX compile features
-- Detecting CXX compile features - done
-- Found ament_cmake: 2.5.6 (/opt/ros/jazzy/share/ament_cmake/cmake)
-- Found Python3: /usr/bin/python3 (found version "3.12.3") found components: Interpreter 
-- Override CMake install command with custom implementation using symlinks instead of copying resources
-- Configuring done (1.8s)
-- Generating done (0.0s)
-- Build files have been written to: /home/nyctzo/dibyanshu_ws/build/my_robot_description
-- Install configuration: ""
-- Execute custom install script
-- Symlinking: /home/nyctzo/dibyanshu_ws/install/my_robot_description/share/my_robot_description/urdf/robot_model.xacro
-- Symlinking: /home/nyctzo/dibyanshu_ws/install/my_robot_description/share/my_robot_description/urdf/ros2_control.xacro
-- Symlinking: /home/nyctzo/dibyanshu_ws/install/my_robot_description/share/my_robot_description/launch/gazebo_robot.launch.py
-- Symlinking: /home/nyctzo/dibyanshu_ws/install/my_robot_description/share/my_robot_description/rviz/.gitkeep
-- Symlinking: /home/nyctzo/dibyanshu_ws/install/my_robot_description/share/my_robot_description/worlds/robot_model_world.sdf
-- Symlinking: /home/nyctzo/dibyanshu_ws/install/my_robot_description/share/my_robot_description/config/controllers.yaml
-- Symlinking: /home/nyctzo/dibyanshu_ws/install/my_robot_description/share/ament_index/resource_index/package_run_dependencies/my_robot_description
-- Symlinking: /home/nyctzo/dibyanshu_ws/install/my_robot_description/share/ament_index/resource_index/parent_prefix_path/my_robot_description
-- Symlinking: /home/nyctzo/dibyanshu_ws/install/my_robot_description/share/my_robot_description/environment/ament_prefix_path.sh
-- Symlinking: /home/nyctzo/dibyanshu_ws/install/my_robot_description/share/my_robot_description/environment/ament_prefix_path.dsv
-- Symlinking: /home/nyctzo/dibyanshu_ws/install/my_robot_description/share/my_robot_description/environment/path.sh
-- Symlinking: /home/nyctzo/dibyanshu_ws/install/my_robot_description/share/my_robot_description/environment/path.dsv
-- Symlinking: /home/nyctzo/dibyanshu_ws/install/my_robot_description/share/my_robot_description/local_setup.bash
-- Symlinking: /home/nyctzo/dibyanshu_ws/install/my_robot_description/share/my_robot_description/local_setup.sh
-- Symlinking: /home/nyctzo/dibyanshu_ws/install/my_robot_description/share/my_robot_description/local_setup.zsh
-- Symlinking: /home/nyctzo/dibyanshu_ws/install/my_robot_description/share/my_robot_description/local_setup.dsv
-- Symlinking: /home/nyctzo/dibyanshu_ws/install/my_robot_description/share/my_robot_description/package.dsv
-- Symlinking: /home/nyctzo/dibyanshu_ws/install/my_robot_description/share/ament_index/resource_index/packages/my_robot_description
-- Symlinking: /home/nyctzo/dibyanshu_ws/install/my_robot_description/share/my_robot_description/cmake/my_robot_descriptionConfig.cmake
-- Symlinking: /home/nyctzo/dibyanshu_ws/install/my_robot_description/share/my_robot_description/cmake/my_robot_descriptionConfig-version.cmake
-- Symlinking: /home/nyctzo/dibyanshu_ws/install/my_robot_description/share/my_robot_description/package.xml
