-- Found ament_cmake: 2.5.6 (/opt/ros/jazzy/share/ament_cmake/cmake)
-- Override CMake install command with custom implementation using symlinks instead of copying resources
-- Found rclcpp: 28.1.21 (/opt/ros/jazzy/share/rclcpp/cmake)
-- Found rosidl_generator_c: 4.6.9 (/opt/ros/jazzy/share/rosidl_generator_c/cmake)
-- Found rosidl_generator_cpp: 4.6.9 (/opt/ros/jazzy/share/rosidl_generator_cpp/cmake)
-- Using all available rosidl_typesupport_c: rosidl_typesupport_fastrtps_c;rosidl_typesupport_introspection_c
-- Using all available rosidl_typesupport_cpp: rosidl_typesupport_fastrtps_cpp;rosidl_typesupport_introspection_cpp
-- Found rmw_implementation_cmake: 7.3.3 (/opt/ros/jazzy/share/rmw_implementation_cmake/cmake)
-- Found rmw_fastrtps_cpp: 8.4.4 (/opt/ros/jazzy/share/rmw_fastrtps_cpp/cmake)
-- Using RMW implementation 'rmw_fastrtps_cpp' as default
-- Found geometry_msgs: 5.3.8 (/opt/ros/jazzy/share/geometry_msgs/cmake)
-- Configuring done (0.5s)
-- Generating done (0.0s)
-- Build files have been written to: /home/nyctzo/dibyanshu_ws/build/mecanum_control
[100%] Built target mecanum_control_node
-- Install configuration: ""
-- Execute custom install script
-- Up-to-date symlink: /home/nyctzo/dibyanshu_ws/install/mecanum_control/lib/mecanum_control/mecanum_control_node
-- Up-to-date symlink: /home/nyctzo/dibyanshu_ws/install/mecanum_control/share/ament_index/resource_index/package_run_dependencies/mecanum_control
-- Up-to-date symlink: /home/nyctzo/dibyanshu_ws/install/mecanum_control/share/ament_index/resource_index/parent_prefix_path/mecanum_control
-- Up-to-date symlink: /home/nyctzo/dibyanshu_ws/install/mecanum_control/share/mecanum_control/environment/ament_prefix_path.sh
-- Up-to-date symlink: /home/nyctzo/dibyanshu_ws/install/mecanum_control/share/mecanum_control/environment/ament_prefix_path.dsv
-- Up-to-date symlink: /home/nyctzo/dibyanshu_ws/install/mecanum_control/share/mecanum_control/environment/path.sh
-- Up-to-date symlink: /home/nyctzo/dibyanshu_ws/install/mecanum_control/share/mecanum_control/environment/path.dsv
-- Up-to-date symlink: /home/nyctzo/dibyanshu_ws/install/mecanum_control/share/mecanum_control/local_setup.bash
-- Up-to-date symlink: /home/nyctzo/dibyanshu_ws/install/mecanum_control/share/mecanum_control/local_setup.sh
-- Up-to-date symlink: /home/nyctzo/dibyanshu_ws/install/mecanum_control/share/mecanum_control/local_setup.zsh
-- Up-to-date symlink: /home/nyctzo/dibyanshu_ws/install/mecanum_control/share/mecanum_control/local_setup.dsv
-- Symlinking: /home/nyctzo/dibyanshu_ws/install/mecanum_control/share/mecanum_control/package.dsv
-- Up-to-date symlink: /home/nyctzo/dibyanshu_ws/install/mecanum_control/share/ament_index/resource_index/packages/mecanum_control
-- Up-to-date symlink: /home/nyctzo/dibyanshu_ws/install/mecanum_control/share/mecanum_control/cmake/mecanum_controlConfig.cmake
-- Up-to-date symlink: /home/nyctzo/dibyanshu_ws/install/mecanum_control/share/mecanum_control/cmake/mecanum_controlConfig-version.cmake
-- Up-to-date symlink: /home/nyctzo/dibyanshu_ws/install/mecanum_control/share/mecanum_control/package.xml
