[3.064s] Invoking command in '/home/nyctzo/dibyanshu_ws/build/my_first_pkg': DEBUGINFOD_URLS=https://debuginfod.ubuntu.com PYTHONPATH=/home/nyctzo/dibyanshu_ws/build/my_first_pkg/prefix_override:/usr/lib/python3/dist-packages/colcon_core/task/python/colcon_distutils_commands:/home/nyctzo/dibyanshu_ws/install/my_first_pkg/lib/python3.12/site-packages:${PYTHONPATH} /usr/bin/python3 -W ignore:setup.py install is deprecated -W ignore:easy_install command is deprecated setup.py develop --editable --build-directory /home/nyctzo/dibyanshu_ws/build/my_first_pkg/build --no-deps symlink_data
[3.882s] running develop
[4.327s] running egg_info
[4.327s] creating my_first_pkg.egg-info
[4.374s] writing my_first_pkg.egg-info/PKG-INFO
[4.375s] writing dependency_links to my_first_pkg.egg-info/dependency_links.txt
[4.375s] writing requirements to my_first_pkg.egg-info/requires.txt
[4.375s] writing top-level names to my_first_pkg.egg-info/top_level.txt
[4.375s] writing manifest file 'my_first_pkg.egg-info/SOURCES.txt'
[4.472s] reading manifest file 'my_first_pkg.egg-info/SOURCES.txt'
[4.473s] writing manifest file 'my_first_pkg.egg-info/SOURCES.txt'
[4.525s] running build_ext
[4.525s] Creating /home/nyctzo/dibyanshu_ws/install/my_first_pkg/lib/python3.12/site-packages/my-first-pkg.egg-link (link to .)
[4.526s] 
[4.526s] Installed /home/nyctzo/dibyanshu_ws/build/my_first_pkg
[4.526s] running symlink_data
[4.526s] creating /home/nyctzo/dibyanshu_ws/install/my_first_pkg/share/ament_index
[4.526s] creating /home/nyctzo/dibyanshu_ws/install/my_first_pkg/share/ament_index/resource_index
[4.527s] creating /home/nyctzo/dibyanshu_ws/install/my_first_pkg/share/ament_index/resource_index/packages
[4.527s] symbolically linking /home/nyctzo/dibyanshu_ws/build/my_first_pkg/resource/my_first_pkg -> /home/nyctzo/dibyanshu_ws/install/my_first_pkg/share/ament_index/resource_index/packages
[4.527s] symbolically linking /home/nyctzo/dibyanshu_ws/build/my_first_pkg/package.xml -> /home/nyctzo/dibyanshu_ws/install/my_first_pkg/share/my_first_pkg
[4.620s] Invoked command in '/home/nyctzo/dibyanshu_ws/build/my_first_pkg' returned '0': DEBUGINFOD_URLS=https://debuginfod.ubuntu.com PYTHONPATH=/home/nyctzo/dibyanshu_ws/build/my_first_pkg/prefix_override:/usr/lib/python3/dist-packages/colcon_core/task/python/colcon_distutils_commands:/home/nyctzo/dibyanshu_ws/install/my_first_pkg/lib/python3.12/site-packages:${PYTHONPATH} /usr/bin/python3 -W ignore:setup.py install is deprecated -W ignore:easy_install command is deprecated setup.py develop --editable --build-directory /home/nyctzo/dibyanshu_ws/build/my_first_pkg/build --no-deps symlink_data
